Assignment  : CS 260, Fall 2019, Lab Test

Student 01: 102.1: 15, 16, 18, 17.1, 16, 17, 3, 
Student 02: 82: 15, 16, 13.95, 11.7, 16, 9.35, 0, 
Student 03: 77.39: 15, 16, 9.72, 10.8, 13.52, 9.35, 3, 
Student 04: 77.5: 15, 4.8, 9.9, 18, 12.8, 17, 0, 
Student 05: 34.4: 3.75, 4, 5.4, 7.2, 6.4, 7.65, 0, 
Student 06: 105: 15, 16, 18, 18, 16, 17, 5, 
Student 07: 71.62: 15, 16, 13.77, 8.1, 6.4, 9.35, 3, 
Student 08: 66.57: 15, 16, 8.1, 8.1, 8.32, 11.05, 0, 
Student 09: 92.77: 9, 16, 13.77, 18, 16, 17, 3, 
Student 10: 64.87: 15, 5.6, 13.77, 10.8, 11.2, 8.5, 0, 
Student 11: 90.45: 15, 16, 18, 18, 10.4, 11.05, 2, 
Student 12: 50: 6.75, 14.4, 5.4, 12.6, 3.2, 7.65, 0, 
Student 13: 88.1: 15, 14.4, 13.95, 18, 14.4, 9.35, 3, 
Student 14: 79.3: 8.25, 16, 18, 12.6, 10.4, 11.05, 3, 
Student 15: 83.35: 15, 16, 9.9, 18, 10.4, 11.05, 3, 
Student 16: 81.82: 15, 16, 13.77, 12.6, 10.4, 11.05, 3, 
Student 17: 90.5: 15, 16, 18, 12.6, 10.4, 17, 1.5, 
Student 18: 81.75: 6.75, 14.4, 13.95, 17.1, 16, 11.05, 2.5, 
Student 19: 98.4: 15, 16, 18, 18, 14.4, 17, 0, 
Student 20: 103: 15, 16, 18, 18, 16, 17, 3, 
Student 21: 82.45: 15, 16, 18, 15.3, 8.8, 9.35, 0, 
Student 22: 79.57: 15, 16, 18, 11.52, 8, 11.05, 0, 
Student 23: 91.45: 15, 16, 18, 18, 10.4, 11.05, 3, 
Student 24: 41.45: 15, 3.2, 5.4, 3.6, 3.2, 11.05, 0, 
Student 25: 75.45: 9, 16, 18, 12.6, 8.8, 11.05, 0, 
Student 26: 97.9: 15, 16, 18, 18, 10.4, 17, 3.5, 
Student 27: 64.97: 6.75, 16, 13.77, 9, 6.4, 11.05, 2, 
Student 28: 91.65: 15, 16, 18, 12.6, 16, 11.05, 3, 
Student 29 (added by instructor): 77.74: 15, 16, 13.77, 11.52, 10.4, 11.05, 0, 
Student 30 (added by instructor): 36.77: 2.25, 3.2, 13.77, 3.6, 4.8, 7.65, 1.5, 
Student 31: 67.35: 15, 16, 8.1, 10.8, 6.4, 11.05, 0, 
STUDENT 32: 80.3: 5.25, 16, 18, 12.6, 14.4, 11.05, 3, 
Student 33: 86.42: 15, 16, 13.77, 12.6, 16, 11.05, 2, 
Student 34: 99.6: 15, 16, 18, 16.2, 14.4, 17, 3, 
Student 35: 89.55: 12, 16, 13.95, 18, 9.6, 17, 3, 
Student 36: 89.95: 15, 16, 18, 12.6, 16, 9.35, 3, 
Student 37: 89.37: 15, 16, 18, 13.32, 16, 11.05, 0, 
Student 38: 93: 15, 16, 13.95, 18, 16, 11.05, 3, 
Student 39: 88.95: 15, 16, 9.9, 18, 16, 11.05, 3, 
Student 40: 97.05: 15, 16, 18, 18, 16, 11.05, 3, 
Student 41: 91.45: 15, 16, 18, 18, 10.4, 11.05, 3, 
Student 42: 57.82: 13.5, 4.8, 13.77, 9.9, 4.8, 11.05, 0, 
Student 43: 56.85: 15, 4.8, 5.4, 7.2, 10.4, 11.05, 3, 
STUDENT 44: 105: 15, 16, 18, 18, 16, 17, 5, 
Student 45: 92.3: 8.25, 16, 18, 18, 16, 11.05, 5, 
Student 46: 93.55: 15, 16, 13.95, 12.6, 16, 17, 3, 
Student 47: 90.05: 15, 16, 18, 12.6, 14.4, 11.05, 3, 
Student 48: 83.05: 15, 16, 18, 12.6, 10.4, 11.05, 0, 
Student 49: 45.4: 5.25, 5.6, 6.3, 9, 7.2, 11.05, 1, 
Student 50: 89.6: 9, 16, 18, 16.2, 10.4, 17, 3, 
