Assignment  : CS 260, Spring 2019, Lab Test
Student Name: Luke Baldwin
Answer File : baldwinluke_142713_3894634_Baldwilc9041-1.sql
Total Points: 74.55

Your answers, evaluation and points follow.

1: SELECT C.CUSTID, C.FNAME, C.LNAME, A.ACCCLOSEDDATE
FROM CUSTOMER C
JOIN ACCOUNT A ON(C.CUSTID = A.CUSTOMER)
WHERE A.ACCOPENLOCATION = 'Central'
AND A.ACCCLOSEDDATE >= '01-JAN-2018'

Marks given: 15 of maximum 15

Answer compiles without errors: 1.5 / 1.5
Answer has at least SELECT and FROM: 2.25 / 2.25
Answer has same row count as desired query: 1.5 / 1.5
Answer has same column count as desired result query: 1.5 / 1.5
Answer has appropriate number of tables used: 1.5 / 1.5
Answer has appropriate number of WHERE keyword: 1.5 / 1.5
Answer has same result set content as desired query: 5.25 / 5.25

2: SELECT ACCOPENLOCATION, ACCSTATUS, COUNT(ACCSTATUS)
FROM ACCOUNT
GROUP BY ACCOPENLOCATION, ACCSTATUS
ORDER BY ACCSTATUS ASC

Marks given: 16 of maximum 16

Answer compiles without errors: 2.4 / 2.4
Answer has at least SELECT and FROM: 1.6 / 1.6
Answer has appropriate number of GROUP BY keywords: 1.6 / 1.6
Answer has appropriate number of ORDER BY keywords: 1.6 / 1.6
Answer has same column count as desired result query: 1.6 / 1.6
Answer has same result set content as desired query: 7.2 / 7.2

3: SELECT A.ACCNUMBER, A.ACCBALANCE
FROM ACCOUNT A
WHERE A.ACCBALANCE >
  (SELECT AVG(A1.ACCBALANCE)
   FROM ACCOUNT A1
   WHERE A.ACCTYPE = A1.ACCTYPE)
   ORDER BY A.ACCNUMBER ASC

Marks given: 8.1 of maximum 18

Answer compiles without errors: 2.7 / 2.7
Answer has at least SELECT and FROM: 1.8 / 1.8
Answer has appropriate number of AVG keyword: 1.8 / 1.8
Answer has appropriate number of tables used: 1.8 / 1.8
Answer has same column count as desired result query: 0 / 1.8
Answer has same result set content as desired query: 0 / 8.1

4: SELECT T1.TRANSLOCATION AVG(T2.TRANSLOCATION)
FROM TRANSACTION T1
WHERE T1.TRANSAMOUNT >
  (SELECT AVG(T2.TRANSAMOUNT)
   FROM TRANSACTION T2
   WHERE T2.TRANSLOCATION = T1.TRANSLOCATION)
   GROUP BY T1.TRANSLOCATION

Marks given: 5.4 of maximum 18

Answer compiles without errors: 0 / 2.7
Answer has at least SELECT and FROM: 1.8 / 1.8
Answer has appropriate number of AVG keyword: 0 / 1.8
Answer has appropriate number of GROUP BY keywords: 1.8 / 1.8
Answer has appropriate number of ORDER BY keywords: 0 / 1.8
Answer has appropriate number of DESC keyword: 0 / 0.9
Answer has appropriate number of tables used: 1.8 / 1.8
Answer has same result set content as desired query: 0 / 5.4

5: SELECT C.CUSTID, C.FNAME, C.LNAME, MAX(T.TRANSAMOUNT)
FROM CUSTOMER C
JOIN ACCOUNT A ON (A.CUSTOMER = C.CUSTID)
JOIN TRANSACTION T ON(T.ACCNUMBER= A.ACCNUMBER)
WHERE T.TRANSTYPE = 'w'
AND A.ACCTYPE = 'savings'
--AND A.ACCSTATUS = 'Active'
GROUP BY C.CUSTID, C.FNAME, C.LNAME
ORDER BY C.CUSTID ASC

Marks given: 16 of maximum 16

Answer compiles without errors: 1.6 / 1.6
Answer has at least SELECT and FROM: 1.6 / 1.6
Answer has appropriate number of MAX keyword: 1.6 / 1.6
Answer has appropriate number of GROUP BY keywords: 1.6 / 1.6
Answer has appropriate number of ORDER BY keywords: 1.6 / 1.6
Answer has appropriate number of tables used: 1.6 / 1.6
Answer has same column count as desired result query: 0.8 / 0.8
Answer has same result set content as desired query: 5.6 / 5.6

6: SELECT C.CUSTID, C.FNAME, C.LNAME
FROM CUSTOMER C
LEFT OUTER JOIN ACCOUNT A ON(A.CUSTOMER = C.CUSTID)
WHERE A.ACCSTATUS != 'Active'

Marks given: 11.05 of maximum 17

Answer compiles without errors: 1.7 / 1.7
Answer has at least SELECT and FROM: 2.55 / 2.55
Answer has appropriate number of WHERE keyword: 2.55 / 2.55
Answer has appropriate number of tables used: 2.55 / 2.55
Answer has same column count as desired result query: 1.7 / 1.7
Answer has same result set content as desired query: 0 / 5.95

7: SELECT T.TRANSLOCATION, COUNT(T.TRANSLOCATION)
FROM TRANSACTION T
RIGHT OUTER JOIN ACCOUNT A 
ON(A.ACCOPENLOCATION = T.TRANSLOCATION)
GROUP BY T.TRANSLOCATION
ORDER BY T.TRANSLOCATION ASC

Marks given: 3 of maximum 5

Answer compiles without errors: 0.5 / 0.5
Answer has at least SELECT and FROM: 0.5 / 0.5
Answer has appropriate number of OUTER/LEFT/RIGHT/BOTH keywords: 0.5 / 0.5
Answer has appropriate number of GROUP BY keywords: 0.5 / 0.5
Answer has appropriate number of tables used: 0.5 / 0.5
Answer has appropriate number of COUNT keyword: 0.5 / 0.5
Answer has appropriate number of DISTINCT keyword: 0 / 0.5
Answer has same result set content as desired query: 0 / 1.5

