Assignment  : CS 260, Spring 2019, Lab Test
Student Name: Bryant Callaghan
Answer File : callaghanbryant_35924_3894427_CALLAGHB0612-1.sql
Total Points: 95.6

Your answers, evaluation and points follow.

1: SELECT c.CustID, c.FName, c.LName, a.AccClosedDate
FROM Customer c
JOIN Account a ON (c.CustID=a.Customer)
WHERE a.AccOpenLocation='Central' AND a.AccClosedDate>='01-JAN-2018'

Marks given: 15 of maximum 15

Answer compiles without errors: 1.5 / 1.5
Answer has at least SELECT and FROM: 2.25 / 2.25
Answer has same row count as desired query: 1.5 / 1.5
Answer has same column count as desired result query: 1.5 / 1.5
Answer has appropriate number of tables used: 1.5 / 1.5
Answer has appropriate number of WHERE keyword: 1.5 / 1.5
Answer has same result set content as desired query: 5.25 / 5.25

2: SELECT acc.AccOpenLocation, acc.AccStatus, COUNT(acc.AccNumber)
FROM Account acc
GROUP BY acc.AccOpenLocation, acc.AccStatus
ORDER BY acc.AccOpenLocation, acc.AccStatus

Marks given: 16 of maximum 16

Answer compiles without errors: 2.4 / 2.4
Answer has at least SELECT and FROM: 1.6 / 1.6
Answer has appropriate number of GROUP BY keywords: 1.6 / 1.6
Answer has appropriate number of ORDER BY keywords: 1.6 / 1.6
Answer has same column count as desired result query: 1.6 / 1.6
Answer has same result set content as desired query: 7.2 / 7.2

3: SELECT ac.AccNumber
FROM Account ac
WHERE ac.AccBalance > 
  (SELECT AVG(acc.ACCBALANCE)
  FROM Account acc
  WHERE ac.AccType = acc.AccType
  GROUP BY acc.AccType)
ORDER BY ac.AccNumber

Marks given: 18 of maximum 18

Answer compiles without errors: 2.7 / 2.7
Answer has at least SELECT and FROM: 1.8 / 1.8
Answer has appropriate number of AVG keyword: 1.8 / 1.8
Answer has appropriate number of tables used: 1.8 / 1.8
Answer has same column count as desired result query: 1.8 / 1.8
Answer has same result set content as desired query: 8.1 / 8.1

4: SELECT t.TransLocation, AVG(t.TransAmount)
FROM Transaction t
WHERE t.TransAmount < 
  (SELECT AVG(tr.TransAmount)
  FROM Transaction tr)
GROUP BY t.TransLocation
ORDER BY AVG(t.TransAmount)

Marks given: 11.7 of maximum 18

Answer compiles without errors: 2.7 / 2.7
Answer has at least SELECT and FROM: 1.8 / 1.8
Answer has appropriate number of AVG keyword: 1.8 / 1.8
Answer has appropriate number of GROUP BY keywords: 1.8 / 1.8
Answer has appropriate number of ORDER BY keywords: 1.8 / 1.8
Answer has appropriate number of DESC keyword: 0 / 0.9
Answer has appropriate number of tables used: 1.8 / 1.8
Answer has same result set content as desired query: 0 / 5.4

5: SELECT c.CustID, c.FName, c.LName, MAX(t.TransAmount)
FROM Customer c
JOIN Account ac ON(c.CustID=ac.Customer)
JOIN Transaction t ON (ac.AccNumber=t.AccNumber)
WHERE t.TransType='w' AND ac.AccType='savings'
GROUP BY c.CustID, c.FName, c.LName

Marks given: 14.4 of maximum 16

Answer compiles without errors: 1.6 / 1.6
Answer has at least SELECT and FROM: 1.6 / 1.6
Answer has appropriate number of MAX keyword: 1.6 / 1.6
Answer has appropriate number of GROUP BY keywords: 1.6 / 1.6
Answer has appropriate number of ORDER BY keywords: 0 / 1.6
Answer has appropriate number of tables used: 1.6 / 1.6
Answer has same column count as desired result query: 0.8 / 0.8
Answer has same result set content as desired query: 5.6 / 5.6

6: SELECT c.CustID, c.FName, c.LName
FROM Customer c
WHERE c.CustID NOT IN
  (SELECT DISTINCT cc.CustID
  FROM Customer cc
  JOIN Account ac ON(cc.CustID=ac.Customer)
  WHERE ac.AccStatus='Active')

Marks given: 17 of maximum 17

Answer compiles without errors: 1.7 / 1.7
Answer has at least SELECT and FROM: 2.55 / 2.55
Answer has appropriate number of WHERE keyword: 2.55 / 2.55
Answer has appropriate number of tables used: 2.55 / 2.55
Answer has same column count as desired result query: 1.7 / 1.7
Answer has same result set content as desired query: 5.95 / 5.95

7: SELECT t.TransLocation, COUNT(DISTINCT ac.AccNumber)
FROM Account ac
FULL OUTER JOIN Transaction t ON (t.AccNumber=ac.AccNumber)
GROUP BY t.TransLocation

Marks given: 3.5 of maximum 5

Answer compiles without errors: 0.5 / 0.5
Answer has at least SELECT and FROM: 0.5 / 0.5
Answer has appropriate number of OUTER/LEFT/RIGHT/BOTH keywords: 0.5 / 0.5
Answer has appropriate number of GROUP BY keywords: 0.5 / 0.5
Answer has appropriate number of tables used: 0.5 / 0.5
Answer has appropriate number of COUNT keyword: 0.5 / 0.5
Answer has appropriate number of DISTINCT keyword: 0.5 / 0.5
Answer has same result set content as desired query: 0 / 1.5

