Assignment  : CS 260, Spring 2019, Lab Test
Student Name: Levi Cavagnetto
Answer File : cavagnettolevi_37540_3894504_CAVAGNLP9447-1.sql
Total Points: 72.95

Your answers, evaluation and points follow.

1: SELECT custid, fname, lname, acccloseddate
FROM Customer
JOIN Account
ON Customer.custid = Account.customer
WHERE Account.accopenlocation = 'Central' AND Account.acccloseddate >= '01-JAN-2018'

Marks given: 15 of maximum 15

Answer compiles without errors: 1.5 / 1.5
Answer has at least SELECT and FROM: 2.25 / 2.25
Answer has same row count as desired query: 1.5 / 1.5
Answer has same column count as desired result query: 1.5 / 1.5
Answer has appropriate number of tables used: 1.5 / 1.5
Answer has appropriate number of WHERE keyword: 1.5 / 1.5
Answer has same result set content as desired query: 5.25 / 5.25

2: SELECT accopenlocation, accstatus, COUNT(accstatus)
FROM Account
GROUP BY accopenlocation, accstatus
ORDER BY accopenlocation ASC

Marks given: 16 of maximum 16

Answer compiles without errors: 2.4 / 2.4
Answer has at least SELECT and FROM: 1.6 / 1.6
Answer has appropriate number of GROUP BY keywords: 1.6 / 1.6
Answer has appropriate number of ORDER BY keywords: 1.6 / 1.6
Answer has same column count as desired result query: 1.6 / 1.6
Answer has same result set content as desired query: 7.2 / 7.2

3: SELECT accnumber
FROM Account
WHERE accbalance > 
  (SELECT AVG(accbalance)
  FROM Account) 
--AND acctype = 'checking'
--AND acctype = 'savings'
ORDER BY accnumber ASC

Marks given: 9.9 of maximum 18

Answer compiles without errors: 2.7 / 2.7
Answer has at least SELECT and FROM: 1.8 / 1.8
Answer has appropriate number of AVG keyword: 1.8 / 1.8
Answer has appropriate number of tables used: 1.8 / 1.8
Answer has same column count as desired result query: 1.8 / 1.8
Answer has same result set content as desired query: 0 / 8.1

4: SELECT translocation, AVG(transamount)
FROM Transaction
GROUP BY translocation
HAVING AVG(transamount) > 
  (SELECT AVG(transamount)
  FROM Transaction)

Marks given: 9.9 of maximum 18

Answer compiles without errors: 2.7 / 2.7
Answer has at least SELECT and FROM: 1.8 / 1.8
Answer has appropriate number of AVG keyword: 1.8 / 1.8
Answer has appropriate number of GROUP BY keywords: 1.8 / 1.8
Answer has appropriate number of ORDER BY keywords: 0 / 1.8
Answer has appropriate number of DESC keyword: 0 / 0.9
Answer has appropriate number of tables used: 1.8 / 1.8
Answer has same result set content as desired query: 0 / 5.4

5: SELECT DISTINCT custid, fname, lname, 
  (SELECT MAX(transamount)
  FROM Transaction
  WHERE transtype = 'w')
FROM Customer
JOIN Account
ON Customer.custid = Account.customer
JOIN Transaction
ON Account.accnumber = Transaction.accnumber
ORDER BY custid

Marks given: 8.8 of maximum 16

Answer compiles without errors: 1.6 / 1.6
Answer has at least SELECT and FROM: 1.6 / 1.6
Answer has appropriate number of MAX keyword: 1.6 / 1.6
Answer has appropriate number of GROUP BY keywords: 0 / 1.6
Answer has appropriate number of ORDER BY keywords: 1.6 / 1.6
Answer has appropriate number of tables used: 1.6 / 1.6
Answer has same column count as desired result query: 0.8 / 0.8
Answer has same result set content as desired query: 0 / 5.6

6: SELECT custid, fname, lname, accstatus
FROM Customer
JOIN Account
ON Customer.custid = Account.customer
WHERE accstatus = 'Closed' OR accstatus = 'Frozen' OR accopendate = NULL

Marks given: 9.35 of maximum 17

Answer compiles without errors: 1.7 / 1.7
Answer has at least SELECT and FROM: 2.55 / 2.55
Answer has appropriate number of WHERE keyword: 2.55 / 2.55
Answer has appropriate number of tables used: 2.55 / 2.55
Answer has same column count as desired result query: 0 / 1.7
Answer has same result set content as desired query: 0 / 5.95

7: SELECT translocation, COUNT(accopendate)
FROM Transaction 
JOIN Account 
ON Transaction.accnumber = Account.accnumber
GROUP BY translocation

Marks given: 4 of maximum 5

Answer compiles without errors: 0.5 / 0.5
Answer has at least SELECT and FROM: 0.5 / 0.5
Answer has appropriate number of OUTER/LEFT/RIGHT/BOTH keywords: 0 / 0.5
Answer has appropriate number of GROUP BY keywords: 0.5 / 0.5
Answer has appropriate number of tables used: 0.5 / 0.5
Answer has appropriate number of COUNT keyword: 0.5 / 0.5
Answer has appropriate number of DISTINCT keyword: 0 / 0.5
Answer has same result set content as desired query: 1.5 / 1.5

