Assignment  : CS 260, Spring 2019, Lab Test
Student Name: Joseph Charles
Answer File : charlesjoseph_37175_3895886_CHARLEJA9207.sql
Total Points: 78.85

Your answers, evaluation and points follow.

1: SELECT C.CustID, C.Fname, C.Lname, A.ACCClosedDate
FROM Customer C
JOIN Account A
ON C.CustID = A.Customer
WHERE A.ACCOPENLOCATION = 'Central' 
AND A.ACCCLOSEDDATE >= '01-JAN-2018'

Marks given: 15 of maximum 15

Answer compiles without errors: 1.5 / 1.5
Answer has at least SELECT and FROM: 2.25 / 2.25
Answer has same row count as desired query: 1.5 / 1.5
Answer has same column count as desired result query: 1.5 / 1.5
Answer has appropriate number of tables used: 1.5 / 1.5
Answer has appropriate number of WHERE keyword: 1.5 / 1.5
Answer has same result set content as desired query: 5.25 / 5.25

2: SELECT ACCOPENLOCATION, ACCSTATUS, COUNT(*)
FROM ACCOUNT
GROUP BY ACCOPENLOCATION, ACCSTATUS
ORDER BY ACCOPENLOCATION, ACCSTATUS ASC

Marks given: 16 of maximum 16

Answer compiles without errors: 2.4 / 2.4
Answer has at least SELECT and FROM: 1.6 / 1.6
Answer has appropriate number of GROUP BY keywords: 1.6 / 1.6
Answer has appropriate number of ORDER BY keywords: 1.6 / 1.6
Answer has same column count as desired result query: 1.6 / 1.6
Answer has same result set content as desired query: 7.2 / 7.2

3: SELECT ACCNUMBER
FROM ACCOUNT
WHERE ACCBALANCE >
  (SELECT AVG(ACCBALANCE)
  FROM ACCOUNT
  WHERE ACCTYPE = 'checking' OR ACCTYPE = 'savings')
  ORDER BY ACCNUMBER ASC

Marks given: 9.9 of maximum 18

Answer compiles without errors: 2.7 / 2.7
Answer has at least SELECT and FROM: 1.8 / 1.8
Answer has appropriate number of AVG keyword: 1.8 / 1.8
Answer has appropriate number of tables used: 1.8 / 1.8
Answer has same column count as desired result query: 1.8 / 1.8
Answer has same result set content as desired query: 0 / 8.1

4: SELECT TRANSLOCATION, CAST (AVG(TRANSAMOUNT) AS NUMBER(*,2)) AS AvgAmount
FROM TRANSACTION 
GROUP BY TRANSLOCATION
HAVING AVG(TRANSAMOUNT) < SUM(TRANSAMOUNT)
ORDER BY AVG(TRANSAMOUNT) DESC

Marks given: 12.6 of maximum 18

Answer compiles without errors: 2.7 / 2.7
Answer has at least SELECT and FROM: 1.8 / 1.8
Answer has appropriate number of AVG keyword: 1.8 / 1.8
Answer has appropriate number of GROUP BY keywords: 1.8 / 1.8
Answer has appropriate number of ORDER BY keywords: 1.8 / 1.8
Answer has appropriate number of DESC keyword: 0.9 / 0.9
Answer has appropriate number of tables used: 1.8 / 1.8
Answer has same result set content as desired query: 0 / 5.4

5: SELECT C.CUSTID, C.FNAME, C.LNAME, MAX(T.TRANSAMOUNT) AS MaxTransaction
FROM TRANSACTION T
JOIN ACCOUNT A
ON T.ACCNUMBER = A.ACCNUMBER
JOIN CUSTOMER C
ON C.CUSTID = A.CUSTOMER
WHERE A.ACCTYPE = 'savings' AND T.TRANSTYPE = 'w' 
GROUP BY CUSTID, FNAME, LNAME, C.CUSTID, C.FNAME, C.LNAME
ORDER BY CUSTID ASC

Marks given: 16 of maximum 16

Answer compiles without errors: 1.6 / 1.6
Answer has at least SELECT and FROM: 1.6 / 1.6
Answer has appropriate number of MAX keyword: 1.6 / 1.6
Answer has appropriate number of GROUP BY keywords: 1.6 / 1.6
Answer has appropriate number of ORDER BY keywords: 1.6 / 1.6
Answer has appropriate number of tables used: 1.6 / 1.6
Answer has same column count as desired result query: 0.8 / 0.8
Answer has same result set content as desired query: 5.6 / 5.6

6: SELECT C.CUSTID, C.FNAME, C.LNAME, A.ACCSTATUS
FROM ACCOUNT A
FULL OUTER JOIN CUSTOMER C
ON A.CUSTOMER = C.CUSTID
WHERE A.ACCSTATUS = 'Closed' 
OR A.ACCSTATUS = 'Frozen' 
OR C.CUSTID = NULL

Marks given: 9.35 of maximum 17

Answer compiles without errors: 1.7 / 1.7
Answer has at least SELECT and FROM: 2.55 / 2.55
Answer has appropriate number of WHERE keyword: 2.55 / 2.55
Answer has appropriate number of tables used: 2.55 / 2.55
Answer has same column count as desired result query: 0 / 1.7
Answer has same result set content as desired query: 0 / 5.95

7: 

Marks given: 0 of maximum 5

Answer compiles without errors: 0 / 0.5
Answer has at least SELECT and FROM: 0 / 0.5
Answer has appropriate number of OUTER/LEFT/RIGHT/BOTH keywords: 0 / 0.5
Answer has appropriate number of GROUP BY keywords: 0 / 0.5
Answer has appropriate number of tables used: 0 / 0.5
Answer has appropriate number of COUNT keyword: 0 / 0.5
Answer has appropriate number of DISTINCT keyword: 0 / 0.5
Answer has same result set content as desired query: 0 / 1.5

