Assignment  : CS 260, Spring 2019, Lab Test
Student Name: Braden Cousineau
Answer File : cousineaubraden_35243_3894645_COUSINBM6915.sql
Total Points: 79.15

Your answers, evaluation and points follow.

1: SELECT CustID, FName, LName, AccClosedDate
FROM CUSTOMER
JOIN ACCOUNT ON CUSTOMER.CustID = ACCOUNT.Customer
WHERE ACCOUNT.AccOpenLocation = 'Central'
AND TO_CHAR(ACCOUNT.AccClosedDate, 'YYYYMMDD') >= '20180101'

Marks given: 15 of maximum 15

Answer compiles without errors: 1.5 / 1.5
Answer has at least SELECT and FROM: 2.25 / 2.25
Answer has same row count as desired query: 1.5 / 1.5
Answer has same column count as desired result query: 1.5 / 1.5
Answer has appropriate number of tables used: 1.5 / 1.5
Answer has appropriate number of WHERE keyword: 1.5 / 1.5
Answer has same result set content as desired query: 5.25 / 5.25

2: SELECT AccOpenLocation, AccStatus, COUNT(AccStatus)
FROM ACCOUNT
GROUP BY ACCOUNT.AccOpenLocation, ACCOUNT.AccStatus
ORDER BY ACCOUNT.AccOpenLocation, ACCOUNT.AccStatus

Marks given: 16 of maximum 16

Answer compiles without errors: 2.4 / 2.4
Answer has at least SELECT and FROM: 1.6 / 1.6
Answer has appropriate number of GROUP BY keywords: 1.6 / 1.6
Answer has appropriate number of ORDER BY keywords: 1.6 / 1.6
Answer has same column count as desired result query: 1.6 / 1.6
Answer has same result set content as desired query: 7.2 / 7.2

3: SELECT AccNumber, AccBalance, AccType
FROM ACCOUNT A1
WHERE AccBalance > 
(SELECT AVG(AccBalance)
FROM ACCOUNT A2
WHERE A1.AccType = A2.AccType)

Marks given: 8.1 of maximum 18

Answer compiles without errors: 2.7 / 2.7
Answer has at least SELECT and FROM: 1.8 / 1.8
Answer has appropriate number of AVG keyword: 1.8 / 1.8
Answer has appropriate number of tables used: 1.8 / 1.8
Answer has same column count as desired result query: 0 / 1.8
Answer has same result set content as desired query: 0 / 8.1

4: SELECT TransLocation, AVG(TransAmount)
FROM TRANSACTION T1
WHERE AVG(TransAmount) < 
(SELECT AVG(TransAmount) 
FROM TRANSACTION T2)
GROUP BY T1.TransLocation, TransLocation
ORDER BY AVG(T1.TransAmount)

Marks given: 9 of maximum 18

Answer compiles without errors: 0 / 2.7
Answer has at least SELECT and FROM: 1.8 / 1.8
Answer has appropriate number of AVG keyword: 1.8 / 1.8
Answer has appropriate number of GROUP BY keywords: 1.8 / 1.8
Answer has appropriate number of ORDER BY keywords: 1.8 / 1.8
Answer has appropriate number of DESC keyword: 0 / 0.9
Answer has appropriate number of tables used: 1.8 / 1.8
Answer has same result set content as desired query: 0 / 5.4

5: SELECT CustID, FName, LName, MAX(TransAmount)
FROM CUSTOMER 
JOIN ACCOUNT ON CUSTOMER.CustID = ACCOUNT.Customer
JOIN TRANSACTION ON ACCOUNT.AccNumber = TRANSACTION.AccNumber
WHERE ACCOUNT.AccType = 'savings' 
AND TRANSACTION.TransType = 'w' 
GROUP BY CustID, FName, LName 
ORDER BY CUSTOMER.CustID

Marks given: 16 of maximum 16

Answer compiles without errors: 1.6 / 1.6
Answer has at least SELECT and FROM: 1.6 / 1.6
Answer has appropriate number of MAX keyword: 1.6 / 1.6
Answer has appropriate number of GROUP BY keywords: 1.6 / 1.6
Answer has appropriate number of ORDER BY keywords: 1.6 / 1.6
Answer has appropriate number of tables used: 1.6 / 1.6
Answer has same column count as desired result query: 0.8 / 0.8
Answer has same result set content as desired query: 5.6 / 5.6

6: SELECT CustID, FName, LName
FROM CUSTOMER
JOIN ACCOUNT ON CUSTOMER.CustID = ACCOUNT.Customer
WHERE ACCOUNT.AccStatus != 'Active' 
OR ACCOUNT.AccNumber IS NULL

Marks given: 11.05 of maximum 17

Answer compiles without errors: 1.7 / 1.7
Answer has at least SELECT and FROM: 2.55 / 2.55
Answer has appropriate number of WHERE keyword: 2.55 / 2.55
Answer has appropriate number of tables used: 2.55 / 2.55
Answer has same column count as desired result query: 1.7 / 1.7
Answer has same result set content as desired query: 0 / 5.95

7: SELECT TransLocation, COUNT(AccOpenDate)
FROM TRANSACTION
JOIN ACCOUNT ON ACCOUNT.AccNumber = TRANSACTION.AccNumber 
GROUP BY TRANSACTION.TransLocation
ORDER BY TRANSACTION.TransLocation

Marks given: 4 of maximum 5

Answer compiles without errors: 0.5 / 0.5
Answer has at least SELECT and FROM: 0.5 / 0.5
Answer has appropriate number of OUTER/LEFT/RIGHT/BOTH keywords: 0 / 0.5
Answer has appropriate number of GROUP BY keywords: 0.5 / 0.5
Answer has appropriate number of tables used: 0.5 / 0.5
Answer has appropriate number of COUNT keyword: 0.5 / 0.5
Answer has appropriate number of DISTINCT keyword: 0 / 0.5
Answer has same result set content as desired query: 1.5 / 1.5

