Assignment  : CS 260, Spring 2019, Lab Test
Student Name: Jonas Eckert
Answer File : eckertjonas_40989_3894690_eckertj9835.sql
Total Points: 74.55

Your answers, evaluation and points follow.

1: SELECT C.CUSTID, C.FNAME, C.LNAME, A.ACCCLOSEDDATE
FROM Customer C
JOIN Account A
ON (C.CUSTID = A.CUSTOMER)
WHERE A.ACCOPENLOCATION = 'Central'
AND A.ACCCLOSEDDATE >= '01-JAN-2018'

Marks given: 15 of maximum 15

Answer compiles without errors: 1.5 / 1.5
Answer has at least SELECT and FROM: 2.25 / 2.25
Answer has same row count as desired query: 1.5 / 1.5
Answer has same column count as desired result query: 1.5 / 1.5
Answer has appropriate number of tables used: 1.5 / 1.5
Answer has appropriate number of WHERE keyword: 1.5 / 1.5
Answer has same result set content as desired query: 5.25 / 5.25

2: SELECT A1.ACCOPENLOCATION, A1.ACCSTATUS, COUNT(A1.ACCSTATUS) 
FROM Account A1
INNER JOIN Account A2
ON (A1.ACCSTATUS = A2.ACCSTATUS) 
GROUP BY A1.ACCOPENLOCATION, A1.ACCSTATUS
ORDER BY ACCOPENLOCATION, ACCSTATUS

Marks given: 16 of maximum 16

Answer compiles without errors: 2.4 / 2.4
Answer has at least SELECT and FROM: 1.6 / 1.6
Answer has appropriate number of GROUP BY keywords: 1.6 / 1.6
Answer has appropriate number of ORDER BY keywords: 1.6 / 1.6
Answer has same column count as desired result query: 1.6 / 1.6
Answer has same result set content as desired query: 7.2 / 7.2

3: SELECT A1.ACCNUMBER
FROM Account A1
WHERE A1.ACCBALANCE > 
  (SELECT AVG(ACCBALANCE)
  FROM Account A2
  WHERE A1.ACCTYPE = A2.ACCTYPE)
  ORDER BY A1.ACCNUMBER

Marks given: 18 of maximum 18

Answer compiles without errors: 2.7 / 2.7
Answer has at least SELECT and FROM: 1.8 / 1.8
Answer has appropriate number of AVG keyword: 1.8 / 1.8
Answer has appropriate number of tables used: 1.8 / 1.8
Answer has same column count as desired result query: 1.8 / 1.8
Answer has same result set content as desired query: 8.1 / 8.1

4: SELECT TRANSLOCATION, CAST (AVG(TRANSAMOUNT) AS NUMBER(*,2))
FROM Transaction 
WHERE EXISTS
  (SELECT DISTINCT T1.TRANSLOCATION
  FROM Transaction T1
  JOIN Transaction T2
  ON T1.TRANSLOCATION = T2.TRANSLOCATION
  WHERE T1.TRANSAMOUNT <
    (SELECT AVG(TRANSAMOUNT)
    FROM Transaction))
GROUP BY TRANSLOCATION

Marks given: 8.1 of maximum 18

Answer compiles without errors: 2.7 / 2.7
Answer has at least SELECT and FROM: 1.8 / 1.8
Answer has appropriate number of AVG keyword: 0 / 1.8
Answer has appropriate number of GROUP BY keywords: 1.8 / 1.8
Answer has appropriate number of ORDER BY keywords: 0 / 1.8
Answer has appropriate number of DESC keyword: 0 / 0.9
Answer has appropriate number of tables used: 1.8 / 1.8
Answer has same result set content as desired query: 0 / 5.4

5: SELECT C.CUSTID, C.FNAME, C.LNAME, MAX(T.TRANSAMOUNT)
FROM Customer C
JOIN Account A
ON (A.CUSTOMER = C.CUSTID) 
GROUP BY  C.CUSTID, C.FNAME, C.LNAME 
  MINUS
SELECT T.TRANSTYPE
FROM Transaction T
JOIN Account A2
ON (T.ACCNUMBER = A2.ACCNUMBER)
WHERE T.TRANSTYPE != 'w'
AND ACCTYPE != 'savings'

Marks given: 6.4 of maximum 16

Answer compiles without errors: 0 / 1.6
Answer has at least SELECT and FROM: 1.6 / 1.6
Answer has appropriate number of MAX keyword: 1.6 / 1.6
Answer has appropriate number of GROUP BY keywords: 1.6 / 1.6
Answer has appropriate number of ORDER BY keywords: 0 / 1.6
Answer has appropriate number of tables used: 1.6 / 1.6
Answer has same column count as desired result query: 0 / 0.8
Answer has same result set content as desired query: 0 / 5.6

6: SELECT CUSTID, FNAME, LNAME
FROM Customer C
RIGHT OUTER JOIN Account A
ON (C.CUSTID = A.CUSTOMER)
WHERE A.ACCSTATUS != 'Active'

Marks given: 11.05 of maximum 17

Answer compiles without errors: 1.7 / 1.7
Answer has at least SELECT and FROM: 2.55 / 2.55
Answer has appropriate number of WHERE keyword: 2.55 / 2.55
Answer has appropriate number of tables used: 2.55 / 2.55
Answer has same column count as desired result query: 1.7 / 1.7
Answer has same result set content as desired query: 0 / 5.95

7: 

Marks given: 0 of maximum 5

Answer compiles without errors: 0 / 0.5
Answer has at least SELECT and FROM: 0 / 0.5
Answer has appropriate number of OUTER/LEFT/RIGHT/BOTH keywords: 0 / 0.5
Answer has appropriate number of GROUP BY keywords: 0 / 0.5
Answer has appropriate number of tables used: 0 / 0.5
Answer has appropriate number of COUNT keyword: 0 / 0.5
Answer has appropriate number of DISTINCT keyword: 0 / 0.5
Answer has same result set content as desired query: 0 / 1.5

