Assignment  : CS 260, Spring 2019, Lab Test
Student Name: HONGTAO FANG
Answer File : fanghongtao_184088_3896098_HONGTAOFANG .sql
Total Points: 24.55

Your answers, evaluation and points follow.

1: SELECT CustID,FName from Customer 
join Account on (CustId =Customer)
WHERE  AccClosedDatee > '01-Jan-2018'
ORDER BY  AccClosedDate DESC

Marks given: 5.25 of maximum 15

Answer compiles without errors: 0 / 1.5
Answer has at least SELECT and FROM: 2.25 / 2.25
Answer has same row count as desired query: 0 / 1.5
Answer has same column count as desired result query: 0 / 1.5
Answer has appropriate number of tables used: 1.5 / 1.5
Answer has appropriate number of WHERE keyword: 1.5 / 1.5
Answer has same result set content as desired query: 0 / 5.25

2: SELECT AccOpeningLocation

Marks given: 0 of maximum 16

Answer compiles without errors: 0 / 2.4
Answer has at least SELECT and FROM: 0 / 1.6
Answer has appropriate number of GROUP BY keywords: 0 / 1.6
Answer has appropriate number of ORDER BY keywords: 0 / 1.6
Answer has same column count as desired result query: 0 / 1.6
Answer has same result set content as desired query: 0 / 7.2

3: SELECT AccNumber  
from account 
WHERE ACCOUNT A1. ACCBALANCE >
(SELECT AVG(A2.ACCBALANCE )
FROM ACCOUNT A2
WHERE
A2.ACCNUMBER = A1.ACCNUMBER)

Marks given: 5.4 of maximum 18

Answer compiles without errors: 0 / 2.7
Answer has at least SELECT and FROM: 1.8 / 1.8
Answer has appropriate number of AVG keyword: 1.8 / 1.8
Answer has appropriate number of tables used: 1.8 / 1.8
Answer has same column count as desired result query: 0 / 1.8
Answer has same result set content as desired query: 0 / 8.1

4: SELECT T.TRANSACTION ,CAST 
(AVG(T.ACCNUMBER AS NUMBER(*2)
FROM TRANSACTION T
GROUP BY T.TRANSACTION
HAVING AVG.T.TRANSACTION>
(SELECT AVG(T.TRANSACTION)
FROM ACCOUNT T
WHERE
T1.TRANSACTION = T2.TRANSACTION)

Marks given: 7.2 of maximum 18

Answer compiles without errors: 0 / 2.7
Answer has at least SELECT and FROM: 1.8 / 1.8
Answer has appropriate number of AVG keyword: 1.8 / 1.8
Answer has appropriate number of GROUP BY keywords: 1.8 / 1.8
Answer has appropriate number of ORDER BY keywords: 0 / 1.8
Answer has appropriate number of DESC keyword: 0 / 0.9
Answer has appropriate number of tables used: 1.8 / 1.8
Answer has same result set content as desired query: 0 / 5.4

5: SELECT FNAME ,LNAME FROM CUSTOMER
JOIN  CUSTOMER ON  (

Marks given: 1.6 of maximum 16

Answer compiles without errors: 0 / 1.6
Answer has at least SELECT and FROM: 1.6 / 1.6
Answer has appropriate number of MAX keyword: 0 / 1.6
Answer has appropriate number of GROUP BY keywords: 0 / 1.6
Answer has appropriate number of ORDER BY keywords: 0 / 1.6
Answer has appropriate number of tables used: 0 / 1.6
Answer has same column count as desired result query: 0 / 0.8
Answer has same result set content as desired query: 0 / 5.6

6: SELECT CUSTID,FNAME,LNAME FROM CUSTOMER,
WHERE(

Marks given: 5.1 of maximum 17

Answer compiles without errors: 0 / 1.7
Answer has at least SELECT and FROM: 2.55 / 2.55
Answer has appropriate number of WHERE keyword: 2.55 / 2.55
Answer has appropriate number of tables used: 0 / 2.55
Answer has same column count as desired result query: 0 / 1.7
Answer has same result set content as desired query: 0 / 5.95

7: 

Marks given: 0 of maximum 5

Answer compiles without errors: 0 / 0.5
Answer has at least SELECT and FROM: 0 / 0.5
Answer has appropriate number of OUTER/LEFT/RIGHT/BOTH keywords: 0 / 0.5
Answer has appropriate number of GROUP BY keywords: 0 / 0.5
Answer has appropriate number of tables used: 0 / 0.5
Answer has appropriate number of COUNT keyword: 0 / 0.5
Answer has appropriate number of DISTINCT keyword: 0 / 0.5
Answer has same result set content as desired query: 0 / 1.5

