Assignment  : CS 260, Spring 2019, Lab Test
Student Name: Feifan,Han
Answer File : hanfeifan_173648_3895796_HANF0562.sql
Total Points: 94.6

Your answers, evaluation and points follow.

1: SELECT C.CUSTID,C.FNAME,C.LNAME,A.ACCCLOSEDDATE FROM CUSTOMER C
JOIN ACCOUNT A
ON C.CUSTID=A.CUSTOMER
WHERE A.ACCOPENLOCATION='Central' AND A.ACCOPENDATE<'01-JAN-2018' AND A.ACCSTATUS='Closed'

Marks given: 15 of maximum 15

Answer compiles without errors: 1.5 / 1.5
Answer has at least SELECT and FROM: 2.25 / 2.25
Answer has same row count as desired query: 1.5 / 1.5
Answer has same column count as desired result query: 1.5 / 1.5
Answer has appropriate number of tables used: 1.5 / 1.5
Answer has appropriate number of WHERE keyword: 1.5 / 1.5
Answer has same result set content as desired query: 5.25 / 5.25

2: SELECT A.ACCOPENLOCATION,A.ACCSTATUS,COUNT(A.ACCSTATUS) FROM ACCOUNT A 
GROUP BY A.ACCOPENLOCATION, A.ACCSTATUS
ORDER BY A.ACCOPENLOCATION

Marks given: 16 of maximum 16

Answer compiles without errors: 2.4 / 2.4
Answer has at least SELECT and FROM: 1.6 / 1.6
Answer has appropriate number of GROUP BY keywords: 1.6 / 1.6
Answer has appropriate number of ORDER BY keywords: 1.6 / 1.6
Answer has same column count as desired result query: 1.6 / 1.6
Answer has same result set content as desired query: 7.2 / 7.2

3: SELECT ACCNUMBER,ACCTYPE FROM ACCOUNT 
GROUP BY ACCTYPE,ACCBALANCE,ACCNUMBER
HAVING ACCBALANCE>(SELECT AVG(ACCBALANCE) FROM ACCOUNT)
ORDER BY ACCNUMBER

Marks given: 8.1 of maximum 18

Answer compiles without errors: 2.7 / 2.7
Answer has at least SELECT and FROM: 1.8 / 1.8
Answer has appropriate number of AVG keyword: 1.8 / 1.8
Answer has appropriate number of tables used: 1.8 / 1.8
Answer has same column count as desired result query: 0 / 1.8
Answer has same result set content as desired query: 0 / 8.1

4: SELECT TRANSLOCATION,CAST(AVG(TRANSAMOUNT) AS NUMBER(*,2)) AS AVERAGE FROM TRANSACTION
GROUP BY TRANSLOCATION
HAVING AVG(TRANSAMOUNT)<(SELECT AVG(TRANSAMOUNT) FROM TRANSACTION)
ORDER BY AVERAGE DESC

Marks given: 18 of maximum 18

Answer compiles without errors: 2.7 / 2.7
Answer has at least SELECT and FROM: 1.8 / 1.8
Answer has appropriate number of AVG keyword: 1.8 / 1.8
Answer has appropriate number of GROUP BY keywords: 1.8 / 1.8
Answer has appropriate number of ORDER BY keywords: 1.8 / 1.8
Answer has appropriate number of DESC keyword: 0.9 / 0.9
Answer has appropriate number of tables used: 1.8 / 1.8
Answer has same result set content as desired query: 5.4 / 5.4

5: SELECT C.CUSTID,C.FNAME,C.LNAME,MAX(T.TRANSAMOUNT) AS MAXTRANS FROM CUSTOMER C
JOIN ACCOUNT A
ON C.CUSTID=A.CUSTOMER
JOIN TRANSACTION T
ON T.ACCNUMBER=A.ACCNUMBER
WHERE A.ACCTYPE='savings' AND T.TRANSTYPE='w' 
GROUP BY C.CUSTID, C.FNAME, C.LNAME
ORDER BY C.CUSTID

Marks given: 16 of maximum 16

Answer compiles without errors: 1.6 / 1.6
Answer has at least SELECT and FROM: 1.6 / 1.6
Answer has appropriate number of MAX keyword: 1.6 / 1.6
Answer has appropriate number of GROUP BY keywords: 1.6 / 1.6
Answer has appropriate number of ORDER BY keywords: 1.6 / 1.6
Answer has appropriate number of tables used: 1.6 / 1.6
Answer has same column count as desired result query: 0.8 / 0.8
Answer has same result set content as desired query: 5.6 / 5.6

6: SELECT DISTINCT CUSTID,FNAME,LNAME FROM CUSTOMER
MINUS
(SELECT DISTINCT C1.CUSTID,C1.FNAME,C1.LNAME FROM CUSTOMER C1
JOIN ACCOUNT A1
ON C1.CUSTID=A1.CUSTOMER
WHERE A1.ACCSTATUS='Active')

Marks given: 17 of maximum 17

Answer compiles without errors: 1.7 / 1.7
Answer has at least SELECT and FROM: 2.55 / 2.55
Answer has appropriate number of WHERE keyword: 2.55 / 2.55
Answer has appropriate number of tables used: 2.55 / 2.55
Answer has same column count as desired result query: 1.7 / 1.7
Answer has same result set content as desired query: 5.95 / 5.95

7: SELECT T.TRANSLOCATION,COUNT(A.ACCNUMBER) AS NUMBERACC FROM ACCOUNT A
RIGHT OUTER JOIN TRANSACTION T
ON A.ACCOPENLOCATION=T.TRANSLOCATION
GROUP BY T.TRANSLOCATION
ORDER BY T.TRANSLOCATION

Marks given: 4.5 of maximum 5

Answer compiles without errors: 0.5 / 0.5
Answer has at least SELECT and FROM: 0.5 / 0.5
Answer has appropriate number of OUTER/LEFT/RIGHT/BOTH keywords: 0.5 / 0.5
Answer has appropriate number of GROUP BY keywords: 0.5 / 0.5
Answer has appropriate number of tables used: 0.5 / 0.5
Answer has appropriate number of COUNT keyword: 0.5 / 0.5
Answer has appropriate number of DISTINCT keyword: 0 / 0.5
Answer has same result set content as desired query: 1.5 / 1.5

