Assignment  : CS 260, Spring 2019, Lab Test
Student Name: Eric Hanson
Answer File : hansoneric_39140_3895630_hansonec4178.sql
Total Points: 75.85

Your answers, evaluation and points follow.

1: SELECT C.CustID, C.FName, C.LName, A.AccClosedDate
  FROM CUSTOMER C
  JOIN ACCOUNT A ON (C.CustID = A.Customer)
    WHERE LOWER(A.AccOpenLocation) LIKE 'central'
    AND TO_DATE(A.AccClosedDate, 'dd-MON-yyyy') < '01-JAN-2018'

Marks given: 15 of maximum 15

Answer compiles without errors: 1.5 / 1.5
Answer has at least SELECT and FROM: 2.25 / 2.25
Answer has same row count as desired query: 1.5 / 1.5
Answer has same column count as desired result query: 1.5 / 1.5
Answer has appropriate number of tables used: 1.5 / 1.5
Answer has appropriate number of WHERE keyword: 1.5 / 1.5
Answer has same result set content as desired query: 5.25 / 5.25

2: SELECT A.AccOpenLocation, A.AccStatus, COUNT(A.AccNumber)
  FROM ACCOUNT A
    GROUP BY A.AccOpenLocation, A.AccStatus
    ORDER BY A.AccOpenLocation ASC

Marks given: 16 of maximum 16

Answer compiles without errors: 2.4 / 2.4
Answer has at least SELECT and FROM: 1.6 / 1.6
Answer has appropriate number of GROUP BY keywords: 1.6 / 1.6
Answer has appropriate number of ORDER BY keywords: 1.6 / 1.6
Answer has same column count as desired result query: 1.6 / 1.6
Answer has same result set content as desired query: 7.2 / 7.2

3: SELECT A.AccNumber
  FROM ACCOUNT A
    WHERE A.AccBalance >
    (SELECT AVG(A.AccBalance)
       FROM ACCOUNT A 
        WHERE A.AccType IN
        (SELECT A.AccType
          FROM ACCOUNT A))

Marks given: 8.1 of maximum 18

Answer compiles without errors: 2.7 / 2.7
Answer has at least SELECT and FROM: 1.8 / 1.8
Answer has appropriate number of AVG keyword: 1.8 / 1.8
Answer has appropriate number of tables used: 0 / 1.8
Answer has same column count as desired result query: 1.8 / 1.8
Answer has same result set content as desired query: 0 / 8.1

4: SELECT T.TransLocation, AVG(T.TransAmount)
  FROM TRANSACTION T
    GROUP BY T.TransLocation
    HAVING AVG(T.TransAmount) <
      (SELECT AVG(T.TransAmount)
        FROM TRANSACTION T)

Marks given: 15.3 of maximum 18

Answer compiles without errors: 2.7 / 2.7
Answer has at least SELECT and FROM: 1.8 / 1.8
Answer has appropriate number of AVG keyword: 1.8 / 1.8
Answer has appropriate number of GROUP BY keywords: 1.8 / 1.8
Answer has appropriate number of ORDER BY keywords: 0 / 1.8
Answer has appropriate number of DESC keyword: 0 / 0.9
Answer has appropriate number of tables used: 1.8 / 1.8
Answer has same result set content as desired query: 5.4 / 5.4

5: SELECT C.CustID, C.FName, C.LName, MAX(T.TransAmount)
  FROM CUSTOMER C
  JOIN ACCOUNT A ON (C.CustID = A.Customer)
  JOIN TRANSACTION T ON (A.AccNumber = T.AccNumber)
  GROUP BY C.CustID, C.FName, C.LName
  ORDER BY C.CustID ASC

Marks given: 10.4 of maximum 16

Answer compiles without errors: 1.6 / 1.6
Answer has at least SELECT and FROM: 1.6 / 1.6
Answer has appropriate number of MAX keyword: 1.6 / 1.6
Answer has appropriate number of GROUP BY keywords: 1.6 / 1.6
Answer has appropriate number of ORDER BY keywords: 1.6 / 1.6
Answer has appropriate number of tables used: 1.6 / 1.6
Answer has same column count as desired result query: 0.8 / 0.8
Answer has same result set content as desired query: 0 / 5.6

6: SELECT C.CustID, C.FName, C.LName
  FROM CUSTOMER C
  JOIN ACCOUNT A ON(C.CustID = A.Customer)
    WHERE LOWER(A.AccStatus) LIKE 'closed'
    OR LOWER(A.AccStatus) LIKE 'frozen'
    OR A.AccStatus IS NULL

Marks given: 11.05 of maximum 17

Answer compiles without errors: 1.7 / 1.7
Answer has at least SELECT and FROM: 2.55 / 2.55
Answer has appropriate number of WHERE keyword: 2.55 / 2.55
Answer has appropriate number of tables used: 2.55 / 2.55
Answer has same column count as desired result query: 1.7 / 1.7
Answer has same result set content as desired query: 0 / 5.95

7: 

Marks given: 0 of maximum 5

Answer compiles without errors: 0 / 0.5
Answer has at least SELECT and FROM: 0 / 0.5
Answer has appropriate number of OUTER/LEFT/RIGHT/BOTH keywords: 0 / 0.5
Answer has appropriate number of GROUP BY keywords: 0 / 0.5
Answer has appropriate number of tables used: 0 / 0.5
Answer has appropriate number of COUNT keyword: 0 / 0.5
Answer has appropriate number of DISTINCT keyword: 0 / 0.5
Answer has same result set content as desired query: 0 / 1.5

