Assignment  : CS 260, Spring 2019, Lab Test
Student Name: Hunter Hartke
Answer File : hartkehunter_35947_3894371_HARTKEHG5344_Midterm.sql
Total Points: 98.2

Your answers, evaluation and points follow.

1: SELECT C.CustID, C.FName, C.LName, A.AccClosedDate
FROM Customer C
JOIN Account A
ON C.CustID = A.Customer
WHERE A.AccOpenLocation = 'Central' AND A.AccClosedDate >= '1-JAN-18'

Marks given: 15 of maximum 15

Answer compiles without errors: 1.5 / 1.5
Answer has at least SELECT and FROM: 2.25 / 2.25
Answer has same row count as desired query: 1.5 / 1.5
Answer has same column count as desired result query: 1.5 / 1.5
Answer has appropriate number of tables used: 1.5 / 1.5
Answer has appropriate number of WHERE keyword: 1.5 / 1.5
Answer has same result set content as desired query: 5.25 / 5.25

2: SELECT AccOpenLocation, AccStatus, COUNT(AccOpenLocation)
FROM Account
GROUP BY AccOpenLocation, AccStatus
ORDER BY AccOpenLocation ASC

Marks given: 16 of maximum 16

Answer compiles without errors: 2.4 / 2.4
Answer has at least SELECT and FROM: 1.6 / 1.6
Answer has appropriate number of GROUP BY keywords: 1.6 / 1.6
Answer has appropriate number of ORDER BY keywords: 1.6 / 1.6
Answer has same column count as desired result query: 1.6 / 1.6
Answer has same result set content as desired query: 7.2 / 7.2

3: SELECT A.AccNumber
FROM Account A
WHERE A.AccBalance > (
  SELECT AVG(AC.AccBalance)
  FROM Account AC
  WHERE AC.AccType = A.AccType)
ORDER BY A.AccNumber ASC

Marks given: 18 of maximum 18

Answer compiles without errors: 2.7 / 2.7
Answer has at least SELECT and FROM: 1.8 / 1.8
Answer has appropriate number of AVG keyword: 1.8 / 1.8
Answer has appropriate number of tables used: 1.8 / 1.8
Answer has same column count as desired result query: 1.8 / 1.8
Answer has same result set content as desired query: 8.1 / 8.1

4: SELECT TransLocation, CAST(TransactionAmount AS NUMBER(*,2)) AverageTransAmount
FROM (
  SELECT TransLocation, AVG(TransAmount) TransactionAmount
  FROM Transaction
  GROUP BY TransLocation)
WHERE TransactionAmount < (
  SELECT AVG(T.TransAmount)
  FROM Transaction T) 
ORDER BY TransactionAmount DESC

Marks given: 16.2 of maximum 18

Answer compiles without errors: 2.7 / 2.7
Answer has at least SELECT and FROM: 1.8 / 1.8
Answer has appropriate number of AVG keyword: 0 / 1.8
Answer has appropriate number of GROUP BY keywords: 1.8 / 1.8
Answer has appropriate number of ORDER BY keywords: 1.8 / 1.8
Answer has appropriate number of DESC keyword: 0.9 / 0.9
Answer has appropriate number of tables used: 1.8 / 1.8
Answer has same result set content as desired query: 5.4 / 5.4

5: SELECT C.CustID, C.FName, C.LName, MAX(T.TransAmount) LargestWithdrawal
FROM Transaction T
JOIN Account A
ON T.AccNumber = A.AccNumber
JOIN Customer C
ON A.Customer = C.CustID
WHERE T.TransType = 'w' AND A.AccType = 'savings'
GROUP BY C.CustID, C.FName, C.LName
ORDER BY CustID

Marks given: 16 of maximum 16

Answer compiles without errors: 1.6 / 1.6
Answer has at least SELECT and FROM: 1.6 / 1.6
Answer has appropriate number of MAX keyword: 1.6 / 1.6
Answer has appropriate number of GROUP BY keywords: 1.6 / 1.6
Answer has appropriate number of ORDER BY keywords: 1.6 / 1.6
Answer has appropriate number of tables used: 1.6 / 1.6
Answer has same column count as desired result query: 0.8 / 0.8
Answer has same result set content as desired query: 5.6 / 5.6

6: SELECT CU.CustID, CU.FName, CU.LName
FROM Customer CU
  MINUS
SELECT C.CustID, C.FName, C.LName
FROM Customer C
WHERE C.CustID IN (
  SELECT A.Customer
  FROM Account A
  WHERE A.AccStatus = 'Active')

Marks given: 17 of maximum 17

Answer compiles without errors: 1.7 / 1.7
Answer has at least SELECT and FROM: 2.55 / 2.55
Answer has appropriate number of WHERE keyword: 2.55 / 2.55
Answer has appropriate number of tables used: 2.55 / 2.55
Answer has same column count as desired result query: 1.7 / 1.7
Answer has same result set content as desired query: 5.95 / 5.95

7: 

Marks given: 0 of maximum 5

Answer compiles without errors: 0 / 0.5
Answer has at least SELECT and FROM: 0 / 0.5
Answer has appropriate number of OUTER/LEFT/RIGHT/BOTH keywords: 0 / 0.5
Answer has appropriate number of GROUP BY keywords: 0 / 0.5
Answer has appropriate number of tables used: 0 / 0.5
Answer has appropriate number of COUNT keyword: 0 / 0.5
Answer has appropriate number of DISTINCT keyword: 0 / 0.5
Answer has same result set content as desired query: 0 / 1.5

