Assignment  : CS 260, Spring 2019, Lab Test
Student Name: Halim Kim
Answer File : kimhalim_173624_3895778_KIMH6022-2.sql
Total Points: 94.6

Your answers, evaluation and points follow.

1: SELECT C.custID, C.Fname, C.Lname, A.accclosedDate
FROM Customer C
JOIN Account A ON (A.customer = C.custID)
WHERE A.accopenLocation = 'Central' AND A.accclosedDate >= '01-JAN-2018'

Marks given: 15 of maximum 15

Answer compiles without errors: 1.5 / 1.5
Answer has at least SELECT and FROM: 2.25 / 2.25
Answer has same row count as desired query: 1.5 / 1.5
Answer has same column count as desired result query: 1.5 / 1.5
Answer has appropriate number of tables used: 1.5 / 1.5
Answer has appropriate number of WHERE keyword: 1.5 / 1.5
Answer has same result set content as desired query: 5.25 / 5.25

2: SELECT A.AccOpenLocation, A.AccStatus, COUNT(*) AS NumOfAcc
FROM Account A
GROUP BY A.AccOpenLocation, A.Accstatus
ORDER BY A.AccOpenLocation

Marks given: 16 of maximum 16

Answer compiles without errors: 2.4 / 2.4
Answer has at least SELECT and FROM: 1.6 / 1.6
Answer has appropriate number of GROUP BY keywords: 1.6 / 1.6
Answer has appropriate number of ORDER BY keywords: 1.6 / 1.6
Answer has same column count as desired result query: 1.6 / 1.6
Answer has same result set content as desired query: 7.2 / 7.2

3: SELECT A.AccNumber, A.AccBalance
FROM Account A
WHERE A.AccBalance > 
(SELECT AVG(A2.AccBalance)
FROM Account A2
WHERE A2.AccType = A.AccType)
ORDER BY A.AccNumber ASC

Marks given: 8.1 of maximum 18

Answer compiles without errors: 2.7 / 2.7
Answer has at least SELECT and FROM: 1.8 / 1.8
Answer has appropriate number of AVG keyword: 1.8 / 1.8
Answer has appropriate number of tables used: 1.8 / 1.8
Answer has same column count as desired result query: 0 / 1.8
Answer has same result set content as desired query: 0 / 8.1

4: SELECT T.TransLocation, CAST(AVG(T.transAmount) AS NUMBER(*,2)) AS AVERAGEAMOUNT
FROM Transaction T
GROUP BY T.TransLocation
HAVING AVG(T.TransAmount) < 
(SELECT AVG(T2.transAmount)
FROM Transaction T2)
ORDER BY AVG(T.TransAmount) DESC

Marks given: 18 of maximum 18

Answer compiles without errors: 2.7 / 2.7
Answer has at least SELECT and FROM: 1.8 / 1.8
Answer has appropriate number of AVG keyword: 1.8 / 1.8
Answer has appropriate number of GROUP BY keywords: 1.8 / 1.8
Answer has appropriate number of ORDER BY keywords: 1.8 / 1.8
Answer has appropriate number of DESC keyword: 0.9 / 0.9
Answer has appropriate number of tables used: 1.8 / 1.8
Answer has same result set content as desired query: 5.4 / 5.4

5: SELECT C.custID, C.Fname, C.Lname, MAX(T.TransAmount)
FROM Customer C
JOIN Account A ON (C.custID = A.customer)
JOIN Transaction T ON (A.AccNumber = T.AccNumber)
WHERE T.TransType ='w' AND A.AccType = 'savings'
GROUP BY C.custID, C.Fname, C.Lname
ORDER BY C.custID

Marks given: 16 of maximum 16

Answer compiles without errors: 1.6 / 1.6
Answer has at least SELECT and FROM: 1.6 / 1.6
Answer has appropriate number of MAX keyword: 1.6 / 1.6
Answer has appropriate number of GROUP BY keywords: 1.6 / 1.6
Answer has appropriate number of ORDER BY keywords: 1.6 / 1.6
Answer has appropriate number of tables used: 1.6 / 1.6
Answer has same column count as desired result query: 0.8 / 0.8
Answer has same result set content as desired query: 5.6 / 5.6

6: SELECT C.custID, C.Fname, C.Lname
FROM Customer C
  MINUS
SELECT C.custID, C.Fname, C.Lname
FROM Customer C
WHERE C.custID IN 
(SELECT A.customer
FROM Account A
WHERE A.AccStatus = 'Active')

Marks given: 17 of maximum 17

Answer compiles without errors: 1.7 / 1.7
Answer has at least SELECT and FROM: 2.55 / 2.55
Answer has appropriate number of WHERE keyword: 2.55 / 2.55
Answer has appropriate number of tables used: 2.55 / 2.55
Answer has same column count as desired result query: 1.7 / 1.7
Answer has same result set content as desired query: 5.95 / 5.95

7: SELECT T.transLocation, COUNT(A.AccNumber)
FROM Transaction T
LEFT OUTER JOIN Account A ON (T.AccNumber = A.AccNumber AND A.accOpenLocation = T.transLocation)
GROUP BY T.transLocation

Marks given: 4.5 of maximum 5

Answer compiles without errors: 0.5 / 0.5
Answer has at least SELECT and FROM: 0.5 / 0.5
Answer has appropriate number of OUTER/LEFT/RIGHT/BOTH keywords: 0.5 / 0.5
Answer has appropriate number of GROUP BY keywords: 0.5 / 0.5
Answer has appropriate number of tables used: 0.5 / 0.5
Answer has appropriate number of COUNT keyword: 0.5 / 0.5
Answer has appropriate number of DISTINCT keyword: 0 / 0.5
Answer has same result set content as desired query: 1.5 / 1.5

