Assignment  : CS 260, Spring 2019, Lab Test
Student Name: Bailey LaBerge
Answer File : labergebailey_33441_3894655_BAILEYLABERGEMIDETERM.sql
Total Points: 63.3

Your answers, evaluation and points follow.

1: SELECT c.CUSTID, c.FNAME, c.LNAME, a.ACCCLOSEDDATE
FROM Customer c
JOIN Account a
ON a.CUSTOMER = c.CUSTID
WHERE a.CUSTOMER = c.CUSTID

Marks given: 8.25 of maximum 15

Answer compiles without errors: 1.5 / 1.5
Answer has at least SELECT and FROM: 2.25 / 2.25
Answer has same row count as desired query: 0 / 1.5
Answer has same column count as desired result query: 1.5 / 1.5
Answer has appropriate number of tables used: 1.5 / 1.5
Answer has appropriate number of WHERE keyword: 1.5 / 1.5
Answer has same result set content as desired query: 0 / 5.25

2: SELECT a.ACCOPENLOCATION, a.ACCSTATUS, COUNT(*)
  FROM Account a
  GROUP BY a.ACCOPENLOCATION, a.ACCSTATUS
  ORDER BY a.ACCOPENLOCATION

Marks given: 16 of maximum 16

Answer compiles without errors: 2.4 / 2.4
Answer has at least SELECT and FROM: 1.6 / 1.6
Answer has appropriate number of GROUP BY keywords: 1.6 / 1.6
Answer has appropriate number of ORDER BY keywords: 1.6 / 1.6
Answer has same column count as desired result query: 1.6 / 1.6
Answer has same result set content as desired query: 7.2 / 7.2

3: SELECT *
FROM Account a
WHERE a.ACCBALANCE >
  (SELECT AVG(a1.ACCBALANCE)
  FROM Account a1
  WHERE a.ACCTYPE = a1.ACCTYPE)
ORDER BY a.ACCNUMBER

Marks given: 8.1 of maximum 18

Answer compiles without errors: 2.7 / 2.7
Answer has at least SELECT and FROM: 1.8 / 1.8
Answer has appropriate number of AVG keyword: 1.8 / 1.8
Answer has appropriate number of tables used: 1.8 / 1.8
Answer has same column count as desired result query: 0 / 1.8
Answer has same result set content as desired query: 0 / 8.1

4: SELECT t.TRANSLOCATION, AVG(t.TRANSAMOUNT) AS TRANSAMOUNT
FROM TRANSACTION t
WHERE t.TRANSAMOUNT <
  (SELECT AVG(t1.TRANSAMOUNT)
  FROM TRANSACTION t1)
  GROUP BY t.TRANSLOCATION

Marks given: 8.1 of maximum 18

Answer compiles without errors: 2.7 / 2.7
Answer has at least SELECT and FROM: 1.8 / 1.8
Answer has appropriate number of AVG keyword: 0 / 1.8
Answer has appropriate number of GROUP BY keywords: 1.8 / 1.8
Answer has appropriate number of ORDER BY keywords: 0 / 1.8
Answer has appropriate number of DESC keyword: 0 / 0.9
Answer has appropriate number of tables used: 1.8 / 1.8
Answer has same result set content as desired query: 0 / 5.4

5: SELECT DISTINCT c.CUSTID, c.FNAME, c.LNAME, t.TRANSAMOUNT
FROM CUSTOMER c
JOIN ACCOUNT a
ON a.CUSTOMER = c.CUSTID
JOIN TRANSACTION t
ON t.ACCNUMBER = a.ACCNUMBER
WHERE t.TRANSTYPE = 'w'
AND t.TRANSAMOUNT = 
  (SELECT MAX(t.TRANSAMOUNT)
  FROM TRANSACTION t1)
ORDER BY c.CUSTID

Marks given: 8.8 of maximum 16

Answer compiles without errors: 1.6 / 1.6
Answer has at least SELECT and FROM: 1.6 / 1.6
Answer has appropriate number of MAX keyword: 1.6 / 1.6
Answer has appropriate number of GROUP BY keywords: 0 / 1.6
Answer has appropriate number of ORDER BY keywords: 1.6 / 1.6
Answer has appropriate number of tables used: 1.6 / 1.6
Answer has same column count as desired result query: 0.8 / 0.8
Answer has same result set content as desired query: 0 / 5.6

6: SELECT c.CUSTID, c.FNAME, c.LNAME
FROM CUSTOMER c
JOIN ACCOUNT a
ON a.CUSTOMER = c.CUSTID
WHERE NOT c.CUSTID = a.CUSTOMER 
OR a.ACCSTATUS = 'Closed'
OR a.ACCSTATUS = 'Frozen'

Marks given: 11.05 of maximum 17

Answer compiles without errors: 1.7 / 1.7
Answer has at least SELECT and FROM: 2.55 / 2.55
Answer has appropriate number of WHERE keyword: 2.55 / 2.55
Answer has appropriate number of tables used: 2.55 / 2.55
Answer has same column count as desired result query: 1.7 / 1.7
Answer has same result set content as desired query: 0 / 5.95

7: SELECT t.TRANSLOCATION, COUNT(*)
FROM TRANSACTION t
RIGHT JOIN ACCOUNT a
ON a.ACCNUMBER = t.ACCNUMBER
GROUP BY t.TRANSLOCATION

Marks given: 3 of maximum 5

Answer compiles without errors: 0.5 / 0.5
Answer has at least SELECT and FROM: 0.5 / 0.5
Answer has appropriate number of OUTER/LEFT/RIGHT/BOTH keywords: 0.5 / 0.5
Answer has appropriate number of GROUP BY keywords: 0.5 / 0.5
Answer has appropriate number of tables used: 0.5 / 0.5
Answer has appropriate number of COUNT keyword: 0.5 / 0.5
Answer has appropriate number of DISTINCT keyword: 0 / 0.5
Answer has same result set content as desired query: 0 / 1.5

