Assignment  : CS 260, Spring 2019, Lab Test
Student Name: Corbin LaFleur
Answer File : lafleurcorbin_31147_3895800_lafleucj6782-1.sql
Total Points: 97.3

Your answers, evaluation and points follow.

1: SELECT C.CUSTID, C.FNAME, C.LNAME, A.acccloseddate 
FROM customer C 
JOIN ACCOUNT A 
ON A.CUSTOMER = C.CUSTID 
WHERE A.ACCOPENLOCATION = 'Central' 
AND A.ACCCLOSEDDATE >= '1-JAN-18'

Marks given: 15 of maximum 15

Answer compiles without errors: 1.5 / 1.5
Answer has at least SELECT and FROM: 2.25 / 2.25
Answer has same row count as desired query: 1.5 / 1.5
Answer has same column count as desired result query: 1.5 / 1.5
Answer has appropriate number of tables used: 1.5 / 1.5
Answer has appropriate number of WHERE keyword: 1.5 / 1.5
Answer has same result set content as desired query: 5.25 / 5.25

2: SELECT A.ACCOPENLOCATION, A.accStatus, COUNT(A.ACCNUMBER) 
FROM ACCOUNT A 
GROUP BY A.ACCOPENLOCATION, A.ACCSTATUS 
ORDER BY A.ACCOPENLOCATION, A.ACCSTATUS

Marks given: 16 of maximum 16

Answer compiles without errors: 2.4 / 2.4
Answer has at least SELECT and FROM: 1.6 / 1.6
Answer has appropriate number of GROUP BY keywords: 1.6 / 1.6
Answer has appropriate number of ORDER BY keywords: 1.6 / 1.6
Answer has same column count as desired result query: 1.6 / 1.6
Answer has same result set content as desired query: 7.2 / 7.2

3: SELECT A1.ACCNUMBER FROM ACCOUNT A1 WHERE A1.ACCBALANCE > (
  SELECT AVG(A2.accBalance) 
  FROM Account A2 
  WHERE A1.acctype = A2.acctype 
  GROUP BY A2.acctype) 
ORDER BY A1.ACCNUMBER

Marks given: 18 of maximum 18

Answer compiles without errors: 2.7 / 2.7
Answer has at least SELECT and FROM: 1.8 / 1.8
Answer has appropriate number of AVG keyword: 1.8 / 1.8
Answer has appropriate number of tables used: 1.8 / 1.8
Answer has same column count as desired result query: 1.8 / 1.8
Answer has same result set content as desired query: 8.1 / 8.1

4: SELECT T.TRANSLOCATION, CAST (AVG(T.TRANSAMOUNT) AS NUMBER(*,2)) AS AveragePerLocation
FROM Transaction T 
GROUP BY T.TRANSLOCATION 
HAVING AVG(T.transamount)<
  (SELECT AVG(T2.transamount) 
  FROM TRANSACTION T2) 
ORDER BY AVG(T.TRANSAMOUNT) DESC

Marks given: 18 of maximum 18

Answer compiles without errors: 2.7 / 2.7
Answer has at least SELECT and FROM: 1.8 / 1.8
Answer has appropriate number of AVG keyword: 1.8 / 1.8
Answer has appropriate number of GROUP BY keywords: 1.8 / 1.8
Answer has appropriate number of ORDER BY keywords: 1.8 / 1.8
Answer has appropriate number of DESC keyword: 0.9 / 0.9
Answer has appropriate number of tables used: 1.8 / 1.8
Answer has same result set content as desired query: 5.4 / 5.4

5: SELECT c2.CUSTID, c2.FNAME, c2.LNAME, ammount FROM customer c2 JOIN 
  (SELECT C.custID As customerid, MAX(T.TRANSAMOUNT) AS ammount 
  FROM customer C 
  JOIN Account A 
  ON C.CUSTID = A.CUSTOMER 
  JOIN Transaction T 
  ON A.accnumber = T.accNumber  
  WHERE T.transtype = 'w' 
  GROUP BY C.CUSTID)
ON customerid = c2.custID

Marks given: 8.8 of maximum 16

Answer compiles without errors: 1.6 / 1.6
Answer has at least SELECT and FROM: 1.6 / 1.6
Answer has appropriate number of MAX keyword: 1.6 / 1.6
Answer has appropriate number of GROUP BY keywords: 1.6 / 1.6
Answer has appropriate number of ORDER BY keywords: 0 / 1.6
Answer has appropriate number of tables used: 1.6 / 1.6
Answer has same column count as desired result query: 0.8 / 0.8
Answer has same result set content as desired query: 0 / 5.6

6: SELECT c1.CUSTID,c1.FNAME, c1.LNAME FROM customer c1 WHERE c1.CUSTID IN (
  SELECT C.CUSTID FROM CUSTOMER C
  MINUS
  SELECT A.CUSTOMER FROM Account A WHERE A.ACCSTATUS = 'Active')

Marks given: 17 of maximum 17

Answer compiles without errors: 1.7 / 1.7
Answer has at least SELECT and FROM: 2.55 / 2.55
Answer has appropriate number of WHERE keyword: 2.55 / 2.55
Answer has appropriate number of tables used: 2.55 / 2.55
Answer has same column count as desired result query: 1.7 / 1.7
Answer has same result set content as desired query: 5.95 / 5.95

7: SELECT T.TRANSLOCATION, COUNT(A.ACCNUMBER) 
FROM transaction T 
LEFT OUTER JOIN account A 
ON A.ACCOPENLOCATION = T.TRANSLOCATION 
GROUP BY T.TRANSLOCATION

Marks given: 4.5 of maximum 5

Answer compiles without errors: 0.5 / 0.5
Answer has at least SELECT and FROM: 0.5 / 0.5
Answer has appropriate number of OUTER/LEFT/RIGHT/BOTH keywords: 0.5 / 0.5
Answer has appropriate number of GROUP BY keywords: 0.5 / 0.5
Answer has appropriate number of tables used: 0.5 / 0.5
Answer has appropriate number of COUNT keyword: 0.5 / 0.5
Answer has appropriate number of DISTINCT keyword: 0 / 0.5
Answer has same result set content as desired query: 1.5 / 1.5

