Assignment  : CS 260, Spring 2019, Lab Test
Student Name: Alexis Lappe 
Answer File : lappealexis_39079_3894588_LAPPEAA0646-1.sql
Total Points: 98.55

Your answers, evaluation and points follow.

1: SELECT C.CustId, C.FName, C.LName, A.AccClosedDate
FROM Customer C
JOIN Account A
ON(C.CustId = A.Customer)
WHERE A.AccOpenLocation = 'Central'
AND AccClosedDate >= '01-JAN-2018'

Marks given: 15 of maximum 15

Answer compiles without errors: 1.5 / 1.5
Answer has at least SELECT and FROM: 2.25 / 2.25
Answer has same row count as desired query: 1.5 / 1.5
Answer has same column count as desired result query: 1.5 / 1.5
Answer has appropriate number of tables used: 1.5 / 1.5
Answer has appropriate number of WHERE keyword: 1.5 / 1.5
Answer has same result set content as desired query: 5.25 / 5.25

2: SELECT A.AccOpenLocation,A.AccStatus, COUNT (A.AccStatus) AS AccountType
FROM Account A
GROUP BY A.AccStatus, A.AccOpenLocation
ORDER BY A.AccOpenLocation, A.AccStatus

Marks given: 16 of maximum 16

Answer compiles without errors: 2.4 / 2.4
Answer has at least SELECT and FROM: 1.6 / 1.6
Answer has appropriate number of GROUP BY keywords: 1.6 / 1.6
Answer has appropriate number of ORDER BY keywords: 1.6 / 1.6
Answer has same column count as desired result query: 1.6 / 1.6
Answer has same result set content as desired query: 7.2 / 7.2

3: SELECT A.AccNumber
FROM Account A
WHERE A.Accbalance >
  (SELECT AVG (A2.Accbalance)
  FROM Account A2
  WHERE A.AccType = A2.AccType)
  ORDER BY A.AccNumber

Marks given: 18 of maximum 18

Answer compiles without errors: 2.7 / 2.7
Answer has at least SELECT and FROM: 1.8 / 1.8
Answer has appropriate number of AVG keyword: 1.8 / 1.8
Answer has appropriate number of tables used: 1.8 / 1.8
Answer has same column count as desired result query: 1.8 / 1.8
Answer has same result set content as desired query: 8.1 / 8.1

4: SELECT T.TransLocation, AVG(T.TransAmount) AS AverageTransAmount
FROM Transaction T 
GROUP BY T.TransLocation
HAVING  AVG(T.TransAmount) <
  (SELECT AVG (TransAmount)
  FROM Transaction T2)
  ORDER BY AVG(T.TransAmount) DESC

Marks given: 18 of maximum 18

Answer compiles without errors: 2.7 / 2.7
Answer has at least SELECT and FROM: 1.8 / 1.8
Answer has appropriate number of AVG keyword: 1.8 / 1.8
Answer has appropriate number of GROUP BY keywords: 1.8 / 1.8
Answer has appropriate number of ORDER BY keywords: 1.8 / 1.8
Answer has appropriate number of DESC keyword: 0.9 / 0.9
Answer has appropriate number of tables used: 1.8 / 1.8
Answer has same result set content as desired query: 5.4 / 5.4

5: SELECT C.CustId, C.FName, C.LName, MAX(T.TransAmount) AS MaxTransAmount
FROM Customer C
JOIN Account A ON (C.CustId = A.Customer)
JOIN Transaction T ON (T.AccNumber = A.AccNumber)
WHERE T.TransType = 'w'
AND A.AccType = 'savings'
GROUP BY C.CustId,C.FName, C.LName
ORDER BY C.CustId

Marks given: 16 of maximum 16

Answer compiles without errors: 1.6 / 1.6
Answer has at least SELECT and FROM: 1.6 / 1.6
Answer has appropriate number of MAX keyword: 1.6 / 1.6
Answer has appropriate number of GROUP BY keywords: 1.6 / 1.6
Answer has appropriate number of ORDER BY keywords: 1.6 / 1.6
Answer has appropriate number of tables used: 1.6 / 1.6
Answer has same column count as desired result query: 0.8 / 0.8
Answer has same result set content as desired query: 5.6 / 5.6

6: SELECT DISTINCT C.CustId, C.FName, C.LName
FROM Customer C
MINUS
SELECT C.CustId, C.FName, C.LName
FROM Customer C
JOIN Account A
ON(C.CustId = A.Customer)
WHERE A.AccType = 'Active'

Marks given: 11.05 of maximum 17

Answer compiles without errors: 1.7 / 1.7
Answer has at least SELECT and FROM: 2.55 / 2.55
Answer has appropriate number of WHERE keyword: 2.55 / 2.55
Answer has appropriate number of tables used: 2.55 / 2.55
Answer has same column count as desired result query: 1.7 / 1.7
Answer has same result set content as desired query: 0 / 5.95

7: SELECT T.TransLocation, COUNT(A.AccNumber) AS NumAccountsOpened
FROM Transaction T
LEFT OUTER JOIN  Account A
ON(A.AccOpenLocation = T.TransLocation)
GROUP BY T.TransLocation

Marks given: 4.5 of maximum 5

Answer compiles without errors: 0.5 / 0.5
Answer has at least SELECT and FROM: 0.5 / 0.5
Answer has appropriate number of OUTER/LEFT/RIGHT/BOTH keywords: 0.5 / 0.5
Answer has appropriate number of GROUP BY keywords: 0.5 / 0.5
Answer has appropriate number of tables used: 0.5 / 0.5
Answer has appropriate number of COUNT keyword: 0.5 / 0.5
Answer has appropriate number of DISTINCT keyword: 0 / 0.5
Answer has same result set content as desired query: 1.5 / 1.5

