Assignment  : CS 260, Spring 2019, Lab Test
Student Name: Nathan Leach
Answer File : leachnathan_35820_3895764_LEACHNT6386-1.sql
Total Points: 77.9

Your answers, evaluation and points follow.

1: SELECT C.CUSTID, C.FNAME, C.LNAME, A.ACCCLOSEDDATE
  FROM CUSTOMER C
  JOIN ACCOUNT A
  ON (C.CUSTID = A.CUSTOMER)
  WHERE A.ACCCLOSEDDATE >= '01-JAN-2018'

Marks given: 9 of maximum 15

Answer compiles without errors: 1.5 / 1.5
Answer has at least SELECT and FROM: 2.25 / 2.25
Answer has same row count as desired query: 0.75 / 1.5
Answer has same column count as desired result query: 1.5 / 1.5
Answer has appropriate number of tables used: 1.5 / 1.5
Answer has appropriate number of WHERE keyword: 1.5 / 1.5
Answer has same result set content as desired query: 0 / 5.25

2: SELECT A.ACCOPENLOCATION, A.ACCSTATUS, COUNT(A.ACCSTATUS)
  FROM ACCOUNT A
  GROUP BY A.ACCOPENLOCATION, A.ACCSTATUS
  ORDER BY A.ACCOPENLOCATION, A.ACCSTATUS

Marks given: 16 of maximum 16

Answer compiles without errors: 2.4 / 2.4
Answer has at least SELECT and FROM: 1.6 / 1.6
Answer has appropriate number of GROUP BY keywords: 1.6 / 1.6
Answer has appropriate number of ORDER BY keywords: 1.6 / 1.6
Answer has same column count as desired result query: 1.6 / 1.6
Answer has same result set content as desired query: 7.2 / 7.2

3: SELECT A1.ACCNUMBER
  FROM ACCOUNT A1
  WHERE A1.ACCBALANCE >
    (SELECT AVG(A2.ACCBALANCE)
      FROM ACCOUNT A2
      WHERE A2.ACCTYPE = A1.ACCTYPE)
  ORDER BY A1.ACCNUMBER ASC

Marks given: 18 of maximum 18

Answer compiles without errors: 2.7 / 2.7
Answer has at least SELECT and FROM: 1.8 / 1.8
Answer has appropriate number of AVG keyword: 1.8 / 1.8
Answer has appropriate number of tables used: 1.8 / 1.8
Answer has same column count as desired result query: 1.8 / 1.8
Answer has same result set content as desired query: 8.1 / 8.1

4: SELECT T.TRANSLOCATION, CAST (AVG(T.TRANSAMOUNT) AS NUMBER(*,2))
  FROM TRANSACTION T
  GROUP BY T.TRANSLOCATION 
  HAVING avg(T.TRANSAMOUNT) > 
    (SELECT AVG(T1.TRANSAMOUNT)
    FROM TRANSACTION T1)

Marks given: 9.9 of maximum 18

Answer compiles without errors: 2.7 / 2.7
Answer has at least SELECT and FROM: 1.8 / 1.8
Answer has appropriate number of AVG keyword: 1.8 / 1.8
Answer has appropriate number of GROUP BY keywords: 1.8 / 1.8
Answer has appropriate number of ORDER BY keywords: 0 / 1.8
Answer has appropriate number of DESC keyword: 0 / 0.9
Answer has appropriate number of tables used: 1.8 / 1.8
Answer has same result set content as desired query: 0 / 5.4

5: SELECT C.CUSTID, C.FNAME, C.LNAME--, MAX(T1.TRANSAMOUNT)
  FROM CUSTOMER C
  WHERE C.CUSTID IN
    (SELECT A.CUSTOMER
      FROM ACCOUNT A
      WHERE A.ACCNUMBER IN
        (SELECT T.ACCNUMBER
          FROM TRANSACTION T
          WHERE T.TRANSTYPE = 'w'))
          
  ORDER BY C.CUSTID ASC

Marks given: 8 of maximum 16

Answer compiles without errors: 1.6 / 1.6
Answer has at least SELECT and FROM: 1.6 / 1.6
Answer has appropriate number of MAX keyword: 1.6 / 1.6
Answer has appropriate number of GROUP BY keywords: 0 / 1.6
Answer has appropriate number of ORDER BY keywords: 1.6 / 1.6
Answer has appropriate number of tables used: 1.6 / 1.6
Answer has same column count as desired result query: 0 / 0.8
Answer has same result set content as desired query: 0 / 5.6

6: SELECT C.CUSTID, C.FNAME, C.LNAME
  FROM CUSTOMER C
  WHERE C.CUSTID NOT IN 
    (SELECT A.CUSTOMER
      FROM ACCOUNT A
      WHERE ACCSTATUS = 'Active')

Marks given: 17 of maximum 17

Answer compiles without errors: 1.7 / 1.7
Answer has at least SELECT and FROM: 2.55 / 2.55
Answer has appropriate number of WHERE keyword: 2.55 / 2.55
Answer has appropriate number of tables used: 2.55 / 2.55
Answer has same column count as desired result query: 1.7 / 1.7
Answer has same result set content as desired query: 5.95 / 5.95

7: 

Marks given: 0 of maximum 5

Answer compiles without errors: 0 / 0.5
Answer has at least SELECT and FROM: 0 / 0.5
Answer has appropriate number of OUTER/LEFT/RIGHT/BOTH keywords: 0 / 0.5
Answer has appropriate number of GROUP BY keywords: 0 / 0.5
Answer has appropriate number of tables used: 0 / 0.5
Answer has appropriate number of COUNT keyword: 0 / 0.5
Answer has appropriate number of DISTINCT keyword: 0 / 0.5
Answer has same result set content as desired query: 0 / 1.5

