Assignment  : CS 260, Spring 2019, Lab Test
Student Name: Shuyu Li
Answer File : lishuyu_177235_3896044_LIS0018-1.sql
Total Points: 77.4

Your answers, evaluation and points follow.

1: SELECT C.custid,C.fname,C.lname FROM Customer C JOIN Account A On(C.CUSTID=A.CUSTOMER)WHERE A.ACCOPENLOCATION='Central'and A.ACCCLOSEDDATE>='01-JAN-18'

Marks given: 8.25 of maximum 15

Answer compiles without errors: 1.5 / 1.5
Answer has at least SELECT and FROM: 2.25 / 2.25
Answer has same row count as desired query: 1.5 / 1.5
Answer has same column count as desired result query: 0 / 1.5
Answer has appropriate number of tables used: 1.5 / 1.5
Answer has appropriate number of WHERE keyword: 1.5 / 1.5
Answer has same result set content as desired query: 0 / 5.25

2: SELECT A.ACCOPENLOCATION,A.ACCSTATUS,count(*) FROM ACCOUNT A GROUP BY A.ACCOPENLOCATION,A.ACCSTATUS ORDER BY A.ACCOPENLOCATION

Marks given: 16 of maximum 16

Answer compiles without errors: 2.4 / 2.4
Answer has at least SELECT and FROM: 1.6 / 1.6
Answer has appropriate number of GROUP BY keywords: 1.6 / 1.6
Answer has appropriate number of ORDER BY keywords: 1.6 / 1.6
Answer has same column count as desired result query: 1.6 / 1.6
Answer has same result set content as desired query: 7.2 / 7.2

3: SELECT A1.ACCNUMBER FROM ACCOUNT A1 WHERE A1.ACCBALANCE>(SELECT AVG(A2.ACCBALANCE)FROM ACCOUNT A2 WHERE A1.ACCTYPE=A2.ACCTYPE) ORDER BY A1.ACCNUMBER

Marks given: 18 of maximum 18

Answer compiles without errors: 2.7 / 2.7
Answer has at least SELECT and FROM: 1.8 / 1.8
Answer has appropriate number of AVG keyword: 1.8 / 1.8
Answer has appropriate number of tables used: 1.8 / 1.8
Answer has same column count as desired result query: 1.8 / 1.8
Answer has same result set content as desired query: 8.1 / 8.1

4: SELECT T1.TRANSLOCATION,(SELECT AVG(COUNT(*)) FROM TRANSACTION T2) FROM TRANSACTION T1 WHERE T2.AVG(COUNT(*))<AVG(T1.TRANSAMOUNT)  ORDER BY T1.TRANSAMOUNT Desc

Marks given: 8.1 of maximum 18

Answer compiles without errors: 0 / 2.7
Answer has at least SELECT and FROM: 1.8 / 1.8
Answer has appropriate number of AVG keyword: 1.8 / 1.8
Answer has appropriate number of GROUP BY keywords: 0 / 1.8
Answer has appropriate number of ORDER BY keywords: 1.8 / 1.8
Answer has appropriate number of DESC keyword: 0.9 / 0.9
Answer has appropriate number of tables used: 1.8 / 1.8
Answer has same result set content as desired query: 0 / 5.4

5: SELECT C.custid,C.fname,C.lname,MAX(T.TRANSAMOUNT) FROM CUSTOMER C JOIN ACCOUNT A ON(A.CUSTOMER=C.CUSTID) JOIN TRANSACTION T ON(T.ACCNUMBER=A.ACCNUMBER)WHERE T.TRANSTYPE='w' AND A.ACCTYPE='savings'
GROUP BY C.CUSTID,C.fname,C.lname ORDER BY C.CUSTID

Marks given: 16 of maximum 16

Answer compiles without errors: 1.6 / 1.6
Answer has at least SELECT and FROM: 1.6 / 1.6
Answer has appropriate number of MAX keyword: 1.6 / 1.6
Answer has appropriate number of GROUP BY keywords: 1.6 / 1.6
Answer has appropriate number of ORDER BY keywords: 1.6 / 1.6
Answer has appropriate number of tables used: 1.6 / 1.6
Answer has same column count as desired result query: 0.8 / 0.8
Answer has same result set content as desired query: 5.6 / 5.6

6: SELECT C.CUSTID,C.FNAME,C.LNAME FROM CUSTOMER C JOIN ACCOUNT A ON(A.CUSTOMER=C.CUSTID) WHERE A.ACCSTATUS='Closed' OR A.ACCSTATUS='Frozen' UNION
(SELECT C.CUSTID,C.FNAME,C.LNAME FROM CUSTOMER C FULL JOIN ACCOUNT A ON(A.CUSTOMER=C.CUSTID)GROUP BY  C.CUSTID,C.FNAME,C.LNAME MINUS
SELECT C.CUSTID,C.FNAME,C.LNAME FROM CUSTOMER C RIGHT OUTER JOIN ACCOUNT A ON(A.CUSTOMER=C.CUSTID) GROUP BY  C.CUSTID,C.FNAME,C.LNAME)

Marks given: 11.05 of maximum 17

Answer compiles without errors: 1.7 / 1.7
Answer has at least SELECT and FROM: 2.55 / 2.55
Answer has appropriate number of WHERE keyword: 2.55 / 2.55
Answer has appropriate number of tables used: 2.55 / 2.55
Answer has same column count as desired result query: 1.7 / 1.7
Answer has same result set content as desired query: 0 / 5.95

7: 

Marks given: 0 of maximum 5

Answer compiles without errors: 0 / 0.5
Answer has at least SELECT and FROM: 0 / 0.5
Answer has appropriate number of OUTER/LEFT/RIGHT/BOTH keywords: 0 / 0.5
Answer has appropriate number of GROUP BY keywords: 0 / 0.5
Answer has appropriate number of tables used: 0 / 0.5
Answer has appropriate number of COUNT keyword: 0 / 0.5
Answer has appropriate number of DISTINCT keyword: 0 / 0.5
Answer has same result set content as desired query: 0 / 1.5

