Assignment  : CS 260, Fall 2019, Lab Test
Student Name: Student 42
Answer File : lt_s42.sql
Total Points: 57.82

Your answers, evaluation and points follow.

1: SELECT CUSTID,FNAME,LNAME, ACCCLOSEDDATE
    FROM CUSTOMER
    JOIN ACCOUNT ON(CUSTOMER.CUSTID = ACCOUNT.CUSTOMER)
    WHERE(ACCOPENLOCATION = 'Central') AND (ACCCLOSEDDATE >= to_date('01,MAR,2017' , 'DD-MM-YYYY'))

Points given: 13.5 of maximum 15

Answer compiles without errors: 1.5 / 1.5
Answer has at least SELECT and FROM: 2.25 / 2.25
Answer has same row count as desired query: 1.5 / 1.5
Answer has same column count as desired result query: 1.5 / 1.5
Answer has appropriate number of tables used: 1.5 / 1.5
Answer has appropriate number of WHERE keyword: 0 / 1.5
Answer has same result set content as desired query: 5.25 / 5.25

2: SELECT ACCOPENLOCATION ,ACCSTATUS,COUNT(ACCSTATUS)
       FROM ACCOUNT
       GROUP BY(ACCOPENLOCATION)
       Order by ACCOPENLOCATION

Points given: 4.8 of maximum 16

Answer compiles without errors: 0 / 2.4
Answer has at least SELECT and FROM: 1.6 / 1.6
Answer has appropriate number of GROUP BY keywords: 1.6 / 1.6
Answer has appropriate number of ORDER BY keywords: 1.6 / 1.6
Answer has same column count as desired result query: 0 / 1.6
Answer has same result set content as desired query: 0 / 7.2

3: SELECT DISTINCT a.ACCTYPE , a.ACCNUMBER,a.ACCBALANCE
    FROM ACCOUNT a
    WHERE a.ACCBALANCE > (SELECT AVG(b.ACCBALANCE)
                          FROM ACCOUNT b
                          WHERE(b.ACCTYPE = a.ACCTYPE)
                          GROUP By(b.ACCTYPE))
                          ORDER BY a.ACCNUMBER ASC

Points given: 13.77 of maximum 18

Answer compiles without errors: 2.7 / 2.7
Answer has at least SELECT and FROM: 1.8 / 1.8
Answer has appropriate number of AVG keyword: 1.8 / 1.8
Answer has appropriate number of tables used: 1.8 / 1.8
Answer has same column count as desired result query: 0 / 1.8
Answer has same result set content as desired query: 5.67 / 8.1

4: SELECT t.TRANSLOCATION , t.TRANSAMOUNT
    FROM TRANSACTION t
    WHERE t.TRANSAMOUNT < (SELECT AVG (t2.TRANSAMOUNT)
                            FROM TRANSACTION t2
                            WHERE(t2.TRANSLOCATION = t.TRANSLOCATION)
                            GROUP By(t2.TRANSLOCATION))
                            ORDER BY t.TRANSAMOUNT

Points given: 9.9 of maximum 18

Answer compiles without errors: 2.7 / 2.7
Answer has at least SELECT and FROM: 1.8 / 1.8
Answer has appropriate number of AVG keyword: 0 / 1.8
Answer has appropriate number of GROUP BY keywords: 1.8 / 1.8
Answer has appropriate number of ORDER BY keywords: 1.8 / 1.8
Answer has appropriate number of DESC keyword: 0 / 0.9
Answer has appropriate number of tables used: 1.8 / 1.8
Answer has same result set content as desired query: 0 / 5.4

5: SELECT a.CUSTID,a.FNAME,a.LNAME,MAX(TRANSAMOUNT)
    FROM CUSTOMER a
    JOIN ACCOUNT ON(ACCOUNT.ACCNUMBER = a.CUSTID)
    JOIN TRANSACTION ON (TRANSACTION.ACCNUMBER = ACCOUNT.ACCNUMBER)
    WHERE (TRANSACTION.TRANSTYPE = 'w') AND (ACCOUNT.ACCTYPE = 'Savings')

Points given: 4.8 of maximum 16

Answer compiles without errors: 0 / 1.6
Answer has at least SELECT and FROM: 1.6 / 1.6
Answer has appropriate number of MAX keyword: 1.6 / 1.6
Answer has appropriate number of GROUP BY keywords: 0 / 1.6
Answer has appropriate number of ORDER BY keywords: 0 / 1.6
Answer has appropriate number of tables used: 1.6 / 1.6
Answer has same column count as desired result query: 0 / 0.8
Answer has same result set content as desired query: 0 / 5.6

6: SELECT DISTINCT CUSTID,FNAME,LNAME
    FROM CUSTOMER 
    JOIN ACCOUNT ON (CUSTOMER.CUSTID = ACCOUNT.CUSTOMER )
    WHERE (ACCSTATUS = 'Closed') OR (ACCSTATUS = 'Frozen')

Points given: 11.05 of maximum 17

Answer compiles without errors: 1.7 / 1.7
Answer has at least SELECT and FROM: 2.55 / 2.55
Answer has appropriate number of WHERE keyword: 2.55 / 2.55
Answer has appropriate number of tables used: 2.55 / 2.55
Answer has same column count as desired result query: 1.7 / 1.7
Answer has same result set content as desired query: 0 / 5.95

7: 

Points given: 0 of maximum 5

Answer compiles without errors: 0 / 0.5
Answer has at least SELECT and FROM: 0 / 0.5
Answer has appropriate number of OUTER/LEFT/RIGHT/BOTH keywords: 0 / 0.5
Answer has appropriate number of GROUP BY keywords: 0 / 0.5
Answer has appropriate number of tables used: 0 / 0.5
Answer has appropriate number of COUNT keyword: 0 / 0.5
Answer has appropriate number of DISTINCT keyword: 0 / 0.5
Answer has same result set content as desired query: 0 / 1.5

