Assignment  : CS 260, Fall 2019, Lab Test
Student Name: Student 43
Answer File : lt_s43.sql
Total Points: 56.85

Your answers, evaluation and points follow.

1: SELECT c.CUSTID, c.FNAME, c.LNAME, a.ACCCLOSEDDATE FROM CUSTOMER c
INNER JOIN ACCOUNT a ON c.CUSTID = a.customer
WHERE a.ACCOPENLOCATION LIKE '%Central%'  AND
a.ACCCLOSEDDATE >= '01-MAR-17'

Points given: 15 of maximum 15

Answer compiles without errors: 1.5 / 1.5
Answer has at least SELECT and FROM: 2.25 / 2.25
Answer has same row count as desired query: 1.5 / 1.5
Answer has same column count as desired result query: 1.5 / 1.5
Answer has appropriate number of tables used: 1.5 / 1.5
Answer has appropriate number of WHERE keyword: 1.5 / 1.5
Answer has same result set content as desired query: 5.25 / 5.25

2: SELECT a.ACCOPENLOCATION, a.ACCSTATUS, COUNT(*) FROM ACCOUNT a
GROUP BY a.ACCOPENLOCATION, a.ACCSTATU
ORDER BY a.ACCOPENLOCATION, a.ACCSTATUS

Points given: 4.8 of maximum 16

Answer compiles without errors: 0 / 2.4
Answer has at least SELECT and FROM: 1.6 / 1.6
Answer has appropriate number of GROUP BY keywords: 1.6 / 1.6
Answer has appropriate number of ORDER BY keywords: 1.6 / 1.6
Answer has same column count as desired result query: 0 / 1.6
Answer has same result set content as desired query: 0 / 7.2

3: SELECT a.ACCNUMBER FROM ACCOUNT a
WHERE a.ACCBALANCE > ANY
    (SELECT AVG(a.ACCBALANCE) FROM ACCOUNT a
      WHERE a.ACCTYPE = a.ACCTYPE
      ORDER BY a.ACCNUMBER)

Points given: 5.4 of maximum 18

Answer compiles without errors: 0 / 2.7
Answer has at least SELECT and FROM: 1.8 / 1.8
Answer has appropriate number of AVG keyword: 1.8 / 1.8
Answer has appropriate number of tables used: 1.8 / 1.8
Answer has same column count as desired result query: 0 / 1.8
Answer has same result set content as desired query: 0 / 8.1

4: SELECT AVG(t.TRANSAMOUNT), t.TRANSLOCATION FROM TRANSACTION t
WHERE t.TRANSAMOUNT > ALL
     (SELECT AVG(t.TRANSAMOUNT) FROM TRANSACTION t
      ORDER BY AVG(t.transamount) )

Points given: 7.2 of maximum 18

Answer compiles without errors: 0 / 2.7
Answer has at least SELECT and FROM: 1.8 / 1.8
Answer has appropriate number of AVG keyword: 1.8 / 1.8
Answer has appropriate number of GROUP BY keywords: 0 / 1.8
Answer has appropriate number of ORDER BY keywords: 1.8 / 1.8
Answer has appropriate number of DESC keyword: 0 / 0.9
Answer has appropriate number of tables used: 1.8 / 1.8
Answer has same result set content as desired query: 0 / 5.4

5: SELECT c.CUSTID,c.FNAME,c.LNAME, MAX(t.TRANSAMOUNT) FROM CUSTOMER c
INNER JOIN ACCOUNT a ON c.CUSTID = a.CUSTOMER
INNER JOIN TRANSACTION t on a.ACCNUMBER = t.ACCNUMBER
WHERE t.TRANSTYPE LIKE '%w%'
GROUP BY(t.TRANSAMOUNT,c.CUSTID,c.FNAME,c.LNAME)
ORDER BY c.CUSTID

Points given: 10.4 of maximum 16

Answer compiles without errors: 1.6 / 1.6
Answer has at least SELECT and FROM: 1.6 / 1.6
Answer has appropriate number of MAX keyword: 1.6 / 1.6
Answer has appropriate number of GROUP BY keywords: 1.6 / 1.6
Answer has appropriate number of ORDER BY keywords: 1.6 / 1.6
Answer has appropriate number of tables used: 1.6 / 1.6
Answer has same column count as desired result query: 0.8 / 0.8
Answer has same result set content as desired query: 0 / 5.6

6: SELECT c.CUSTID, c.FNAME, c.LNAME FROM CUSTOMER c
LEFT OUTER JOIN ACCOUNT a ON c.CUSTID = a.CUSTOMER
WHERE a.ACCSTATUS LIKE '%Closed%' OR
a.ACCSTATUS LIKE '%Frozen%'
GROUP BY(c.CUSTID, c.FNAME, c.LNAME)

Points given: 11.05 of maximum 17

Answer compiles without errors: 1.7 / 1.7
Answer has at least SELECT and FROM: 2.55 / 2.55
Answer has appropriate number of WHERE keyword: 2.55 / 2.55
Answer has appropriate number of tables used: 2.55 / 2.55
Answer has same column count as desired result query: 1.7 / 1.7
Answer has same result set content as desired query: 0 / 5.95

7: SELECT t.TRANSLOCATION, COUNT(*) FROM TRANSACTION t
LEFT OUTER JOIN ACCOUNT a ON t.ACCNUMBER = a.ACCNUMBER
GROUP BY(t.TRANSLOCATION)

Points given: 3 of maximum 5

Answer compiles without errors: 0.5 / 0.5
Answer has at least SELECT and FROM: 0.5 / 0.5
Answer has appropriate number of OUTER/LEFT/RIGHT/BOTH keywords: 0.5 / 0.5
Answer has appropriate number of GROUP BY keywords: 0.5 / 0.5
Answer has appropriate number of tables used: 0.5 / 0.5
Answer has appropriate number of COUNT keyword: 0.5 / 0.5
Answer has appropriate number of DISTINCT keyword: 0 / 0.5
Answer has same result set content as desired query: 0 / 1.5

