Assignment  : CS 260, Fall 2019, Lab Test
Student Name: Student 10
Answer File : lt_s10.sql
Total Points: 64.87

Your answers, evaluation and points follow.

1: SELECT CustID, FName, LName, TO_CHAR(AccClosedDate, 'DD-MM-YYYY') as "AccClosedDate"
FROM Customer
JOIN Account
ON(CustID = Customer)
WHERE (AccOpenLocation LIKE 'Central' AND AccClosedDate >= '01-MAR-2017')
ORDER BY AccClosedDate DESC

Points given: 15 of maximum 15

Answer compiles without errors: 1.5 / 1.5
Answer has at least SELECT and FROM: 2.25 / 2.25
Answer has same row count as desired query: 1.5 / 1.5
Answer has same column count as desired result query: 1.5 / 1.5
Answer has appropriate number of tables used: 1.5 / 1.5
Answer has appropriate number of WHERE keyword: 1.5 / 1.5
Answer has same result set content as desired query: 5.25 / 5.25

2: SELECT DISTINCT AccOpenLocation, AccStatus
FROM Account
ORDER BY AccOpenLocation ASC, AccStatus ASC

Points given: 5.6 of maximum 16

Answer compiles without errors: 2.4 / 2.4
Answer has at least SELECT and FROM: 1.6 / 1.6
Answer has appropriate number of GROUP BY keywords: 0 / 1.6
Answer has appropriate number of ORDER BY keywords: 1.6 / 1.6
Answer has same column count as desired result query: 0 / 1.6
Answer has same result set content as desired query: 0 / 7.2

3: SELECT A1.AccNumber, A1.AccBalance, A1.AccType
FROM Account A1
WHERE (AccBalance >
    (SELECT AVG(A2.AccBalance) FROM Account A2
    WHERE (A1.AccType = A2.AccType)
    GROUP BY A1.AccNumber))
    ORDER BY A1.AccNumber ASC

Points given: 13.77 of maximum 18

Answer compiles without errors: 2.7 / 2.7
Answer has at least SELECT and FROM: 1.8 / 1.8
Answer has appropriate number of AVG keyword: 1.8 / 1.8
Answer has appropriate number of tables used: 1.8 / 1.8
Answer has same column count as desired result query: 0 / 1.8
Answer has same result set content as desired query: 5.67 / 8.1

4: SELECT T1.TransLocation, T1.TransAmount
FROM Transaction T1
WHERE (T1.TransAmount > 
    (SELECT AVG(TransAmount) FROM Transaction T2
    WHERE (T1.TransLocation = T2.TransLocation)
    GROUP BY T2.TransLocation))
    ORDER BY TransAmount DESC

Points given: 10.8 of maximum 18

Answer compiles without errors: 2.7 / 2.7
Answer has at least SELECT and FROM: 1.8 / 1.8
Answer has appropriate number of AVG keyword: 0 / 1.8
Answer has appropriate number of GROUP BY keywords: 1.8 / 1.8
Answer has appropriate number of ORDER BY keywords: 1.8 / 1.8
Answer has appropriate number of DESC keyword: 0.9 / 0.9
Answer has appropriate number of tables used: 1.8 / 1.8
Answer has same result set content as desired query: 0 / 5.4

5: SELECT DISTINCT C.CustID, C.FName, C.LName, T.TransAmount
FROM Transaction T
JOIN Account A
ON (T.AccNumber = A.AccNumber AND T.TransType LIKE 'w')
JOIN Customer C
ON (A.Customer = C.CustID AND A.AccType LIKE 'savings')

Points given: 11.2 of maximum 16

Answer compiles without errors: 1.6 / 1.6
Answer has at least SELECT and FROM: 1.6 / 1.6
Answer has appropriate number of MAX keyword: 0 / 1.6
Answer has appropriate number of GROUP BY keywords: 0 / 1.6
Answer has appropriate number of ORDER BY keywords: 0 / 1.6
Answer has appropriate number of tables used: 1.6 / 1.6
Answer has same column count as desired result query: 0.8 / 0.8
Answer has same result set content as desired query: 5.6 / 5.6

6: SELECT DISTINCT C.CustID, C.FName, C.LName
FROM Customer C
JOIN Account A
ON (CustID = Customer AND (AccStatus LIKE 'Frozen' OR AccStatus LIKE 'Closed'))

Points given: 8.5 of maximum 17

Answer compiles without errors: 1.7 / 1.7
Answer has at least SELECT and FROM: 2.55 / 2.55
Answer has appropriate number of WHERE keyword: 0 / 2.55
Answer has appropriate number of tables used: 2.55 / 2.55
Answer has same column count as desired result query: 1.7 / 1.7
Answer has same result set content as desired query: 0 / 5.95

7: 

Points given: 0 of maximum 5

Answer compiles without errors: 0 / 0.5
Answer has at least SELECT and FROM: 0 / 0.5
Answer has appropriate number of OUTER/LEFT/RIGHT/BOTH keywords: 0 / 0.5
Answer has appropriate number of GROUP BY keywords: 0 / 0.5
Answer has appropriate number of tables used: 0 / 0.5
Answer has appropriate number of COUNT keyword: 0 / 0.5
Answer has appropriate number of DISTINCT keyword: 0 / 0.5
Answer has same result set content as desired query: 0 / 1.5

