Assignment  : CS 260, Fall 2019, Lab Test
Student Name: Student 22
Answer File : lt_s22.sql
Total Points: 79.57

Your answers, evaluation and points follow.

1: SELECT c.custid,c.fname,c.lname,a.acccloseddate
FROM customer c
JOIN account a ON c.custid = a.customer
WHERE a.accopenlocation LIKE 'Central' AND a.acccloseddate >= '01-MAR-17'

Points given: 15 of maximum 15

Answer compiles without errors: 1.5 / 1.5
Answer has at least SELECT and FROM: 2.25 / 2.25
Answer has same row count as desired query: 1.5 / 1.5
Answer has same column count as desired result query: 1.5 / 1.5
Answer has appropriate number of tables used: 1.5 / 1.5
Answer has appropriate number of WHERE keyword: 1.5 / 1.5
Answer has same result set content as desired query: 5.25 / 5.25

2: SELECT a.accopenlocation, a.accstatus, COUNT(a.accstatus)
FROM account a
GROUP BY a.accopenlocation , a.accstatus 
ORDER BY a.accopenlocation ASC

Points given: 16 of maximum 16

Answer compiles without errors: 2.4 / 2.4
Answer has at least SELECT and FROM: 1.6 / 1.6
Answer has appropriate number of GROUP BY keywords: 1.6 / 1.6
Answer has appropriate number of ORDER BY keywords: 1.6 / 1.6
Answer has same column count as desired result query: 1.6 / 1.6
Answer has same result set content as desired query: 7.2 / 7.2

3: SELECT a.accnumber
FROM account a
WHERE a.acctype IN
    (SELECT b.acctype
    FROM account b
    GROUP BY acctype
    HAVING AVG(b.accbalance) < a.accbalance)
    ORDER BY a.accnumber ASC

Points given: 18 of maximum 18

Answer compiles without errors: 2.7 / 2.7
Answer has at least SELECT and FROM: 1.8 / 1.8
Answer has appropriate number of AVG keyword: 1.8 / 1.8
Answer has appropriate number of tables used: 1.8 / 1.8
Answer has same column count as desired result query: 1.8 / 1.8
Answer has same result set content as desired query: 8.1 / 8.1

4: SELECT b.translocation, AVG(b.transamount)
FROM transaction a
JOIN transaction b ON  a.transid = b.transid
GROUP BY b.translocation
HAVING AVG(b.transamount)<= AVG(a.transamount)
    MINUS
SELECT c.translocation, AVG(c.transamount)
FROM transaction d
JOIN transaction c ON  d.transid = c.transid
GROUP BY c.translocation
HAVING AVG(d.transamount)< AVG(c.transamount)

Points given: 11.52 of maximum 18

Answer compiles without errors: 2.7 / 2.7
Answer has at least SELECT and FROM: 1.8 / 1.8
Answer has appropriate number of AVG keyword: 1.8 / 1.8
Answer has appropriate number of GROUP BY keywords: 1.8 / 1.8
Answer has appropriate number of ORDER BY keywords: 0 / 1.8
Answer has appropriate number of DESC keyword: 0 / 0.9
Answer has appropriate number of tables used: 1.8 / 1.8
Answer has same result set content as desired query: 1.62 / 5.4

5: SELECT t.accnumber, MAX(t.transamount)
    FROM transaction t
    JOIN account a
    ON a.accnumber = t.accnumber
    WHERE t.transtype LIKE 'w'
    GROUP BY t.accnumber
        INTERSECT
    SELECT t.accnumber, MAX(t.transamount)
    FROM transaction t
    JOIN account a
    ON a.accnumber = t.accnumber
    WHERE a.acctype LIKE 'savings'
    GROUP BY t.accnumber

Points given: 8 of maximum 16

Answer compiles without errors: 1.6 / 1.6
Answer has at least SELECT and FROM: 1.6 / 1.6
Answer has appropriate number of MAX keyword: 1.6 / 1.6
Answer has appropriate number of GROUP BY keywords: 1.6 / 1.6
Answer has appropriate number of ORDER BY keywords: 0 / 1.6
Answer has appropriate number of tables used: 1.6 / 1.6
Answer has same column count as desired result query: 0 / 0.8
Answer has same result set content as desired query: 0 / 5.6

6: SELECT c.custid, c.fname,c.lname
FROM customer c
JOIN account a
ON c.custid = a.customer
    MINUS
SELECT c.custid, c.fname,c.lname
FROM customer c
JOIN account a
ON c.custid = a.customer
WHERE a.acctype LIKE 'Active'

Points given: 11.05 of maximum 17

Answer compiles without errors: 1.7 / 1.7
Answer has at least SELECT and FROM: 2.55 / 2.55
Answer has appropriate number of WHERE keyword: 2.55 / 2.55
Answer has appropriate number of tables used: 2.55 / 2.55
Answer has same column count as desired result query: 1.7 / 1.7
Answer has same result set content as desired query: 0 / 5.95

7: 

Points given: 0 of maximum 5

Answer compiles without errors: 0 / 0.5
Answer has at least SELECT and FROM: 0 / 0.5
Answer has appropriate number of OUTER/LEFT/RIGHT/BOTH keywords: 0 / 0.5
Answer has appropriate number of GROUP BY keywords: 0 / 0.5
Answer has appropriate number of tables used: 0 / 0.5
Answer has appropriate number of COUNT keyword: 0 / 0.5
Answer has appropriate number of DISTINCT keyword: 0 / 0.5
Answer has same result set content as desired query: 0 / 1.5

