Assignment  : CS 260, Fall 2019, Lab Test
Student Name: Student 26
Answer File : lt_s26.sql
Total Points: 97.9

Your answers, evaluation and points follow.

1: SELECT CustID, FName, LName, AccClosedDate
        FROM Customer C
        JOIN Account A
        ON C.CustID = A.Customer
        WHERE LOWER(A.AccOpenLocation) LIKE '%central%' AND A.AccClosedDate >= '01-MAR-2017'

Points given: 15 of maximum 15

Answer compiles without errors: 1.5 / 1.5
Answer has at least SELECT and FROM: 2.25 / 2.25
Answer has same row count as desired query: 1.5 / 1.5
Answer has same column count as desired result query: 1.5 / 1.5
Answer has appropriate number of tables used: 1.5 / 1.5
Answer has appropriate number of WHERE keyword: 1.5 / 1.5
Answer has same result set content as desired query: 5.25 / 5.25

2: SELECT AccOpenLocation, AccStatus, COUNT(*) as NumAccounts
        FROM Account
        GROUP BY AccOpenLocation, AccStatus
        ORDER BY AccOpenLocation, AccStatus

Points given: 16 of maximum 16

Answer compiles without errors: 2.4 / 2.4
Answer has at least SELECT and FROM: 1.6 / 1.6
Answer has appropriate number of GROUP BY keywords: 1.6 / 1.6
Answer has appropriate number of ORDER BY keywords: 1.6 / 1.6
Answer has same column count as desired result query: 1.6 / 1.6
Answer has same result set content as desired query: 7.2 / 7.2

3: SELECT AccNumber
        FROM Account
        WHERE AccType = 'savings' 
        AND AccBalance >        
            (SELECT AVG(AccBalance)
            FROM Account
            WHERE AccType = 'savings')
        OR AccType = 'checking'
        AND AccBalance >
            (SELECT AVG(AccBalance)
            FROM Account 
            WHERE AccType = 'checking')
        ORDER BY AccNumber ASC

Points given: 18 of maximum 18

Answer compiles without errors: 2.7 / 2.7
Answer has at least SELECT and FROM: 1.8 / 1.8
Answer has appropriate number of AVG keyword: 1.8 / 1.8
Answer has appropriate number of tables used: 1.8 / 1.8
Answer has same column count as desired result query: 1.8 / 1.8
Answer has same result set content as desired query: 8.1 / 8.1

4: SELECT TransLocation, CAST(AVG(TransAmount) AS NUMBER(*,2)) as AvgTransAmount
        FROM Transaction
        GROUP BY TransLocation
        HAVING Avg(TransAmount) < 
            (SELECT AVG(TransAmount)
            FROM Transaction)
        ORDER BY AVG(TransAmount) DESC

Points given: 18 of maximum 18

Answer compiles without errors: 2.7 / 2.7
Answer has at least SELECT and FROM: 1.8 / 1.8
Answer has appropriate number of AVG keyword: 1.8 / 1.8
Answer has appropriate number of GROUP BY keywords: 1.8 / 1.8
Answer has appropriate number of ORDER BY keywords: 1.8 / 1.8
Answer has appropriate number of DESC keyword: 0.9 / 0.9
Answer has appropriate number of tables used: 1.8 / 1.8
Answer has same result set content as desired query: 5.4 / 5.4

5: SELECT Customer, FName, LName, MAX(TransAmount) as MaxTransAmt
        FROM Transaction T
        JOIN Account A
        ON T.AccNumber = A.AccNumber
        JOIN Customer C
        ON A.Customer = C.CustID
        WHERE TransType = 'w'
        GROUP BY A.Customer, C.FName, C.LName
        ORDER BY Customer ASC

Points given: 10.4 of maximum 16

Answer compiles without errors: 1.6 / 1.6
Answer has at least SELECT and FROM: 1.6 / 1.6
Answer has appropriate number of MAX keyword: 1.6 / 1.6
Answer has appropriate number of GROUP BY keywords: 1.6 / 1.6
Answer has appropriate number of ORDER BY keywords: 1.6 / 1.6
Answer has appropriate number of tables used: 1.6 / 1.6
Answer has same column count as desired result query: 0.8 / 0.8
Answer has same result set content as desired query: 0 / 5.6

6: SELECT CustID, FName, LName
        FROM Customer
        WHERE CustID NOT IN
            (SELECT Customer
            FROM Account) 
       OR (CustID IN
            (SELECT Customer
            FROM Account
            WHERE AccStatus = 'Closed' OR AccStatus = 'Frozen')
        AND CustID NOT IN
            (SELECT Customer
            FROM Account
            WHERE AccStatus = 'Active'))

Points given: 17 of maximum 17

Answer compiles without errors: 1.7 / 1.7
Answer has at least SELECT and FROM: 2.55 / 2.55
Answer has appropriate number of WHERE keyword: 2.55 / 2.55
Answer has appropriate number of tables used: 2.55 / 2.55
Answer has same column count as desired result query: 1.7 / 1.7
Answer has same result set content as desired query: 5.95 / 5.95

7: SELECT DISTINCT TransLocation, COUNT(AccOpenLocation)
        FROM Transaction T
        LEFT JOIN Account A
        ON T.TransLocation = A.AccOpenLocation
        GROUP BY TransLocation
        ORDER BY TransLocation

Points given: 3.5 of maximum 5

Answer compiles without errors: 0.5 / 0.5
Answer has at least SELECT and FROM: 0.5 / 0.5
Answer has appropriate number of OUTER/LEFT/RIGHT/BOTH keywords: 0.5 / 0.5
Answer has appropriate number of GROUP BY keywords: 0.5 / 0.5
Answer has appropriate number of tables used: 0.5 / 0.5
Answer has appropriate number of COUNT keyword: 0.5 / 0.5
Answer has appropriate number of DISTINCT keyword: 0.5 / 0.5
Answer has same result set content as desired query: 0 / 1.5

