Assignment  : CS 260, Fall 2019, Lab Test
Student Name: Student 13
Answer File : lt_s13.sql
Total Points: 88.1

Your answers, evaluation and points follow.

1: SELECT CustID, FName, LName, AccClosedDate
FROM Customer C
JOIN Account A ON (C.CustID = A.Customer)
WHERE AccOpenLocation = 'Central'
AND AccClosedDate >= '1-MAR-2017'

Points given: 15 of maximum 15

Answer compiles without errors: 1.5 / 1.5
Answer has at least SELECT and FROM: 2.25 / 2.25
Answer has same row count as desired query: 1.5 / 1.5
Answer has same column count as desired result query: 1.5 / 1.5
Answer has appropriate number of tables used: 1.5 / 1.5
Answer has appropriate number of WHERE keyword: 1.5 / 1.5
Answer has same result set content as desired query: 5.25 / 5.25

2: SELECT AccOpenLocation, AccStatus, COUNT(AccStatus)
FROM Account
GROUP BY AccOpenLocation, AccStatus

Points given: 14.4 of maximum 16

Answer compiles without errors: 2.4 / 2.4
Answer has at least SELECT and FROM: 1.6 / 1.6
Answer has appropriate number of GROUP BY keywords: 1.6 / 1.6
Answer has appropriate number of ORDER BY keywords: 0 / 1.6
Answer has same column count as desired result query: 1.6 / 1.6
Answer has same result set content as desired query: 7.2 / 7.2

3: SELECT A.AccNumber
FROM Account A
WHERE A.AccBalance > 
(
    SELECT AVG(B.AccBalance)
    FROM Account B
    WHERE AccType = 'savings'

)
OR
A.AccBalance >
(
    SELECT AVG(B.AccBalance)
    FROM Account B
    WHERE AccType = 'checking'
)
ORDER BY AccNumber

Points given: 13.95 of maximum 18

Answer compiles without errors: 2.7 / 2.7
Answer has at least SELECT and FROM: 1.8 / 1.8
Answer has appropriate number of AVG keyword: 1.8 / 1.8
Answer has appropriate number of tables used: 1.8 / 1.8
Answer has same column count as desired result query: 1.8 / 1.8
Answer has same result set content as desired query: 4.05 / 8.1

4: SELECT TransLocation, CAST (AVG(TransAmount) AS NUMBER(*,2)) AS AverageTransAmount
FROM Transaction
HAVING AVG(TransAmount) <
(
    SELECT AVG(TransAmount)
    FROM Transaction
)
GROUP BY TransLocation
ORDER BY AVG(TransAmount) DESC

Points given: 18 of maximum 18

Answer compiles without errors: 2.7 / 2.7
Answer has at least SELECT and FROM: 1.8 / 1.8
Answer has appropriate number of AVG keyword: 1.8 / 1.8
Answer has appropriate number of GROUP BY keywords: 1.8 / 1.8
Answer has appropriate number of ORDER BY keywords: 1.8 / 1.8
Answer has appropriate number of DESC keyword: 0.9 / 0.9
Answer has appropriate number of tables used: 1.8 / 1.8
Answer has same result set content as desired query: 5.4 / 5.4

5: SELECT C.CustID, C.FName, C.LName, MAX(TransAmount)
FROM Customer C
JOIN Account A ON (C.CustID = A.Customer)
JOIN Transaction T ON (A.AccNumber = T.AccNumber)
WHERE TransType = 'w' AND AccType = 'savings'
GROUP BY CustID,FName, LName

Points given: 14.4 of maximum 16

Answer compiles without errors: 1.6 / 1.6
Answer has at least SELECT and FROM: 1.6 / 1.6
Answer has appropriate number of MAX keyword: 1.6 / 1.6
Answer has appropriate number of GROUP BY keywords: 1.6 / 1.6
Answer has appropriate number of ORDER BY keywords: 0 / 1.6
Answer has appropriate number of tables used: 1.6 / 1.6
Answer has same column count as desired result query: 0.8 / 0.8
Answer has same result set content as desired query: 5.6 / 5.6

6: SELECT CustID, FName, LName, AccStatus
FROM Customer C
JOIN Account A ON (C.CustID = A.Customer)
WHERE NOT AccStatus = 'Active'
UNION
(
    SELECT CustID, FName, LName, AccStatus
    FROM Customer
    JOIN Account ON (Customer.CustID = Account.Customer)
    WHERE AccNumber IS NULL
)

Points given: 9.35 of maximum 17

Answer compiles without errors: 1.7 / 1.7
Answer has at least SELECT and FROM: 2.55 / 2.55
Answer has appropriate number of WHERE keyword: 2.55 / 2.55
Answer has appropriate number of tables used: 2.55 / 2.55
Answer has same column count as desired result query: 0 / 1.7
Answer has same result set content as desired query: 0 / 5.95

7: SELECT TransLocation, COUNT(AccOpenLocation)
FROM Transaction
LEFT OUTER JOIN Account ON (Transaction.AccNumber = Account.AccNumber)
GROUP BY TransLocation

Points given: 3 of maximum 5

Answer compiles without errors: 0.5 / 0.5
Answer has at least SELECT and FROM: 0.5 / 0.5
Answer has appropriate number of OUTER/LEFT/RIGHT/BOTH keywords: 0.5 / 0.5
Answer has appropriate number of GROUP BY keywords: 0.5 / 0.5
Answer has appropriate number of tables used: 0.5 / 0.5
Answer has appropriate number of COUNT keyword: 0.5 / 0.5
Answer has appropriate number of DISTINCT keyword: 0 / 0.5
Answer has same result set content as desired query: 0 / 1.5

