Assignment  : CS 260, Fall 2019, Lab Test
Student Name: Student 02
Answer File : lt_s02.sql
Total Points: 82

Your answers, evaluation and points follow.

1: SELECT CustID, FName, LName, AccClosedDate
    FROM Customer c
        JOIN Account a
            ON (c.CustID = a.Customer)
        WHERE AccOpenLocation = 'Central' AND (AccClosedDate > '01-Mar-17')

Points given: 15 of maximum 15

Answer compiles without errors: 1.5 / 1.5
Answer has at least SELECT and FROM: 2.25 / 2.25
Answer has same row count as desired query: 1.5 / 1.5
Answer has same column count as desired result query: 1.5 / 1.5
Answer has appropriate number of tables used: 1.5 / 1.5
Answer has appropriate number of WHERE keyword: 1.5 / 1.5
Answer has same result set content as desired query: 5.25 / 5.25

2: SELECT AccOpenLocation, AccStatus, COUNT (AccStatus)
    FROM Account
        GROUP BY AccStatus, AccOpenLocation
            ORDER BY AccStatus, AccOpenLocation

Points given: 16 of maximum 16

Answer compiles without errors: 2.4 / 2.4
Answer has at least SELECT and FROM: 1.6 / 1.6
Answer has appropriate number of GROUP BY keywords: 1.6 / 1.6
Answer has appropriate number of ORDER BY keywords: 1.6 / 1.6
Answer has same column count as desired result query: 1.6 / 1.6
Answer has same result set content as desired query: 7.2 / 7.2

3: SELECT AccNumber
    FROM Account
        WHERE AccBalance > 
            (SELECT AVG(AccBalance)
                FROM Account
                    WHERE (AccType = 'savings') OR (AccType = 'checking'))
                            GROUP BY AccNumber
                            ORDER BY AccNumber

Points given: 13.95 of maximum 18

Answer compiles without errors: 2.7 / 2.7
Answer has at least SELECT and FROM: 1.8 / 1.8
Answer has appropriate number of AVG keyword: 1.8 / 1.8
Answer has appropriate number of tables used: 1.8 / 1.8
Answer has same column count as desired result query: 1.8 / 1.8
Answer has same result set content as desired query: 4.05 / 8.1

4: SELECT TransLocation, CAST (AVG(TransAmount) AS NUMBER(*,2))
    FROM Transaction
       GROUP BY TransAmount, TransLocation
        HAVING AVG(TransAmount) < 
            (SELECT AVG(TransAmount) 
            FROM Transaction)
            ORDER BY AVG(TransAmount)

Points given: 11.7 of maximum 18

Answer compiles without errors: 2.7 / 2.7
Answer has at least SELECT and FROM: 1.8 / 1.8
Answer has appropriate number of AVG keyword: 1.8 / 1.8
Answer has appropriate number of GROUP BY keywords: 1.8 / 1.8
Answer has appropriate number of ORDER BY keywords: 1.8 / 1.8
Answer has appropriate number of DESC keyword: 0 / 0.9
Answer has appropriate number of tables used: 1.8 / 1.8
Answer has same result set content as desired query: 0 / 5.4

5: SELECT c.CustID, c.FName, c.LName, MAX(t.TransAmount)
    FROM Customer c
        JOIN Account a ON (c.CustID = a.Customer)
        JOIN Transaction t ON (a.AccNumber = t.AccNumber)
            WHERE (a.AccType = 'savings') AND (t.TransType = 'w')
                GROUP BY c.CustID, c.FName, c.LName
                ORDER BY c.CustID

Points given: 16 of maximum 16

Answer compiles without errors: 1.6 / 1.6
Answer has at least SELECT and FROM: 1.6 / 1.6
Answer has appropriate number of MAX keyword: 1.6 / 1.6
Answer has appropriate number of GROUP BY keywords: 1.6 / 1.6
Answer has appropriate number of ORDER BY keywords: 1.6 / 1.6
Answer has appropriate number of tables used: 1.6 / 1.6
Answer has same column count as desired result query: 0.8 / 0.8
Answer has same result set content as desired query: 5.6 / 5.6

6: SELECT c.CustID, c.FName, c.LName, a.AccStatus
    FROM Customer c
        LEFT JOIN Account a ON (c.CustID = a.Customer)
            WHERE NOT(a.AccStatus = 'Active') OR a.AccNumber IS NULL

Points given: 9.35 of maximum 17

Answer compiles without errors: 1.7 / 1.7
Answer has at least SELECT and FROM: 2.55 / 2.55
Answer has appropriate number of WHERE keyword: 2.55 / 2.55
Answer has appropriate number of tables used: 2.55 / 2.55
Answer has same column count as desired result query: 0 / 1.7
Answer has same result set content as desired query: 0 / 5.95

7: 

Points given: 0 of maximum 5

Answer compiles without errors: 0 / 0.5
Answer has at least SELECT and FROM: 0 / 0.5
Answer has appropriate number of OUTER/LEFT/RIGHT/BOTH keywords: 0 / 0.5
Answer has appropriate number of GROUP BY keywords: 0 / 0.5
Answer has appropriate number of tables used: 0 / 0.5
Answer has appropriate number of COUNT keyword: 0 / 0.5
Answer has appropriate number of DISTINCT keyword: 0 / 0.5
Answer has same result set content as desired query: 0 / 1.5

