Assignment  : CS 260, Fall 2019, Lab Test
Student Name: Student 33
Answer File : lt_s33.sql
Total Points: 86.42

Your answers, evaluation and points follow.

1: SELECT C.CustID, C.FName, C.LName, A.AccClosedDate
FROM Customer C
JOIN Account A ON (A.Customer = C.CustID)
WHERE a.accopenlocation = 'Central' AND a.acccloseddate >= '01-Mar-17'

Points given: 15 of maximum 15

Answer compiles without errors: 1.5 / 1.5
Answer has at least SELECT and FROM: 2.25 / 2.25
Answer has same row count as desired query: 1.5 / 1.5
Answer has same column count as desired result query: 1.5 / 1.5
Answer has appropriate number of tables used: 1.5 / 1.5
Answer has appropriate number of WHERE keyword: 1.5 / 1.5
Answer has same result set content as desired query: 5.25 / 5.25

2: SELECT AccopenLocation, AccStatus, COUNT(AccStatus)
FROM Account
GROUP BY accopenlocation, accstatus
Order By accopenlocation, accstatus

Points given: 16 of maximum 16

Answer compiles without errors: 2.4 / 2.4
Answer has at least SELECT and FROM: 1.6 / 1.6
Answer has appropriate number of GROUP BY keywords: 1.6 / 1.6
Answer has appropriate number of ORDER BY keywords: 1.6 / 1.6
Answer has same column count as desired result query: 1.6 / 1.6
Answer has same result set content as desired query: 7.2 / 7.2

3: SELECT AccNumber, AccBalance
FROM Account A
WHERE AccBalance > (
    SELECT AVG(A1.AccBalance)
    FROM Account A1
    WHERE A.ACCTYPE = A1.AccType)
ORDER BY AccNumber

Points given: 13.77 of maximum 18

Answer compiles without errors: 2.7 / 2.7
Answer has at least SELECT and FROM: 1.8 / 1.8
Answer has appropriate number of AVG keyword: 1.8 / 1.8
Answer has appropriate number of tables used: 1.8 / 1.8
Answer has same column count as desired result query: 0 / 1.8
Answer has same result set content as desired query: 5.67 / 8.1

4: SELECT T.TRANSLOCATION, AVG(T.TRANSAMOUNT)
FROM TRANSACTION T
GROUP BY T.TRANSLOCATION, T.TRANSAMOUNT
HAVING AVG(T.TRANSAMOUNT) < (
    SELECT AVG(T1.TRANSAMOUNT)
    FROM TRANSACTION T1)
ORDER BY T.TRANSAMOUNT DESC

Points given: 12.6 of maximum 18

Answer compiles without errors: 2.7 / 2.7
Answer has at least SELECT and FROM: 1.8 / 1.8
Answer has appropriate number of AVG keyword: 1.8 / 1.8
Answer has appropriate number of GROUP BY keywords: 1.8 / 1.8
Answer has appropriate number of ORDER BY keywords: 1.8 / 1.8
Answer has appropriate number of DESC keyword: 0.9 / 0.9
Answer has appropriate number of tables used: 1.8 / 1.8
Answer has same result set content as desired query: 0 / 5.4

5: SELECT C.CUSTID, C.FNAME, C.LNAME, MAX(T.TransAmount)
FROM Customer C
JOIN Account A ON (C.CustID = A.Customer)
JOIN Transaction T ON (A.AccNumber = T.AccNumber)
WHERE T.TransType = 'w' AND A.AccType = 'savings'
GROUP BY C.CUSTID, C.FNAME, C.LNAME
ORDER BY C.CUSTID

Points given: 16 of maximum 16

Answer compiles without errors: 1.6 / 1.6
Answer has at least SELECT and FROM: 1.6 / 1.6
Answer has appropriate number of MAX keyword: 1.6 / 1.6
Answer has appropriate number of GROUP BY keywords: 1.6 / 1.6
Answer has appropriate number of ORDER BY keywords: 1.6 / 1.6
Answer has appropriate number of tables used: 1.6 / 1.6
Answer has same column count as desired result query: 0.8 / 0.8
Answer has same result set content as desired query: 5.6 / 5.6

6: SELECT DISTINCT C.CUSTID, C.FNAME, C.LNAME
FROM Account A
RIGHT OUTER JOIN Customer C
ON A.customer = C.CustID
WHERE A.ACCSTATUS = 'Closed' OR A.ACCSTATUS = 'Frozen' OR A.ACCSTATUS IS NULL

Points given: 11.05 of maximum 17

Answer compiles without errors: 1.7 / 1.7
Answer has at least SELECT and FROM: 2.55 / 2.55
Answer has appropriate number of WHERE keyword: 2.55 / 2.55
Answer has appropriate number of tables used: 2.55 / 2.55
Answer has same column count as desired result query: 1.7 / 1.7
Answer has same result set content as desired query: 0 / 5.95

7: SELECT TRANSLOCATION, COUNT(A.ACCOPENLOCATION)
FROM ACCOUNT A
LEFT OUTER JOIN CUSTOMER C ON (C.CUSTID = A.CUSTOMER)
LEFT OUTER JOIN TRANSACTION T ON (A.ACCNUMBER = T.ACCNUMBER)
GROUP BY TRANSLOCATION

Points given: 2 of maximum 5

Answer compiles without errors: 0.5 / 0.5
Answer has at least SELECT and FROM: 0.5 / 0.5
Answer has appropriate number of OUTER/LEFT/RIGHT/BOTH keywords: 0 / 0.5
Answer has appropriate number of GROUP BY keywords: 0.5 / 0.5
Answer has appropriate number of tables used: 0 / 0.5
Answer has appropriate number of COUNT keyword: 0.5 / 0.5
Answer has appropriate number of DISTINCT keyword: 0 / 0.5
Answer has same result set content as desired query: 0 / 1.5

