Assignment  : CS 260, Fall 2019, Lab Test
Student Name: Student 16
Answer File : lt_s16.sql
Total Points: 81.82

Your answers, evaluation and points follow.

1: SELECT c.CustID, c.FName, c.LName, a.AccClosedDate
        FROM Customer c
        JOIN Account a ON (c.CustID = a.Customer)
        WHERE a.AccOpenLocation = 'Central' AND
        a.AccClosedDate >= '01-MAR-2017'
        ORDER BY c.CustID

Points given: 15 of maximum 15

Answer compiles without errors: 1.5 / 1.5
Answer has at least SELECT and FROM: 2.25 / 2.25
Answer has same row count as desired query: 1.5 / 1.5
Answer has same column count as desired result query: 1.5 / 1.5
Answer has appropriate number of tables used: 1.5 / 1.5
Answer has appropriate number of WHERE keyword: 1.5 / 1.5
Answer has same result set content as desired query: 5.25 / 5.25

2: SELECT a.AccOpenLocation AS "Account Location", a.AccStatus AS "Account Status", COUNT(a2.AccNumber) AS "Number of Accounts"
    FROM Account a
    LEFT OUTER JOIN Account a2 ON (a.AccNumber = a2.AccNumber)
    GROUP BY a.AccOpenLocation, a.AccStatus
    ORDER BY a.AccOpenLocation ASC

Points given: 16 of maximum 16

Answer compiles without errors: 2.4 / 2.4
Answer has at least SELECT and FROM: 1.6 / 1.6
Answer has appropriate number of GROUP BY keywords: 1.6 / 1.6
Answer has appropriate number of ORDER BY keywords: 1.6 / 1.6
Answer has same column count as desired result query: 1.6 / 1.6
Answer has same result set content as desired query: 7.2 / 7.2

3: SELECT * --Listed the whole account for each account, ordered by AccNumber
    FROM Account a
    WHERE a.AccBalance > (
        SELECT AVG(a2.AccBalance)
        FROM Account a2
        WHERE a.AccType = a2.AccType
    )
    ORDER BY a.AccNumber ASC

Points given: 13.77 of maximum 18

Answer compiles without errors: 2.7 / 2.7
Answer has at least SELECT and FROM: 1.8 / 1.8
Answer has appropriate number of AVG keyword: 1.8 / 1.8
Answer has appropriate number of tables used: 1.8 / 1.8
Answer has same column count as desired result query: 0 / 1.8
Answer has same result set content as desired query: 5.67 / 8.1

4: SELECT t.TransLocation AS "Transaction Location", CAST (AVG(t.TransAmount) AS NUMBER(*,2)) AS "Average Amount"
        FROM Transaction t
        WHERE (
            SELECT AVG(t2.TransAmount)
            FROM Transaction t2
            WHERE t.TransID = t2.TransID
        ) < (
            SELECT AVG(t3.TransAmount)
            FROM Transaction t3
        )
        GROUP BY t.TransLocation
        ORDER BY "Average Amount" DESC

Points given: 12.6 of maximum 18

Answer compiles without errors: 2.7 / 2.7
Answer has at least SELECT and FROM: 1.8 / 1.8
Answer has appropriate number of AVG keyword: 1.8 / 1.8
Answer has appropriate number of GROUP BY keywords: 1.8 / 1.8
Answer has appropriate number of ORDER BY keywords: 1.8 / 1.8
Answer has appropriate number of DESC keyword: 0.9 / 0.9
Answer has appropriate number of tables used: 1.8 / 1.8
Answer has same result set content as desired query: 0 / 5.4

5: SELECT c.CustID, c.FName AS "First Name", c.LName AS "Last Name", MAX(t.TransAmount) AS "Largest Withdrawl"
        FROM Account a
        JOIN Customer c ON (c.CustID = a.Customer)
        JOIN Transaction t ON (t.AccNumber = a.AccNumber)
        WHERE t.TransType = 'w'
        GROUP BY c.CustID, c.FName, c.LName
        ORDER BY c.CustID

Points given: 10.4 of maximum 16

Answer compiles without errors: 1.6 / 1.6
Answer has at least SELECT and FROM: 1.6 / 1.6
Answer has appropriate number of MAX keyword: 1.6 / 1.6
Answer has appropriate number of GROUP BY keywords: 1.6 / 1.6
Answer has appropriate number of ORDER BY keywords: 1.6 / 1.6
Answer has appropriate number of tables used: 1.6 / 1.6
Answer has same column count as desired result query: 0.8 / 0.8
Answer has same result set content as desired query: 0 / 5.6

6: SELECT c.CustID AS "Customer ID", c.FName AS "First Name", c.LName AS "Last Name"
    FROM Customer c
    JOIN Account a ON (a.Customer = c.CustID)
    WHERE a.Customer NOT IN (
        SELECT a2.Customer
        FROM Account a2
        WHERE a2.AccStatus = 'Active' 
    )

Points given: 11.05 of maximum 17

Answer compiles without errors: 1.7 / 1.7
Answer has at least SELECT and FROM: 2.55 / 2.55
Answer has appropriate number of WHERE keyword: 2.55 / 2.55
Answer has appropriate number of tables used: 2.55 / 2.55
Answer has same column count as desired result query: 1.7 / 1.7
Answer has same result set content as desired query: 0 / 5.95

7: SELECT t.TransLocation AS "Transaction Location", COUNT(a.AccOpenLocation) AS "Number Opened"
    FROM Transaction t
    LEFT OUTER JOIN Account a ON (t.TransLocation = a.AccOpenLocation)
    GROUP BY t.TransLocation
    ORDER BY t.TransLocation

Points given: 3 of maximum 5

Answer compiles without errors: 0.5 / 0.5
Answer has at least SELECT and FROM: 0.5 / 0.5
Answer has appropriate number of OUTER/LEFT/RIGHT/BOTH keywords: 0.5 / 0.5
Answer has appropriate number of GROUP BY keywords: 0.5 / 0.5
Answer has appropriate number of tables used: 0.5 / 0.5
Answer has appropriate number of COUNT keyword: 0.5 / 0.5
Answer has appropriate number of DISTINCT keyword: 0 / 0.5
Answer has same result set content as desired query: 0 / 1.5

