Assignment  : CS 260, Fall 2019, Lab Test
Student Name: Student 06
Answer File : lt_s06.sql
Total Points: 105

Your answers, evaluation and points follow.

1: SELECT C.CustID, C.Fname, C.Lname, A.AccClosedDate
FROM Customer C
JOIN Account A ON C.CustID = A.Customer
WHERE A.AccOpenLocation = 'Central' AND A.AccClosedDate >= '2017-03-01'

Points given: 15 of maximum 15

Answer compiles without errors: 1.5 / 1.5
Answer has at least SELECT and FROM: 2.25 / 2.25
Answer has same row count as desired query: 1.5 / 1.5
Answer has same column count as desired result query: 1.5 / 1.5
Answer has appropriate number of tables used: 1.5 / 1.5
Answer has appropriate number of WHERE keyword: 1.5 / 1.5
Answer has same result set content as desired query: 5.25 / 5.25

2: SELECT AccOpenLocation, AccStatus, COUNT(*)
FROM Account
GROUP BY AccOpenLocation, AccStatus
ORDER BY AccOpenLocation, AccStatus

Points given: 16 of maximum 16

Answer compiles without errors: 2.4 / 2.4
Answer has at least SELECT and FROM: 1.6 / 1.6
Answer has appropriate number of GROUP BY keywords: 1.6 / 1.6
Answer has appropriate number of ORDER BY keywords: 1.6 / 1.6
Answer has same column count as desired result query: 1.6 / 1.6
Answer has same result set content as desired query: 7.2 / 7.2

3: SELECT AccNumber
FROM Account A
WHERE AccBalance >
    (SELECT AVG(AccBalance)
    FROM Account A2
    WHERE A2.AccType = A.AccType)
ORDER BY AccNumber

Points given: 18 of maximum 18

Answer compiles without errors: 2.7 / 2.7
Answer has at least SELECT and FROM: 1.8 / 1.8
Answer has appropriate number of AVG keyword: 1.8 / 1.8
Answer has appropriate number of tables used: 1.8 / 1.8
Answer has same column count as desired result query: 1.8 / 1.8
Answer has same result set content as desired query: 8.1 / 8.1

4: SELECT TransLocation, AVG(TransAmount)
FROM Transaction
GROUP BY TransLocation
HAVING AVG(TransAmount) < 
    (SELECT AVG(TransAmount)
    FROM Transaction)
ORDER BY AVG(TransAmount) DESC

Points given: 18 of maximum 18

Answer compiles without errors: 2.7 / 2.7
Answer has at least SELECT and FROM: 1.8 / 1.8
Answer has appropriate number of AVG keyword: 1.8 / 1.8
Answer has appropriate number of GROUP BY keywords: 1.8 / 1.8
Answer has appropriate number of ORDER BY keywords: 1.8 / 1.8
Answer has appropriate number of DESC keyword: 0.9 / 0.9
Answer has appropriate number of tables used: 1.8 / 1.8
Answer has same result set content as desired query: 5.4 / 5.4

5: SELECT C.CustID, C.Fname, C.Lname, MAX(T.TransAmount)
FROM Customer C
JOIN Account A ON C.CustID = A.Customer
JOIN Transaction T ON A.AccNumber = T.AccNumber
WHERE A.AccType = 'savings' AND T.TransType = 'w'
GROUP BY C.CustID, C.Fname, C.Lname
ORDER BY C.CustID

Points given: 16 of maximum 16

Answer compiles without errors: 1.6 / 1.6
Answer has at least SELECT and FROM: 1.6 / 1.6
Answer has appropriate number of MAX keyword: 1.6 / 1.6
Answer has appropriate number of GROUP BY keywords: 1.6 / 1.6
Answer has appropriate number of ORDER BY keywords: 1.6 / 1.6
Answer has appropriate number of tables used: 1.6 / 1.6
Answer has same column count as desired result query: 0.8 / 0.8
Answer has same result set content as desired query: 5.6 / 5.6

6: SELECT C.CustID, C.Fname, C.Lname
FROM Customer C
LEFT OUTER JOIN Account A ON C.CustID = A.Customer
WHERE C.CustID NOT IN
    (SELECT C2.CustID
    FROM Customer C2
    LEFT OUTER JOIN Account A ON C2.CustID = A.Customer
    WHERE A.AccStatus = 'Active')

Points given: 17 of maximum 17

Answer compiles without errors: 1.7 / 1.7
Answer has at least SELECT and FROM: 2.55 / 2.55
Answer has appropriate number of WHERE keyword: 2.55 / 2.55
Answer has appropriate number of SELECT keyword: 2.55 / 2.55
Answer has same column count as desired result query: 1.7 / 1.7
Answer has same result set content as desired query: 5.95 / 5.95

7: SELECT T.Translocation, COUNT(DISTINCT A.AccNumber)
FROM Transaction T
LEFT OUTER JOIN Account A ON T.TransLocation = A.AccOpenLocation
GROUP BY T.TransLocation

Points given: 5 of maximum 5

Answer compiles without errors: 0.5 / 0.5
Answer has at least SELECT and FROM: 0.5 / 0.5
Answer has appropriate number of OUTER/LEFT/RIGHT/BOTH keywords: 0.5 / 0.5
Answer has appropriate number of GROUP BY keywords: 0.5 / 0.5
Answer has appropriate number of tables used: 0.5 / 0.5
Answer has appropriate number of COUNT keyword: 0.5 / 0.5
Answer has appropriate number of DISTINCT keyword: 0.5 / 0.5
Answer has same result set content as desired query: 1.5 / 1.5

