Assignment  : CS 260, Fall 2019, Lab Test
Student Name: Student 07
Answer File : lt_s07.sql
Total Points: 71.62

Your answers, evaluation and points follow.

1: Select CustID, FName, LName, A.AccClosedDate
    From Customer C
    Join Account A On C.CustId = A.Customer
    Where A.AccOpenLocation = 'Central' AND A.AccClosedDate >= '01-MAR-17'

Points given: 15 of maximum 15

Answer compiles without errors: 1.5 / 1.5
Answer has at least SELECT and FROM: 2.25 / 2.25
Answer has same row count as desired query: 1.5 / 1.5
Answer has same column count as desired result query: 1.5 / 1.5
Answer has appropriate number of tables used: 1.5 / 1.5
Answer has appropriate number of WHERE keyword: 1.5 / 1.5
Answer has same result set content as desired query: 5.25 / 5.25

2: Select Distinct AccOpenLocation, AccStatus, Count(*) as NumOpened
    From Account A
    Group By AccOpenLocation, AccStatus
    Order by AccStatus

Points given: 16 of maximum 16

Answer compiles without errors: 2.4 / 2.4
Answer has at least SELECT and FROM: 1.6 / 1.6
Answer has appropriate number of GROUP BY keywords: 1.6 / 1.6
Answer has appropriate number of ORDER BY keywords: 1.6 / 1.6
Answer has same column count as desired result query: 1.6 / 1.6
Answer has same result set content as desired query: 7.2 / 7.2

3: Select A.AccNumber, A.AccBalance, A.AccType
    From Account A
    Where A.AccBalance > (SELECT AVG(AccBalance) FROM Account B
    Where A.AccType = B.AccType)
    Order By A.AccNumber ASC

Points given: 13.77 of maximum 18

Answer compiles without errors: 2.7 / 2.7
Answer has at least SELECT and FROM: 1.8 / 1.8
Answer has appropriate number of AVG keyword: 1.8 / 1.8
Answer has appropriate number of tables used: 1.8 / 1.8
Answer has same column count as desired result query: 0 / 1.8
Answer has same result set content as desired query: 5.67 / 8.1

4: Select TransLocation, CAST (AVG(TransAmount) AS NUMBER(*,2)) AS AverageTransAmount
    From Transaction T
    Where T.TransAmount < (Select AVG(Tb.TransAmount) From Transaction Tb)
    Group By TransLocation

Points given: 8.1 of maximum 18

Answer compiles without errors: 2.7 / 2.7
Answer has at least SELECT and FROM: 1.8 / 1.8
Answer has appropriate number of AVG keyword: 0 / 1.8
Answer has appropriate number of GROUP BY keywords: 1.8 / 1.8
Answer has appropriate number of ORDER BY keywords: 0 / 1.8
Answer has appropriate number of DESC keyword: 0 / 0.9
Answer has appropriate number of tables used: 1.8 / 1.8
Answer has same result set content as desired query: 0 / 5.4

5: Select CustID, FName, LName
    From Customer C
    Join Account A On C.CustId = A.Customer
    Join Transaction T On A.AccNumber = T.AccNumber
    Where T.TransType = 'w' AND T.TransAmount IN (Select Max(TransAmount) From Transaction Tb Where Tb.TransType = 'w')

Points given: 6.4 of maximum 16

Answer compiles without errors: 1.6 / 1.6
Answer has at least SELECT and FROM: 1.6 / 1.6
Answer has appropriate number of MAX keyword: 1.6 / 1.6
Answer has appropriate number of GROUP BY keywords: 0 / 1.6
Answer has appropriate number of ORDER BY keywords: 0 / 1.6
Answer has appropriate number of tables used: 1.6 / 1.6
Answer has same column count as desired result query: 0 / 0.8
Answer has same result set content as desired query: 0 / 5.6

6: Select CustID, FName, LName, A.AccStatus
    From Customer C
    Join Account A On C.CustID = A.Customer
    Where A.AccStatus = 'Closed' OR A.AccStatus = 'Frozen' Or A.AccStatus != 'Active'

Points given: 9.35 of maximum 17

Answer compiles without errors: 1.7 / 1.7
Answer has at least SELECT and FROM: 2.55 / 2.55
Answer has appropriate number of WHERE keyword: 2.55 / 2.55
Answer has appropriate number of tables used: 2.55 / 2.55
Answer has same column count as desired result query: 0 / 1.7
Answer has same result set content as desired query: 0 / 5.95

7: Select Distinct TransLocation, Count(*) as NumOfAountsOpened
    From Transaction T
    Where T.TransLocation In (Select AccOpenLocation From Account A)
    Group by TransLocation
    Order By TransLocation ASC

Points given: 3 of maximum 5

Answer compiles without errors: 0.5 / 0.5
Answer has at least SELECT and FROM: 0.5 / 0.5
Answer has appropriate number of OUTER/LEFT/RIGHT/BOTH keywords: 0 / 0.5
Answer has appropriate number of GROUP BY keywords: 0.5 / 0.5
Answer has appropriate number of tables used: 0.5 / 0.5
Answer has appropriate number of COUNT keyword: 0.5 / 0.5
Answer has appropriate number of DISTINCT keyword: 0.5 / 0.5
Answer has same result set content as desired query: 0 / 1.5

