Assignment  : CS 260, Fall 2019, Lab Test
Student Name: Student 40
Answer File : lt_s40.sql
Total Points: 97.05

Your answers, evaluation and points follow.

1: SELECT C.custid, C.fname, C.lname, A.acccloseddate
FROM Customer C
JOIN Account A
ON (C.custid = A.customer)
WHERE A.accopenlocation = 'Central'
AND A.acccloseddate >= '01-MAR-2017'

Points given: 15 of maximum 15

Answer compiles without errors: 1.5 / 1.5
Answer has at least SELECT and FROM: 2.25 / 2.25
Answer has same row count as desired query: 1.5 / 1.5
Answer has same column count as desired result query: 1.5 / 1.5
Answer has appropriate number of tables used: 1.5 / 1.5
Answer has appropriate number of WHERE keyword: 1.5 / 1.5
Answer has same result set content as desired query: 5.25 / 5.25

2: SELECT A.accopenlocation, A.accstatus, COUNT(A.accstatus)
FROM Account A
GROUP BY A.accopenlocation, A.accstatus
ORDER BY A.accopenlocation

Points given: 16 of maximum 16

Answer compiles without errors: 2.4 / 2.4
Answer has at least SELECT and FROM: 1.6 / 1.6
Answer has appropriate number of GROUP BY keywords: 1.6 / 1.6
Answer has appropriate number of ORDER BY keywords: 1.6 / 1.6
Answer has same column count as desired result query: 1.6 / 1.6
Answer has same result set content as desired query: 7.2 / 7.2

3: SELECT A.accnumber
FROM Account A
WHERE A.accbalance >
    (SELECT AVG(A1.accbalance)
    FROM Account A1
    WHERE A.acctype = A1.acctype
    GROUP BY A1.acctype)

Points given: 18 of maximum 18

Answer compiles without errors: 2.7 / 2.7
Answer has at least SELECT and FROM: 1.8 / 1.8
Answer has appropriate number of AVG keyword: 1.8 / 1.8
Answer has appropriate number of tables used: 1.8 / 1.8
Answer has same column count as desired result query: 1.8 / 1.8
Answer has same result set content as desired query: 8.1 / 8.1

4: SELECT T.translocation, CAST(AVG(T.transamount) AS NUMBER(*,2))
FROM Transaction T
GROUP BY T.translocation
HAVING AVG(T.transamount) <
    (SELECT AVG(T1.transamount)
    FROM Transaction T1)
ORDER BY AVG(T.transamount) DESC

Points given: 18 of maximum 18

Answer compiles without errors: 2.7 / 2.7
Answer has at least SELECT and FROM: 1.8 / 1.8
Answer has appropriate number of AVG keyword: 1.8 / 1.8
Answer has appropriate number of GROUP BY keywords: 1.8 / 1.8
Answer has appropriate number of ORDER BY keywords: 1.8 / 1.8
Answer has appropriate number of DESC keyword: 0.9 / 0.9
Answer has appropriate number of tables used: 1.8 / 1.8
Answer has same result set content as desired query: 5.4 / 5.4

5: SELECT C.custid, C.fname, C.lname, MAX(T.transamount)
FROM Customer C
JOIN Account A
ON (C.custid = A.customer)
JOIN Transaction T
ON (A.accnumber = T.accnumber)
WHERE A.acctype = 'savings'
AND T.transtype = 'w'
GROUP BY C.custid, C.fname, C.lname
ORDER BY C.custid

Points given: 16 of maximum 16

Answer compiles without errors: 1.6 / 1.6
Answer has at least SELECT and FROM: 1.6 / 1.6
Answer has appropriate number of MAX keyword: 1.6 / 1.6
Answer has appropriate number of GROUP BY keywords: 1.6 / 1.6
Answer has appropriate number of ORDER BY keywords: 1.6 / 1.6
Answer has appropriate number of tables used: 1.6 / 1.6
Answer has same column count as desired result query: 0.8 / 0.8
Answer has same result set content as desired query: 5.6 / 5.6

6: SELECT DISTINCT C.custid, C.fname, C.lname
FROM Customer C
LEFT OUTER JOIN Account A
ON (C.custid = A.customer)
WHERE A.accnumber IS NULL
UNION
SELECT DISTINCT C.custid, C.fname, C.lname
FROM Customer C
LEFT OUTER JOIN Account A
ON (C.custid = A.customer)
WHERE A.accstatus = 'Closed'
UNION
SELECT DISTINCT C.custid, C.fname, C.lname
FROM Customer C
LEFT OUTER JOIN Account A
ON (C.custid = A.customer)
WHERE A.accstatus = 'Frozen'

Points given: 11.05 of maximum 17

Answer compiles without errors: 1.7 / 1.7
Answer has at least SELECT and FROM: 2.55 / 2.55
Answer has appropriate number of WHERE keyword: 2.55 / 2.55
Answer has appropriate number of tables used: 2.55 / 2.55
Answer has same column count as desired result query: 1.7 / 1.7
Answer has same result set content as desired query: 0 / 5.95

7: SELECT T.translocation, COUNT(A.accnumber)
FROM Transaction T
FULL OUTER JOIN Account A
ON (T.accnumber = A.accnumber)
GROUP BY T.translocation

Points given: 3 of maximum 5

Answer compiles without errors: 0.5 / 0.5
Answer has at least SELECT and FROM: 0.5 / 0.5
Answer has appropriate number of OUTER/LEFT/RIGHT/BOTH keywords: 0.5 / 0.5
Answer has appropriate number of GROUP BY keywords: 0.5 / 0.5
Answer has appropriate number of tables used: 0.5 / 0.5
Answer has appropriate number of COUNT keyword: 0.5 / 0.5
Answer has appropriate number of DISTINCT keyword: 0 / 0.5
Answer has same result set content as desired query: 0 / 1.5

