Assignment  : CS 260, Fall 2019, Lab Test
Student Name: Student 38
Answer File : lt_s38.sql
Total Points: 93

Your answers, evaluation and points follow.

1: SELECT C.CUSTID, C.FNAME,C.LNAME, TO_CHAR(A.ACCCLOSEDDATE,'DD-MON-YYYY')
FROM CUSTOMER C
JOIN ACCOUNT A 
ON A.CUSTOMER = C.CUSTID
WHERE A.ACCOPENLOCATION = 'Central'
AND A.ACCCLOSEDDATE >= '01-MAR-2017'

Points given: 15 of maximum 15

Answer compiles without errors: 1.5 / 1.5
Answer has at least SELECT and FROM: 2.25 / 2.25
Answer has same row count as desired query: 1.5 / 1.5
Answer has same column count as desired result query: 1.5 / 1.5
Answer has appropriate number of tables used: 1.5 / 1.5
Answer has appropriate number of WHERE keyword: 1.5 / 1.5
Answer has same result set content as desired query: 5.25 / 5.25

2: SELECT ACCOPENLOCATION, ACCSTATUS, COUNT(ACCSTATUS) AS NUMSTATUS
FROM ACCOUNT 
GROUP BY ACCOPENLOCATION,ACCSTATUS
ORDER BY ACCSTATUS

Points given: 16 of maximum 16

Answer compiles without errors: 2.4 / 2.4
Answer has at least SELECT and FROM: 1.6 / 1.6
Answer has appropriate number of GROUP BY keywords: 1.6 / 1.6
Answer has appropriate number of ORDER BY keywords: 1.6 / 1.6
Answer has same column count as desired result query: 1.6 / 1.6
Answer has same result set content as desired query: 7.2 / 7.2

3: SELECT A.ACCNUMBER
FROM ACCOUNT A
WHERE A.ACCBALANCE > (
        SELECT AVG(AC.ACCBALANCE) 
        FROM ACCOUNT AC
        WHERE AC.ACCTYPE ='checking'
        OR AC.ACCTYPE = 'savings')
ORDER BY A.ACCNUMBER

Points given: 13.95 of maximum 18

Answer compiles without errors: 2.7 / 2.7
Answer has at least SELECT and FROM: 1.8 / 1.8
Answer has appropriate number of AVG keyword: 1.8 / 1.8
Answer has appropriate number of tables used: 1.8 / 1.8
Answer has same column count as desired result query: 1.8 / 1.8
Answer has same result set content as desired query: 4.05 / 8.1

4: SELECT T.TRANSLOCATION, CAST(AVG(T.TRANSAMOUNT) AS NUMBER(*,2)) AS AVGTRANS
FROM TRANSACTION T
GROUP BY T.TRANSLOCATION
HAVING AVG(T.TRANSAMOUNT) < (
        SELECT AVG(TR.TRANSAMOUNT) 
        FROM TRANSACTION TR)
ORDER BY AVG(T.TRANSAMOUNT) DESC

Points given: 18 of maximum 18

Answer compiles without errors: 2.7 / 2.7
Answer has at least SELECT and FROM: 1.8 / 1.8
Answer has appropriate number of AVG keyword: 1.8 / 1.8
Answer has appropriate number of GROUP BY keywords: 1.8 / 1.8
Answer has appropriate number of ORDER BY keywords: 1.8 / 1.8
Answer has appropriate number of DESC keyword: 0.9 / 0.9
Answer has appropriate number of tables used: 1.8 / 1.8
Answer has same result set content as desired query: 5.4 / 5.4

5: SELECT CUSTID, FNAME, LNAME, MAX(T.TRANSAMOUNT) AS  MAXTRANS
FROM CUSTOMER C
JOIN ACCOUNT A
ON A.CUSTOMER = C.CUSTID
JOIN TRANSACTION T
ON T.ACCNUMBER = A.ACCNUMBER
WHERE T.TRANSTYPE = 'w'
AND ACCTYPE ='savings'
GROUP BY CUSTID,FNAME,LNAME
ORDER BY CUSTID

Points given: 16 of maximum 16

Answer compiles without errors: 1.6 / 1.6
Answer has at least SELECT and FROM: 1.6 / 1.6
Answer has appropriate number of MAX keyword: 1.6 / 1.6
Answer has appropriate number of GROUP BY keywords: 1.6 / 1.6
Answer has appropriate number of ORDER BY keywords: 1.6 / 1.6
Answer has appropriate number of tables used: 1.6 / 1.6
Answer has same column count as desired result query: 0.8 / 0.8
Answer has same result set content as desired query: 5.6 / 5.6

6: SELECT CUSTID, FNAME,LNAME
FROM CUSTOMER C
FULL OUTER JOIN ACCOUNT A
ON A.CUSTOMER = C.CUSTID
WHERE ACCSTATUS != 'Active'
UNION
SELECT CUSTID, FNAME,LNAME
FROM CUSTOMER CU
RIGHT JOIN ACCOUNT AC
ON AC.CUSTOMER = CU.CUSTID
WHERE ACCNUMBER IS NULL

Points given: 11.05 of maximum 17

Answer compiles without errors: 1.7 / 1.7
Answer has at least SELECT and FROM: 2.55 / 2.55
Answer has appropriate number of WHERE keyword: 2.55 / 2.55
Answer has appropriate number of tables used: 2.55 / 2.55
Answer has same column count as desired result query: 1.7 / 1.7
Answer has same result set content as desired query: 0 / 5.95

7: SELECT T.TRANSLOCATION, COUNT(T.ACCNUMBER)
FROM TRANSACTION T
RIGHT JOIN ACCOUNT A
ON T.ACCNUMBER = A.ACCNUMBER
GROUP BY T.TRANSLOCATION

Points given: 3 of maximum 5

Answer compiles without errors: 0.5 / 0.5
Answer has at least SELECT and FROM: 0.5 / 0.5
Answer has appropriate number of OUTER/LEFT/RIGHT/BOTH keywords: 0.5 / 0.5
Answer has appropriate number of GROUP BY keywords: 0.5 / 0.5
Answer has appropriate number of tables used: 0.5 / 0.5
Answer has appropriate number of COUNT keyword: 0.5 / 0.5
Answer has appropriate number of DISTINCT keyword: 0 / 0.5
Answer has same result set content as desired query: 0 / 1.5

