Assignment  : CS 260, Fall 2019, Lab Test
Student Name: Student 36
Answer File : lt_s36.sql
Total Points: 89.95

Your answers, evaluation and points follow.

1: SELECT CustID, FName, LName, AccClosedDate
FROM Customer C
JOIN Account A ON (C.CustID = A.Customer)
WHERE LOWER(AccStatus) = 'closed' AND AccClosedDate >= '01-MAR-2017' AND LOWER(AccOpenLocation) = 'central'

Points given: 15 of maximum 15

Answer compiles without errors: 1.5 / 1.5
Answer has at least SELECT and FROM: 2.25 / 2.25
Answer has same row count as desired query: 1.5 / 1.5
Answer has same column count as desired result query: 1.5 / 1.5
Answer has appropriate number of tables used: 1.5 / 1.5
Answer has appropriate number of WHERE keyword: 1.5 / 1.5
Answer has same result set content as desired query: 5.25 / 5.25

2: SELECT AccOpenLocation, AccStatus, COUNT(AccStatus)
FROM Account
WHERE LOWER(AccStatus) = 'closed' OR LOWER(AccStatus) = 'active' OR LOWER(AccStatus) = 'frozen'
GROUP BY AccOpenLocation, AccStatus
ORDER BY AccOpenLocation, AccStatus

Points given: 16 of maximum 16

Answer compiles without errors: 2.4 / 2.4
Answer has at least SELECT and FROM: 1.6 / 1.6
Answer has appropriate number of GROUP BY keywords: 1.6 / 1.6
Answer has appropriate number of ORDER BY keywords: 1.6 / 1.6
Answer has same column count as desired result query: 1.6 / 1.6
Answer has same result set content as desired query: 7.2 / 7.2

3: SELECT AccNumber
FROM Account A1
WHERE (A1.AccBalance > 
    (SELECT AVG(AccBalance)
     FROM Account A2
     WHERE LOWER(A2.AccType) = 'checking' AND LOWER(A1.AccType) = 'checking'))
      OR (A1.AccBalance >
    (SELECT AVG(AccBalance)
     FROM Account A2
     WHERE LOWER(A2.AccType) = 'savings' AND LOWER(A1.AccType) = 'savings'))
ORDER BY AccNumber

Points given: 18 of maximum 18

Answer compiles without errors: 2.7 / 2.7
Answer has at least SELECT and FROM: 1.8 / 1.8
Answer has appropriate number of AVG keyword: 1.8 / 1.8
Answer has appropriate number of tables used: 1.8 / 1.8
Answer has same column count as desired result query: 1.8 / 1.8
Answer has same result set content as desired query: 8.1 / 8.1

4: SELECT TransLocation, AVG(TransAmount)
FROM Transaction T1
WHERE (T1.TransAmount < 
    (SELECT AVG(TransAmount)
     FROM Transaction T2
     WHERE T1.AccNumber = T2.AccNumber))
GROUP BY TransLocation
ORDER BY AVG(TransAmount) DESC

Points given: 12.6 of maximum 18

Answer compiles without errors: 2.7 / 2.7
Answer has at least SELECT and FROM: 1.8 / 1.8
Answer has appropriate number of AVG keyword: 1.8 / 1.8
Answer has appropriate number of GROUP BY keywords: 1.8 / 1.8
Answer has appropriate number of ORDER BY keywords: 1.8 / 1.8
Answer has appropriate number of DESC keyword: 0.9 / 0.9
Answer has appropriate number of tables used: 1.8 / 1.8
Answer has same result set content as desired query: 0 / 5.4

5: SELECT CustID, FName, LName, MAX(TransAmount)
FROM Customer C
JOIN Account A ON (C.CustID = A.Customer)
JOIN Transaction T ON (A.AccNumber = T.AccNumber)
WHERE LOWER(TransType) = 'w' AND LOWER(AccType) = 'savings'
GROUP BY CustID, FName, LName
ORDER BY CustID

Points given: 16 of maximum 16

Answer compiles without errors: 1.6 / 1.6
Answer has at least SELECT and FROM: 1.6 / 1.6
Answer has appropriate number of MAX keyword: 1.6 / 1.6
Answer has appropriate number of GROUP BY keywords: 1.6 / 1.6
Answer has appropriate number of ORDER BY keywords: 1.6 / 1.6
Answer has appropriate number of tables used: 1.6 / 1.6
Answer has same column count as desired result query: 0.8 / 0.8
Answer has same result set content as desired query: 5.6 / 5.6

6: SELECT CustID, FName, LName, AccStatus
FROM Customer C
LEFT OUTER JOIN Account A ON (C.CustID = A.Customer)
WHERE LOWER(AccStatus) IN ('closed', 'frozen') OR AccNumber IS NULL

Points given: 9.35 of maximum 17

Answer compiles without errors: 1.7 / 1.7
Answer has at least SELECT and FROM: 2.55 / 2.55
Answer has appropriate number of WHERE keyword: 2.55 / 2.55
Answer has appropriate number of tables used: 2.55 / 2.55
Answer has same column count as desired result query: 0 / 1.7
Answer has same result set content as desired query: 0 / 5.95

7: SELECT T.TransLocation, COUNT(A.AccOpenLocation)
FROM Transaction T
FULL OUTER JOIN Account A ON (T.TransLocation = A.AccOpenLocation)
GROUP BY T.TransLocation

Points given: 3 of maximum 5

Answer compiles without errors: 0.5 / 0.5
Answer has at least SELECT and FROM: 0.5 / 0.5
Answer has appropriate number of OUTER/LEFT/RIGHT/BOTH keywords: 0.5 / 0.5
Answer has appropriate number of GROUP BY keywords: 0.5 / 0.5
Answer has appropriate number of tables used: 0.5 / 0.5
Answer has appropriate number of COUNT keyword: 0.5 / 0.5
Answer has appropriate number of DISTINCT keyword: 0 / 0.5
Answer has same result set content as desired query: 0 / 1.5

