Assignment  : CS 260, Fall 2019, Lab Test
Student Name: Student 39
Answer File : lt_s39.sql
Total Points: 88.95

Your answers, evaluation and points follow.

1: SELECT CUSTID,FNAME,LNAME,AccClosedDate
FROM CUSTOMER C
JOIN ACCOUNT A ON (A.CUSTOMER = C.CUSTID)
WHERE AccStatus = 'Closed'
AND AccOpenLocation = 'Central'
AND AccClosedDate >= '01-MAR-2017'

Points given: 15 of maximum 15

Answer compiles without errors: 1.5 / 1.5
Answer has at least SELECT and FROM: 2.25 / 2.25
Answer has same row count as desired query: 1.5 / 1.5
Answer has same column count as desired result query: 1.5 / 1.5
Answer has appropriate number of tables used: 1.5 / 1.5
Answer has appropriate number of WHERE keyword: 1.5 / 1.5
Answer has same result set content as desired query: 5.25 / 5.25

2: SELECT AccOpenLocation,AccStatus,COUNT(*)
FROM ACCOUNT
GROUP BY AccOpenLocation,AccStatus
ORDER BY AccOpenLocation,AccStatus

Points given: 16 of maximum 16

Answer compiles without errors: 2.4 / 2.4
Answer has at least SELECT and FROM: 1.6 / 1.6
Answer has appropriate number of GROUP BY keywords: 1.6 / 1.6
Answer has appropriate number of ORDER BY keywords: 1.6 / 1.6
Answer has same column count as desired result query: 1.6 / 1.6
Answer has same result set content as desired query: 7.2 / 7.2

3: SELECT A1.ACCNUMBER
FROM ACCOUNT A1
WHERE A1.ACCNUMBER >
      (SELECT AVG(A2.ACCNUMBER)
       FROM ACCOUNT A2
       WHERE A2.ACCTYPE=A1.ACCTYPE)

Points given: 9.9 of maximum 18

Answer compiles without errors: 2.7 / 2.7
Answer has at least SELECT and FROM: 1.8 / 1.8
Answer has appropriate number of AVG keyword: 1.8 / 1.8
Answer has appropriate number of tables used: 1.8 / 1.8
Answer has same column count as desired result query: 1.8 / 1.8
Answer has same result set content as desired query: 0 / 8.1

4: SELECT TRANSLOCATION,CAST (AVG(TRANSAMOUNT) AS NUMBER(*,2))
FROM TRANSACTION
GROUP BY TRANSLOCATION
HAVING AVG(TRANSAMOUNT)<
       (SELECT AVG(TRANSAMOUNT)
        FROM TRANSACTION)
ORDER BY AVG(TRANSAMOUNT) DESC

Points given: 18 of maximum 18

Answer compiles without errors: 2.7 / 2.7
Answer has at least SELECT and FROM: 1.8 / 1.8
Answer has appropriate number of AVG keyword: 1.8 / 1.8
Answer has appropriate number of GROUP BY keywords: 1.8 / 1.8
Answer has appropriate number of ORDER BY keywords: 1.8 / 1.8
Answer has appropriate number of DESC keyword: 0.9 / 0.9
Answer has appropriate number of tables used: 1.8 / 1.8
Answer has same result set content as desired query: 5.4 / 5.4

5: SELECT CUSTID,FNAME,LNAME,MAX(TRANSAMOUNT)
FROM CUSTOMER C
JOIN ACCOUNT A ON (A.CUSTOMER = C.CUSTID)
JOIN TRANSACTION T ON (T.ACCNUMBER = A.ACCNUMBER)
WHERE ACCTYPE = 'savings'
AND TRANSTYPE = 'w'
GROUP BY  CUSTID,FNAME,LNAME
ORDER BY CUSTID

Points given: 16 of maximum 16

Answer compiles without errors: 1.6 / 1.6
Answer has at least SELECT and FROM: 1.6 / 1.6
Answer has appropriate number of MAX keyword: 1.6 / 1.6
Answer has appropriate number of GROUP BY keywords: 1.6 / 1.6
Answer has appropriate number of ORDER BY keywords: 1.6 / 1.6
Answer has appropriate number of tables used: 1.6 / 1.6
Answer has same column count as desired result query: 0.8 / 0.8
Answer has same result set content as desired query: 5.6 / 5.6

6: SELECT DISTINCT CUSTID,FNAME,LNAME
FROM CUSTOMER C
JOIN ACCOUNT A ON (A.CUSTOMER = C.CUSTID)
WHERE A.ACCSTATUS !='active'
UNION
SELECT CUSTID,FNAME,LNAME
FROM CUSTOMER
WHERE NOT EXISTS
     (SELECT *
      FROM ACCOUNT
      WHERE CUSTOMER = CUSTID)

Points given: 11.05 of maximum 17

Answer compiles without errors: 1.7 / 1.7
Answer has at least SELECT and FROM: 2.55 / 2.55
Answer has appropriate number of WHERE keyword: 2.55 / 2.55
Answer has appropriate number of tables used: 2.55 / 2.55
Answer has same column count as desired result query: 1.7 / 1.7
Answer has same result set content as desired query: 0 / 5.95

7: SELECT TRANSLOCATION, COUNT(DISTINCT A.ACCNUMBER)
FROM TRANSACTION T
JOIN ACCOUNT A ON (A.ACCNUMBER = T.ACCNUMBER)
GROUP BY TRANSLOCATION

Points given: 3 of maximum 5

Answer compiles without errors: 0.5 / 0.5
Answer has at least SELECT and FROM: 0.5 / 0.5
Answer has appropriate number of OUTER/LEFT/RIGHT/BOTH keywords: 0 / 0.5
Answer has appropriate number of GROUP BY keywords: 0.5 / 0.5
Answer has appropriate number of tables used: 0.5 / 0.5
Answer has appropriate number of COUNT keyword: 0.5 / 0.5
Answer has appropriate number of DISTINCT keyword: 0.5 / 0.5
Answer has same result set content as desired query: 0 / 1.5

