Assignment  : CS 260, Fall 2019, Lab Test
Student Name: Student 37
Answer File : lt_s37.sql
Total Points: 89.37

Your answers, evaluation and points follow.

1: SELECT custid, fname, lname, acccloseddate
        FROM Customer C
        JOIN Account A ON (C.custid = A.customer)
        WHERE accopenlocation = 'Central' AND acccloseddate >= '01-MAR-2017'

Points given: 15 of maximum 15

Answer compiles without errors: 1.5 / 1.5
Answer has at least SELECT and FROM: 2.25 / 2.25
Answer has same row count as desired query: 1.5 / 1.5
Answer has same column count as desired result query: 1.5 / 1.5
Answer has appropriate number of tables used: 1.5 / 1.5
Answer has appropriate number of WHERE keyword: 1.5 / 1.5
Answer has same result set content as desired query: 5.25 / 5.25

2: SELECT accopenlocation, accstatus, COUNT(accstatus)
        FROM Account 
        GROUP by accopenlocation, accstatus
        ORDER BY accopenlocation, accstatus

Points given: 16 of maximum 16

Answer compiles without errors: 2.4 / 2.4
Answer has at least SELECT and FROM: 1.6 / 1.6
Answer has appropriate number of GROUP BY keywords: 1.6 / 1.6
Answer has appropriate number of ORDER BY keywords: 1.6 / 1.6
Answer has same column count as desired result query: 1.6 / 1.6
Answer has same result set content as desired query: 7.2 / 7.2

3: SELECT A.accnumber
        FROM Account A
        WHERE A.accbalance >
            (SELECT AVG(B.accbalance)
             FROM Account B
             WHERE A.acctype = B.acctype)
        ORDER BY A.accnumber

Points given: 18 of maximum 18

Answer compiles without errors: 2.7 / 2.7
Answer has at least SELECT and FROM: 1.8 / 1.8
Answer has appropriate number of AVG keyword: 1.8 / 1.8
Answer has appropriate number of tables used: 1.8 / 1.8
Answer has same column count as desired result query: 1.8 / 1.8
Answer has same result set content as desired query: 8.1 / 8.1

4: SELECT translocation, AVG(transamount)
        FROM Transaction T 
        GROUP BY translocation
        HAVING AVG(T.transamount)=
            (SELECT AVG(T1.transamount)
             FROM Transaction T1
             WHERE T.translocation = T1.translocation)
        ORDER BY translocation

Points given: 13.32 of maximum 18

Answer compiles without errors: 2.7 / 2.7
Answer has at least SELECT and FROM: 1.8 / 1.8
Answer has appropriate number of AVG keyword: 1.8 / 1.8
Answer has appropriate number of GROUP BY keywords: 1.8 / 1.8
Answer has appropriate number of ORDER BY keywords: 1.8 / 1.8
Answer has appropriate number of DESC keyword: 0 / 0.9
Answer has appropriate number of tables used: 1.8 / 1.8
Answer has same result set content as desired query: 1.62 / 5.4

5: SELECT custid, fname, lname, MAX(transamount)
        FROM Customer C
        JOIN Account A ON (C.custid = A.customer)
        JOIN Transaction T ON (A.accnumber = T.accnumber)
        WHERE acctype = 'savings' AND transtype = 'w' 
        GROUP BY custid, fname, lname
        ORDER BY custid

Points given: 16 of maximum 16

Answer compiles without errors: 1.6 / 1.6
Answer has at least SELECT and FROM: 1.6 / 1.6
Answer has appropriate number of MAX keyword: 1.6 / 1.6
Answer has appropriate number of GROUP BY keywords: 1.6 / 1.6
Answer has appropriate number of ORDER BY keywords: 1.6 / 1.6
Answer has appropriate number of tables used: 1.6 / 1.6
Answer has same column count as desired result query: 0.8 / 0.8
Answer has same result set content as desired query: 5.6 / 5.6

6: SELECT custid, fname, lname
        FROM Customer C
        JOIN Account A ON (C.custid = A.customer)
        WHERE NOT accstatus = 'Active'

Points given: 11.05 of maximum 17

Answer compiles without errors: 1.7 / 1.7
Answer has at least SELECT and FROM: 2.55 / 2.55
Answer has appropriate number of WHERE keyword: 2.55 / 2.55
Answer has appropriate number of tables used: 2.55 / 2.55
Answer has same column count as desired result query: 1.7 / 1.7
Answer has same result set content as desired query: 0 / 5.95

7: 

Points given: 0 of maximum 5

Answer compiles without errors: 0 / 0.5
Answer has at least SELECT and FROM: 0 / 0.5
Answer has appropriate number of OUTER/LEFT/RIGHT/BOTH keywords: 0 / 0.5
Answer has appropriate number of GROUP BY keywords: 0 / 0.5
Answer has appropriate number of tables used: 0 / 0.5
Answer has appropriate number of COUNT keyword: 0 / 0.5
Answer has appropriate number of DISTINCT keyword: 0 / 0.5
Answer has same result set content as desired query: 0 / 1.5

