Assignment  : CS 260, Fall 2019, Lab Test
Student Name: Student 18
Answer File : lt_s18.sql
Total Points: 81.75

Your answers, evaluation and points follow.

1: SELECT custid, fname, lname, acccloseddate
FROM customer c JOIN account a 
ON c.custid = a.customer

Points given: 6.75 of maximum 15

Answer compiles without errors: 1.5 / 1.5
Answer has at least SELECT and FROM: 2.25 / 2.25
Answer has same row count as desired query: 0 / 1.5
Answer has same column count as desired result query: 1.5 / 1.5
Answer has appropriate number of tables used: 1.5 / 1.5
Answer has appropriate number of WHERE keyword: 0 / 1.5
Answer has same result set content as desired query: 0 / 5.25

2: SELECT accopenlocation,accstatus, COUNT(accnumber)
FROM account
WHERE accopenlocation IN
    (SELECT accopenlocation
    FROM account)
GROUP BY accopenlocation, accstatus

Points given: 14.4 of maximum 16

Answer compiles without errors: 2.4 / 2.4
Answer has at least SELECT and FROM: 1.6 / 1.6
Answer has appropriate number of GROUP BY keywords: 1.6 / 1.6
Answer has appropriate number of ORDER BY keywords: 0 / 1.6
Answer has same column count as desired result query: 1.6 / 1.6
Answer has same result set content as desired query: 7.2 / 7.2

3: SELECT DISTINCT a1.accnumber
FROM account a1
JOIN account a2 ON a1.accnumber = a2.accnumber
WHERE a1.acctype = a2.acctype
AND a1.accbalance >
    (SELECT AVG(b1.accbalance)
    FROM account b1)
ORDER BY accnumber

Points given: 13.95 of maximum 18

Answer compiles without errors: 2.7 / 2.7
Answer has at least SELECT and FROM: 1.8 / 1.8
Answer has appropriate number of AVG keyword: 1.8 / 1.8
Answer has appropriate number of tables used: 1.8 / 1.8
Answer has same column count as desired result query: 1.8 / 1.8
Answer has same result set content as desired query: 4.05 / 8.1

4: SELECT translocation,AVG(transamount)
FROM transaction 
GROUP BY translocation
HAVING AVG(transamount)<
    (SELECT AVG(transamount)
    FROM transaction)
ORDER BY AVG(transamount)

Points given: 17.1 of maximum 18

Answer compiles without errors: 2.7 / 2.7
Answer has at least SELECT and FROM: 1.8 / 1.8
Answer has appropriate number of AVG keyword: 1.8 / 1.8
Answer has appropriate number of GROUP BY keywords: 1.8 / 1.8
Answer has appropriate number of ORDER BY keywords: 1.8 / 1.8
Answer has appropriate number of DESC keyword: 0 / 0.9
Answer has appropriate number of tables used: 1.8 / 1.8
Answer has same result set content as desired query: 5.4 / 5.4

5: SELECT custid,fname,lname,MAX(transamount)
FROM customer c JOIN account a
ON c.custid = a.customer JOIN transaction t
ON t.accnumber = a.accnumber
WHERE UPPER(acctype) = UPPER('Savings')
AND UPPER(transtype) = UPPER('w')
GROUP BY custid,fname,lname
ORDER BY custid

Points given: 16 of maximum 16

Answer compiles without errors: 1.6 / 1.6
Answer has at least SELECT and FROM: 1.6 / 1.6
Answer has appropriate number of MAX keyword: 1.6 / 1.6
Answer has appropriate number of GROUP BY keywords: 1.6 / 1.6
Answer has appropriate number of ORDER BY keywords: 1.6 / 1.6
Answer has appropriate number of tables used: 1.6 / 1.6
Answer has same column count as desired result query: 0.8 / 0.8
Answer has same result set content as desired query: 5.6 / 5.6

6: SELECT custid,fname,lname
FROM customer c JOIN account a
ON c.custid = a.customer
WHERE accstatus = 'Frozen'
OR accstatus = 'Closed'
OR accstatus = null

Points given: 11.05 of maximum 17

Answer compiles without errors: 1.7 / 1.7
Answer has at least SELECT and FROM: 2.55 / 2.55
Answer has appropriate number of WHERE keyword: 2.55 / 2.55
Answer has appropriate number of tables used: 2.55 / 2.55
Answer has same column count as desired result query: 1.7 / 1.7
Answer has same result set content as desired query: 0 / 5.95

7: SELECT translocation, COUNT(a.accnumber)
FROM transaction t JOIN account a 
ON t.accnumber = a.accnumber
GROUP BY t.translocation

Points given: 2.5 of maximum 5

Answer compiles without errors: 0.5 / 0.5
Answer has at least SELECT and FROM: 0.5 / 0.5
Answer has appropriate number of OUTER/LEFT/RIGHT/BOTH keywords: 0 / 0.5
Answer has appropriate number of GROUP BY keywords: 0.5 / 0.5
Answer has appropriate number of tables used: 0.5 / 0.5
Answer has appropriate number of COUNT keyword: 0.5 / 0.5
Answer has appropriate number of DISTINCT keyword: 0 / 0.5
Answer has same result set content as desired query: 0 / 1.5

