Assignment  : CS 260, Fall 2019, Lab Test
Student Name: Student 35
Answer File : lt_s35.sql
Total Points: 89.55

Your answers, evaluation and points follow.

1: SELECT CustID, FNAME,LNAME,AccClosedDate
FROM Customer C Join Account A ON (C.CustID = A.Customer)
WHERE AccOpenLocation = 'Central'
INTERSECT
SELECT CustID, FNAME,LNAME,AccClosedDate
FROM Account A Join Customer C ON (C.CustID = A.Customer)
WHERE AccClosedDate >= '01-MAR-2017'

Points given: 12 of maximum 15

Answer compiles without errors: 1.5 / 1.5
Answer has at least SELECT and FROM: 2.25 / 2.25
Answer has same row count as desired query: 1.5 / 1.5
Answer has same column count as desired result query: 1.5 / 1.5
Answer has appropriate number of tables used: 0 / 1.5
Answer has appropriate number of WHERE keyword: 0 / 1.5
Answer has same result set content as desired query: 5.25 / 5.25

2: SELECT AccOpenLocation,AccStatus,Count(*)
FROM Account
GROUP BY AccStatus,AccOpenLocation
ORDER BY AccOpenLocation,AccStatus

Points given: 16 of maximum 16

Answer compiles without errors: 2.4 / 2.4
Answer has at least SELECT and FROM: 1.6 / 1.6
Answer has appropriate number of GROUP BY keywords: 1.6 / 1.6
Answer has appropriate number of ORDER BY keywords: 1.6 / 1.6
Answer has same column count as desired result query: 1.6 / 1.6
Answer has same result set content as desired query: 7.2 / 7.2

3: SELECT AccNumber
FROM Account
WHERE AccBalance > (SELECT AVG(AccBalance)
                    FROM Account
                    WHERE AccType = 'checking')
INTERSECT 
SELECT AccNumber
FROM Account
WHERE AccBalance > (SELECT AVG(AccBalance)
                    FROM Account
                    WHERE AccType = 'savings')
ORDER BY AccNumber

Points given: 13.95 of maximum 18

Answer compiles without errors: 2.7 / 2.7
Answer has at least SELECT and FROM: 1.8 / 1.8
Answer has appropriate number of AVG keyword: 1.8 / 1.8
Answer has appropriate number of tables used: 1.8 / 1.8
Answer has same column count as desired result query: 1.8 / 1.8
Answer has same result set content as desired query: 4.05 / 8.1

4: SELECT TransLocation,CAST (AVG(TransAmount) AS NUMBER(*,2))
FROM Transaction 
group by TransLocation
HAVING AVG(TransAmount) <(SELECT AVG(TransAmount)
                        FROM Transaction)
ORDER BY CAST (AVG(TransAmount) AS NUMBER(*,2)) DESC

Points given: 18 of maximum 18

Answer compiles without errors: 2.7 / 2.7
Answer has at least SELECT and FROM: 1.8 / 1.8
Answer has appropriate number of AVG keyword: 1.8 / 1.8
Answer has appropriate number of GROUP BY keywords: 1.8 / 1.8
Answer has appropriate number of ORDER BY keywords: 1.8 / 1.8
Answer has appropriate number of DESC keyword: 0.9 / 0.9
Answer has appropriate number of tables used: 1.8 / 1.8
Answer has same result set content as desired query: 5.4 / 5.4

5: SELECT CustID,FNAME,LNAME,MAX(TransAmount),acctype
FROM Customer Join Account ON (Customer.CustID = Account.Customer)
JOIN Transaction ON (Account.AccNumber = Transaction.AccNumber)
WHERE TransType = 'w' 
group by CustID, FNAME, LNAME,acctype
ORDER BY CustID

Points given: 9.6 of maximum 16

Answer compiles without errors: 1.6 / 1.6
Answer has at least SELECT and FROM: 1.6 / 1.6
Answer has appropriate number of MAX keyword: 1.6 / 1.6
Answer has appropriate number of GROUP BY keywords: 1.6 / 1.6
Answer has appropriate number of ORDER BY keywords: 1.6 / 1.6
Answer has appropriate number of tables used: 1.6 / 1.6
Answer has same column count as desired result query: 0 / 0.8
Answer has same result set content as desired query: 0 / 5.6

6: SELECT CustID, FNAME, LNAME
FROM Customer
WHERE CustID NOT IN(SELECT C.custid
                    FROM Customer C JOIN Account A ON (C.CustID = A.Customer)
                    WHERE AccStatus = 'Active')

Points given: 17 of maximum 17

Answer compiles without errors: 1.7 / 1.7
Answer has at least SELECT and FROM: 2.55 / 2.55
Answer has appropriate number of WHERE keyword: 2.55 / 2.55
Answer has appropriate number of tables used: 2.55 / 2.55
Answer has same column count as desired result query: 1.7 / 1.7
Answer has same result set content as desired query: 5.95 / 5.95

7: SELECT TransLocation,COUNT(AccOpenLocation)
FROM Transaction
LEFT OUTER JOIN Account ON (AccOpenLocation = TransLocation)
GROUP BY TransLocation

Points given: 3 of maximum 5

Answer compiles without errors: 0.5 / 0.5
Answer has at least SELECT and FROM: 0.5 / 0.5
Answer has appropriate number of OUTER/LEFT/RIGHT/BOTH keywords: 0.5 / 0.5
Answer has appropriate number of GROUP BY keywords: 0.5 / 0.5
Answer has appropriate number of tables used: 0.5 / 0.5
Answer has appropriate number of COUNT keyword: 0.5 / 0.5
Answer has appropriate number of DISTINCT keyword: 0 / 0.5
Answer has same result set content as desired query: 0 / 1.5

