Assignment  : CS 260, Fall 2019, Lab Test
Student Name: Student 45
Answer File : lt_s45.sql
Total Points: 92.3

Your answers, evaluation and points follow.

1: SELECT CUSTID, FNAME, LNAME
FROM Customer C
JOIN ACCOUNT A ON C.CUSTID = A.Customer
WHERE ACCOPENLOCATION = 'Central'
AND ACCCLOSEDDATE >= '01-MAR-17'

Points given: 8.25 of maximum 15

Answer compiles without errors: 1.5 / 1.5
Answer has at least SELECT and FROM: 2.25 / 2.25
Answer has same row count as desired query: 1.5 / 1.5
Answer has same column count as desired result query: 0 / 1.5
Answer has appropriate number of tables used: 1.5 / 1.5
Answer has appropriate number of WHERE keyword: 1.5 / 1.5
Answer has same result set content as desired query: 0 / 5.25

2: SELECT ACCOPENLOCATION, ACCSTATUS, COUNT(ACCSTATUS)
FROM ACCOUNT
GROUP BY ACCOPENLOCATION, ACCSTATUS
ORDER BY ACCOPENLOCATION, ACCSTATUS

Points given: 16 of maximum 16

Answer compiles without errors: 2.4 / 2.4
Answer has at least SELECT and FROM: 1.6 / 1.6
Answer has appropriate number of GROUP BY keywords: 1.6 / 1.6
Answer has appropriate number of ORDER BY keywords: 1.6 / 1.6
Answer has same column count as desired result query: 1.6 / 1.6
Answer has same result set content as desired query: 7.2 / 7.2

3: SELECT A1.ACCNUMBER
FROM ACCOUNT A1
WHERE A1.ACCBALANCE >
    (SELECT AVG(A2.ACCBALANCE)
    FROM ACCOUNT A2
    WHERE A1.ACCTYPE = A2.ACCTYPE
    GROUP BY A2.ACCTYPE)
ORDER BY A1.ACCNUMBER

Points given: 18 of maximum 18

Answer compiles without errors: 2.7 / 2.7
Answer has at least SELECT and FROM: 1.8 / 1.8
Answer has appropriate number of AVG keyword: 1.8 / 1.8
Answer has appropriate number of tables used: 1.8 / 1.8
Answer has same column count as desired result query: 1.8 / 1.8
Answer has same result set content as desired query: 8.1 / 8.1

4: SELECT TransLocation, AVG(TransAmount)
FROM Transaction
GROUP BY TransLocation
HAVING AVG(TransAmount) <
    (SELECT AVG(TransAmount)
    FROM Transaction)
ORDER BY AVG(TransAmount) DESC

Points given: 18 of maximum 18

Answer compiles without errors: 2.7 / 2.7
Answer has at least SELECT and FROM: 1.8 / 1.8
Answer has appropriate number of AVG keyword: 1.8 / 1.8
Answer has appropriate number of GROUP BY keywords: 1.8 / 1.8
Answer has appropriate number of ORDER BY keywords: 1.8 / 1.8
Answer has appropriate number of DESC keyword: 0.9 / 0.9
Answer has appropriate number of tables used: 1.8 / 1.8
Answer has same result set content as desired query: 5.4 / 5.4

5: SELECT CUSTID, FNAME, LNAME, MAX(TransAmount)
FROM Customer C
JOIN ACCOUNT A ON A.Customer = C.CUSTID
JOIN Transaction T ON T.ACCNUMBER = A.ACCNUMBER
WHERE A.ACCTYPE = 'savings'
AND TransType = 'w'
GROUP BY CUSTID, FNAME, LNAME
ORDER BY CUSTID

Points given: 16 of maximum 16

Answer compiles without errors: 1.6 / 1.6
Answer has at least SELECT and FROM: 1.6 / 1.6
Answer has appropriate number of MAX keyword: 1.6 / 1.6
Answer has appropriate number of GROUP BY keywords: 1.6 / 1.6
Answer has appropriate number of ORDER BY keywords: 1.6 / 1.6
Answer has appropriate number of tables used: 1.6 / 1.6
Answer has same column count as desired result query: 0.8 / 0.8
Answer has same result set content as desired query: 5.6 / 5.6

6: SELECT DISTINCT CUSTID, FNAME, LNAME
FROM Customer C
LEFT JOIN Account A ON A.Customer = C.CUSTID
WHERE ACCSTATUS != 'Active' OR ACCSTATUS IS NULL

Points given: 11.05 of maximum 17

Answer compiles without errors: 1.7 / 1.7
Answer has at least SELECT and FROM: 2.55 / 2.55
Answer has appropriate number of WHERE keyword: 2.55 / 2.55
Answer has appropriate number of tables used: 2.55 / 2.55
Answer has same column count as desired result query: 1.7 / 1.7
Answer has same result set content as desired query: 0 / 5.95

7: SELECT T.TransLocation, COUNT(DISTINCT A.ACCNUMBER)
FROM Transaction T
LEFT JOIN ACCOUNT A ON T.TransLocation = A.ACCOpenLocation
GROUP BY T.TransLocation

Points given: 5 of maximum 5

Answer compiles without errors: 0.5 / 0.5
Answer has at least SELECT and FROM: 0.5 / 0.5
Answer has appropriate number of OUTER/LEFT/RIGHT/BOTH keywords: 0.5 / 0.5
Answer has appropriate number of GROUP BY keywords: 0.5 / 0.5
Answer has appropriate number of tables used: 0.5 / 0.5
Answer has appropriate number of COUNT keyword: 0.5 / 0.5
Answer has appropriate number of DISTINCT keyword: 0.5 / 0.5
Answer has same result set content as desired query: 1.5 / 1.5

