Assignment  : CS 260, Fall 2019, Lab Test
Student Name: Student 15
Answer File : lt_s15.sql
Total Points: 83.35

Your answers, evaluation and points follow.

1: SELECT C.CustID, C.FName, C.LName, A.AccClosedDate
FROM Customer C JOIN Account A
ON ( C.CustID = A.Customer)
WHERE (A.AccOpenLocation = 'Central') AND (A.AccClosedDate>= '01-Mar-17')

Points given: 15 of maximum 15

Answer compiles without errors: 1.5 / 1.5
Answer has at least SELECT and FROM: 2.25 / 2.25
Answer has same row count as desired query: 1.5 / 1.5
Answer has same column count as desired result query: 1.5 / 1.5
Answer has appropriate number of tables used: 1.5 / 1.5
Answer has appropriate number of WHERE keyword: 1.5 / 1.5
Answer has same result set content as desired query: 5.25 / 5.25

2: SELECT A.AccOpenLocation, A.AccStatus, COUNT(A.AccStatus)
FROM Account A group by A.AccOpenLocation, A.AccStatus ORDER BY A.AccOpenLocation ASC

Points given: 16 of maximum 16

Answer compiles without errors: 2.4 / 2.4
Answer has at least SELECT and FROM: 1.6 / 1.6
Answer has appropriate number of GROUP BY keywords: 1.6 / 1.6
Answer has appropriate number of ORDER BY keywords: 1.6 / 1.6
Answer has same column count as desired result query: 1.6 / 1.6
Answer has same result set content as desired query: 7.2 / 7.2

3: SELECT DISTINCT C.CustID
FROM Customer C JOIN Account A
ON ( C.CustID = A.Customer)
GROUP BY A.AccType, C.CustID, A.AccBalance
HAVING (AVG(A.AccBalance) <= A.AccBalance)
ORDER BY C.CustID ASC

Points given: 9.9 of maximum 18

Answer compiles without errors: 2.7 / 2.7
Answer has at least SELECT and FROM: 1.8 / 1.8
Answer has appropriate number of AVG keyword: 1.8 / 1.8
Answer has appropriate number of tables used: 1.8 / 1.8
Answer has same column count as desired result query: 1.8 / 1.8
Answer has same result set content as desired query: 0 / 8.1

4: SELECT T.TransLocation, AVG(T.TransAmount)
FROM Transaction T
GROUP BY T.TransLocation
HAVING AVG(T.TransAmount) < (Select AVG(TransAmount) FROM Transaction ) 
ORDER BY AVG(T.TransAmount) DESC

Points given: 18 of maximum 18

Answer compiles without errors: 2.7 / 2.7
Answer has at least SELECT and FROM: 1.8 / 1.8
Answer has appropriate number of AVG keyword: 1.8 / 1.8
Answer has appropriate number of GROUP BY keywords: 1.8 / 1.8
Answer has appropriate number of ORDER BY keywords: 1.8 / 1.8
Answer has appropriate number of DESC keyword: 0.9 / 0.9
Answer has appropriate number of tables used: 1.8 / 1.8
Answer has same result set content as desired query: 5.4 / 5.4

5: SELECT C.CustID, C.FName, C.LName, MAX(T.TransAmount)
FROM Customer C JOIN Account A
ON (C.CustID = A.Customer)
JOIN Transaction T
ON (A.AccNumber = T.AccNumber)
WHERE (t.transtype ='w')
GROUP BY C.CustID, C.FName, C.LName, T.TransAmount
ORDER BY C.CustID ASC

Points given: 10.4 of maximum 16

Answer compiles without errors: 1.6 / 1.6
Answer has at least SELECT and FROM: 1.6 / 1.6
Answer has appropriate number of MAX keyword: 1.6 / 1.6
Answer has appropriate number of GROUP BY keywords: 1.6 / 1.6
Answer has appropriate number of ORDER BY keywords: 1.6 / 1.6
Answer has appropriate number of tables used: 1.6 / 1.6
Answer has same column count as desired result query: 0.8 / 0.8
Answer has same result set content as desired query: 0 / 5.6

6: SELECT DISTINCT C.CustID, C.FName, C.LName
FROM Customer C LEFT JOIN Account A
ON (C.CustID = A.Customer)
WHERE A.AccStatus NOT IN 'Active' OR A.Accstatus IS NULL
ORDER BY (C.CustID)

Points given: 11.05 of maximum 17

Answer compiles without errors: 1.7 / 1.7
Answer has at least SELECT and FROM: 2.55 / 2.55
Answer has appropriate number of WHERE keyword: 2.55 / 2.55
Answer has appropriate number of tables used: 2.55 / 2.55
Answer has same column count as desired result query: 1.7 / 1.7
Answer has same result set content as desired query: 0 / 5.95

7: SELECT T.translocation, COUNT(T.accNumber)
FROM Transaction T
LEFT OUTER JOIN Transaction Ts ON
    T.transID = Ts.TransID group by Ts.translocation, T.translocation

Points given: 3 of maximum 5

Answer compiles without errors: 0.5 / 0.5
Answer has at least SELECT and FROM: 0.5 / 0.5
Answer has appropriate number of OUTER/LEFT/RIGHT/BOTH keywords: 0.5 / 0.5
Answer has appropriate number of GROUP BY keywords: 0.5 / 0.5
Answer has appropriate number of tables used: 0.5 / 0.5
Answer has appropriate number of COUNT keyword: 0.5 / 0.5
Answer has appropriate number of DISTINCT keyword: 0 / 0.5
Answer has same result set content as desired query: 0 / 1.5

