Assignment  : CS 260, Fall 2019, Lab Test
Student Name: Student 08
Answer File : lt_s08.sql
Total Points: 66.57

Your answers, evaluation and points follow.

1: SELECT C.CUSTID, C.FNAME, C.LNAME, A.ACCCLOSEDDATE
FROM Customer C
JOIN Account A ON (A.CUSTOMER = C.CUSTID)
WHERE (A.ACCOPENLOCATION) LIKE 'Central' AND (A.ACCCLOSEDDATE >= '01-MAR-2017')

Points given: 15 of maximum 15

Answer compiles without errors: 1.5 / 1.5
Answer has at least SELECT and FROM: 2.25 / 2.25
Answer has same row count as desired query: 1.5 / 1.5
Answer has same column count as desired result query: 1.5 / 1.5
Answer has appropriate number of tables used: 1.5 / 1.5
Answer has appropriate number of WHERE keyword: 1.5 / 1.5
Answer has same result set content as desired query: 5.25 / 5.25

2: SELECT ACCOPENLOCATION, ACCSTATUS, COUNT(ACCSTATUS)
FROM Account
GROUP BY ACCOPENLOCATION, ACCSTATUS
ORDER BY ACCOPENLOCATION, ACCSTATUS ASC

Points given: 16 of maximum 16

Answer compiles without errors: 2.4 / 2.4
Answer has at least SELECT and FROM: 1.6 / 1.6
Answer has appropriate number of GROUP BY keywords: 1.6 / 1.6
Answer has appropriate number of ORDER BY keywords: 1.6 / 1.6
Answer has same column count as desired result query: 1.6 / 1.6
Answer has same result set content as desired query: 7.2 / 7.2

3: SELECT DISTINCT A.ACCNUMBER
FROM Account A
JOIN Account A2 ON (A.ACCBALANCE > A2.ACCBALANCE AND A.ACCTYPE = A2.ACCTYPE)

Points given: 8.1 of maximum 18

Answer compiles without errors: 2.7 / 2.7
Answer has at least SELECT and FROM: 1.8 / 1.8
Answer has appropriate number of AVG keyword: 0 / 1.8
Answer has appropriate number of tables used: 1.8 / 1.8
Answer has same column count as desired result query: 1.8 / 1.8
Answer has same result set content as desired query: 0 / 8.1

4: SELECT T.TRANSLOCATION, CAST(AVG(T.TRANSAMOUNT) AS NUMBER(*,2))
FROM Transaction T
WHERE T.TRANSAMOUNT <
    (SELECT AVG(T2.TRANSAMOUNT)
    FROM Transaction T2
    WHERE (T.TRANSTYPE = T2.TRANSTYPE))
GROUP BY T.TRANSLOCATION

Points given: 8.1 of maximum 18

Answer compiles without errors: 2.7 / 2.7
Answer has at least SELECT and FROM: 1.8 / 1.8
Answer has appropriate number of AVG keyword: 0 / 1.8
Answer has appropriate number of GROUP BY keywords: 1.8 / 1.8
Answer has appropriate number of ORDER BY keywords: 0 / 1.8
Answer has appropriate number of DESC keyword: 0 / 0.9
Answer has appropriate number of tables used: 1.8 / 1.8
Answer has same result set content as desired query: 0 / 5.4

5: SELECT C.CUSTID, C.FNAME, C.LNAME, T.TRANSAMOUNT
FROM Transaction T
JOIN Account A ON (A.ACCNUMBER = T.ACCNUMBER)
JOIN Customer C ON (A.CUSTOMER = C.CUSTID)
WHERE (A.ACCTYPE LIKE 's%') AND (T.TRANSTYPE LIKE 'w')
ORDER BY C.CUSTID

Points given: 8.32 of maximum 16

Answer compiles without errors: 1.6 / 1.6
Answer has at least SELECT and FROM: 1.6 / 1.6
Answer has appropriate number of MAX keyword: 0 / 1.6
Answer has appropriate number of GROUP BY keywords: 0 / 1.6
Answer has appropriate number of ORDER BY keywords: 1.6 / 1.6
Answer has appropriate number of tables used: 1.6 / 1.6
Answer has same column count as desired result query: 0.8 / 0.8
Answer has same result set content as desired query: 1.12 / 5.6

6: SELECT C.CUSTID, C.FNAME, C.LNAME
FROM Customer C
MINUS 
    (SELECT C2.CUSTID, C2.FNAME, C2.LNAME
    FROM Customer C2
    WHERE C2.CUSTID IN
        (SELECT A.CUSTOMER
        FROM Account A
        WHERE (ACCSTATUS LIKE 'Closed') OR (ACCSTATUS LIKE 'Frozen'))
    )

Points given: 11.05 of maximum 17

Answer compiles without errors: 1.7 / 1.7
Answer has at least SELECT and FROM: 2.55 / 2.55
Answer has appropriate number of WHERE keyword: 2.55 / 2.55
Answer has appropriate number of tables used: 2.55 / 2.55
Answer has same column count as desired result query: 1.7 / 1.7
Answer has same result set content as desired query: 0 / 5.95

7: 

Points given: 0 of maximum 5

Answer compiles without errors: 0 / 0.5
Answer has at least SELECT and FROM: 0 / 0.5
Answer has appropriate number of OUTER/LEFT/RIGHT/BOTH keywords: 0 / 0.5
Answer has appropriate number of GROUP BY keywords: 0 / 0.5
Answer has appropriate number of tables used: 0 / 0.5
Answer has appropriate number of COUNT keyword: 0 / 0.5
Answer has appropriate number of DISTINCT keyword: 0 / 0.5
Answer has same result set content as desired query: 0 / 1.5

