Assignment  : CS 260, Fall 2019, Lab Test
Student Name: Student 05
Answer File : lt_s05.sql
Total Points: 35.9

Your answers, evaluation and points follow.

1: SELECT CUSTID, FName, LName, A.AccClosedDate
FROM Customer C
WHERE AccClosedDate IN
    (SELECT AccOpenLocation
    FROM Account A
    WHERE A.AccOpenLocation = 'Central' AND A.AccClosedDate >= '2017-03-01')

Points given: 5.25 of maximum 15

Answer compiles without errors: 0 / 1.5
Answer has at least SELECT and FROM: 2.25 / 2.25
Answer has same row count as desired query: 0 / 1.5
Answer has same column count as desired result query: 0 / 1.5
Answer has appropriate number of tables used: 1.5 / 1.5
Answer has appropriate number of WHERE keyword: 1.5 / 1.5
Answer has same result set content as desired query: 0 / 5.25

2: SELECT COUNT(A.AccOpenLocation), COUNT(A.AccStatus)
FROM Account A
WHERE A.AccOpenLocation = 'Active' OR A.AccOpenLocation = 'Closed' OR A.AccOpenLocation = 'Frozen'

Points given: 4 of maximum 16

Answer compiles without errors: 2.4 / 2.4
Answer has at least SELECT and FROM: 1.6 / 1.6
Answer has appropriate number of GROUP BY keywords: 0 / 1.6
Answer has appropriate number of ORDER BY keywords: 0 / 1.6
Answer has same column count as desired result query: 0 / 1.6
Answer has same result set content as desired query: 0 / 7.2

3: SELECT AccNumber
FROM Account A
WHERE A.AccBalance > AVG(AccBalance)
ORDER BY(AccType) ASC

Points given: 5.4 of maximum 18

Answer compiles without errors: 0 / 2.7
Answer has at least SELECT and FROM: 1.8 / 1.8
Answer has appropriate number of AVG keyword: 1.8 / 1.8
Answer has appropriate number of tables used: 1.8 / 1.8
Answer has same column count as desired result query: 0 / 1.8
Answer has same result set content as desired query: 0 / 8.1

4: SELECT TransLocation, AVG(TransAmount)
FROM Transaction T
WHERE AVG(T.TransAmount) < AVG(TransAmount)
ORDER BY TransAmount ASC

Points given: 7.2 of maximum 18

Answer compiles without errors: 0 / 2.7
Answer has at least SELECT and FROM: 1.8 / 1.8
Answer has appropriate number of AVG keyword: 1.8 / 1.8
Answer has appropriate number of GROUP BY keywords: 0 / 1.8
Answer has appropriate number of ORDER BY keywords: 1.8 / 1.8
Answer has appropriate number of DESC keyword: 0 / 0.9
Answer has appropriate number of tables used: 1.8 / 1.8
Answer has same result set content as desired query: 0 / 5.4

5: SELECT CUSTID, FName, LName, T.TransType
FROM Customer C
WHERE TransType IN
    (SELECT MAX(TransAmount)
    FROM Transaction T
    WHERE T.TransType = 'w')
ORDER BY C.CUSTID

Points given: 6.4 of maximum 16

Answer compiles without errors: 0 / 1.6
Answer has at least SELECT and FROM: 1.6 / 1.6
Answer has appropriate number of MAX keyword: 1.6 / 1.6
Answer has appropriate number of GROUP BY keywords: 0 / 1.6
Answer has appropriate number of ORDER BY keywords: 1.6 / 1.6
Answer has appropriate number of tables used: 1.6 / 1.6
Answer has same column count as desired result query: 0 / 0.8
Answer has same result set content as desired query: 0 / 5.6

6: SELECT CUSTID, FName, LName
FROM Customer C
WHERE AccStatus IN
    (SELECT AccStatus
    FROM Account A
    WHERE A.AccStatus != 'Active' OR A.AccStatus = NULL)

Points given: 7.65 of maximum 17

Answer compiles without errors: 0 / 1.7
Answer has at least SELECT and FROM: 2.55 / 2.55
Answer has appropriate number of WHERE keyword: 2.55 / 2.55
Answer has appropriate number of SELECT keyword: 2.55 / 2.55
Answer has same column count as desired result query: 0 / 1.7
Answer has same result set content as desired query: 0 / 5.95

7: 

Points given: 0 of maximum 5

Answer compiles without errors: 0 / 0.5
Answer has at least SELECT and FROM: 0 / 0.5
Answer has appropriate number of OUTER/LEFT/RIGHT/BOTH keywords: 0 / 0.5
Answer has appropriate number of GROUP BY keywords: 0 / 0.5
Answer has appropriate number of tables used: 0 / 0.5
Answer has appropriate number of COUNT keyword: 0 / 0.5
Answer has appropriate number of DISTINCT keyword: 0 / 0.5
Answer has same result set content as desired query: 0 / 1.5

