Assignment  : CS 260, Fall 2019, Lab Test
Student Name: Student 29 (added by instructor)
Answer File : lt_s29.sql
Total Points: 77.74

Your answers, evaluation and points follow.

1: SELECT C.CUSTID, C.FNAME, C.LNAME, A.ACCCLOSEDDATE FROM ACCOUNT A
JOIN CUSTOMER C 
ON (C.CUSTID = A.CUSTOMER) 
WHERE (LOWER(A.ACCOPENLOCATION) = 'central' AND A.ACCCLOSEDDATE >= '01-MAR-2017')

Points given: 15 of maximum 15

Answer compiles without errors: 1.5 / 1.5
Answer has at least SELECT and FROM: 2.25 / 2.25
Answer has same row count as desired query: 1.5 / 1.5
Answer has same column count as desired result query: 1.5 / 1.5
Answer has appropriate number of tables used: 1.5 / 1.5
Answer has appropriate number of WHERE keyword: 1.5 / 1.5
Answer has same result set content as desired query: 5.25 / 5.25

2: SELECT a.accopenlocation, a.accstatus, count(a.accstatus) FROM ACCOUNT A
group by accopenlocation,accstatus
ORDER BY ACCOPENLOCATION ASC

Points given: 16 of maximum 16

Answer compiles without errors: 2.4 / 2.4
Answer has at least SELECT and FROM: 1.6 / 1.6
Answer has appropriate number of GROUP BY keywords: 1.6 / 1.6
Answer has appropriate number of ORDER BY keywords: 1.6 / 1.6
Answer has same column count as desired result query: 1.6 / 1.6
Answer has same result set content as desired query: 7.2 / 7.2

3: SELECT ACCNUMBER, ACCTYPE FROM ACCOUNT A
WHERE (A.ACCBALANCE > 
    (SELECT AVG(A2.ACCBALANCE) FROM ACCOUNT A2
    WHERE A2.ACCTYPE = A.ACCTYPE))

Points given: 13.77 of maximum 18

Answer compiles without errors: 2.7 / 2.7
Answer has at least SELECT and FROM: 1.8 / 1.8
Answer has appropriate number of AVG keyword: 1.8 / 1.8
Answer has appropriate number of tables used: 1.8 / 1.8
Answer has same column count as desired result query: 0 / 1.8
Answer has same result set content as desired query: 5.67 / 8.1

4: SELECT T.TRANSLOCATION, AVG(T.TRANSAMOUNT)  FROM TRANSACTION T
JOIN TRANSACTION T2
ON(T2.TRANSLOCATION = T.TRANSLOCATION)
--WHERE AVG(T.TRANSAMOUNT) > AVG(T2.TRANSAMOUNT)
GROUP BY T.TRANSLOCATION

Points given: 11.52 of maximum 18

Answer compiles without errors: 2.7 / 2.7
Answer has at least SELECT and FROM: 1.8 / 1.8
Answer has appropriate number of AVG keyword: 1.8 / 1.8
Answer has appropriate number of GROUP BY keywords: 1.8 / 1.8
Answer has appropriate number of ORDER BY keywords: 0 / 1.8
Answer has appropriate number of DESC keyword: 0 / 0.9
Answer has appropriate number of tables used: 1.8 / 1.8
Answer has same result set content as desired query: 1.62 / 5.4

5: SELECT C.CUSTID, C.FNAME, C.LNAME, MAX(TRANSAMOUNT) FROM CUSTOMER C
JOIN ACCOUNT A 
ON(C.CUSTID = A.CUSTOMER) 
JOIN TRANSACTION T 
ON (T.ACCNUMBER = A.ACCNUMBER)
WHERE lower(TRANSTYPE) = 'w'
GROUP BY C.CUSTID, C.FNAME, C.LNAME
ORDER BY C.CUSTID ASC

Points given: 10.4 of maximum 16

Answer compiles without errors: 1.6 / 1.6
Answer has at least SELECT and FROM: 1.6 / 1.6
Answer has appropriate number of MAX keyword: 1.6 / 1.6
Answer has appropriate number of GROUP BY keywords: 1.6 / 1.6
Answer has appropriate number of ORDER BY keywords: 1.6 / 1.6
Answer has appropriate number of tables used: 1.6 / 1.6
Answer has same column count as desired result query: 0.8 / 0.8
Answer has same result set content as desired query: 0 / 5.6

6: SELECT CUSTID, FNAME, LNAME FROM CUSTOMER c
FULL OUTER JOIN  ACCOUNT A 
ON(C.CUSTID = A.CUSTOMER)
WHERE LOWER(A.ACCSTATUS) = 'closed' or lower(a.accstatus) = 'frozen' OR LOWER(A.ACCSTATUS) = '0'

Points given: 11.05 of maximum 17

Answer compiles without errors: 1.7 / 1.7
Answer has at least SELECT and FROM: 2.55 / 2.55
Answer has appropriate number of WHERE keyword: 2.55 / 2.55
Answer has appropriate number of tables used: 2.55 / 2.55
Answer has same column count as desired result query: 1.7 / 1.7
Answer has same result set content as desired query: 0 / 5.95

7: 

Points given: 0 of maximum 5

Answer compiles without errors: 0 / 0.5
Answer has at least SELECT and FROM: 0 / 0.5
Answer has appropriate number of OUTER/LEFT/RIGHT/BOTH keywords: 0 / 0.5
Answer has appropriate number of GROUP BY keywords: 0 / 0.5
Answer has appropriate number of tables used: 0 / 0.5
Answer has appropriate number of COUNT keyword: 0 / 0.5
Answer has appropriate number of DISTINCT keyword: 0 / 0.5
Answer has same result set content as desired query: 0 / 1.5

