Assignment  : CS 260, Fall 2019, Lab Test
Student Name: Student 46
Answer File : lt_s46.sql
Total Points: 93.55

Your answers, evaluation and points follow.

1: SELECT c.CUSTID, c.FNAME, c.LNAME, a.ACCCLOSEDDATE
FROM CUSTOMER c
JOIN ACCOUNT a
ON c.CUSTID = a.CUSTOMER
WHERE a.ACCOPENLOCATION = 'Central' AND ACCCLOSEDDATE >= '01-MAR-17'

Points given: 15 of maximum 15

Answer compiles without errors: 1.5 / 1.5
Answer has at least SELECT and FROM: 2.25 / 2.25
Answer has same row count as desired query: 1.5 / 1.5
Answer has same column count as desired result query: 1.5 / 1.5
Answer has appropriate number of tables used: 1.5 / 1.5
Answer has appropriate number of WHERE keyword: 1.5 / 1.5
Answer has same result set content as desired query: 5.25 / 5.25

2: SELECT ACCOPENLOCATION, ACCSTATUS, COUNT(ACCSTATUS)
FROM ACCOUNT
GROUP BY ACCOPENLOCATION, ACCSTATUS
ORDER BY ACCOPENLOCATION ASC

Points given: 16 of maximum 16

Answer compiles without errors: 2.4 / 2.4
Answer has at least SELECT and FROM: 1.6 / 1.6
Answer has appropriate number of GROUP BY keywords: 1.6 / 1.6
Answer has appropriate number of ORDER BY keywords: 1.6 / 1.6
Answer has same column count as desired result query: 1.6 / 1.6
Answer has same result set content as desired query: 7.2 / 7.2

3: SELECT ACCNUMBER
FROM ACCOUNT
WHERE ACCBALANCE > (SELECT AVG(ACCBALANCE)
FROM ACCOUNT)
ORDER BY ACCNUMBER

Points given: 13.95 of maximum 18

Answer compiles without errors: 2.7 / 2.7
Answer has at least SELECT and FROM: 1.8 / 1.8
Answer has appropriate number of AVG keyword: 1.8 / 1.8
Answer has appropriate number of tables used: 1.8 / 1.8
Answer has same column count as desired result query: 1.8 / 1.8
Answer has same result set content as desired query: 4.05 / 8.1

4: SELECT TRANSLOCATION, CAST (AVG(TRANSAMOUNT) AS NUMBER(*, 2))
FROM (SELECT TRANSLOCATION, TRANSAMOUNT
FROM TRANSACTION
WHERE TRANSAMOUNT < (SELECT AVG(TRANSAMOUNT)
                            FROM TRANSACTION)
GROUP BY TRANSLOCATION, TRANSAMOUNT)
GROUP BY TRANSLOCATION
ORDER BY AVG(TRANSAMOUNT) DESC

Points given: 12.6 of maximum 18

Answer compiles without errors: 2.7 / 2.7
Answer has at least SELECT and FROM: 1.8 / 1.8
Answer has appropriate number of AVG keyword: 1.8 / 1.8
Answer has appropriate number of GROUP BY keywords: 1.8 / 1.8
Answer has appropriate number of ORDER BY keywords: 1.8 / 1.8
Answer has appropriate number of DESC keyword: 0.9 / 0.9
Answer has appropriate number of tables used: 1.8 / 1.8
Answer has same result set content as desired query: 0 / 5.4

5: SELECT c.CUSTID, c.FNAME, c.LNAME, MAX(t.TRANSAMOUNT)
FROM CUSTOMER c
JOIN ACCOUNT a ON c.CUSTID = a.CUSTOMER
JOIN TRANSACTION t ON a.ACCNUMBER = t.ACCNUMBER
WHERE t.TRANSTYPE = 'w' AND a.ACCTYPE = 'savings'
GROUP BY c.CUSTID, c.FNAME, c.LNAME, t.TRANSAMOUNT
ORDER BY CUSTID

Points given: 16 of maximum 16

Answer compiles without errors: 1.6 / 1.6
Answer has at least SELECT and FROM: 1.6 / 1.6
Answer has appropriate number of MAX keyword: 1.6 / 1.6
Answer has appropriate number of GROUP BY keywords: 1.6 / 1.6
Answer has appropriate number of ORDER BY keywords: 1.6 / 1.6
Answer has appropriate number of tables used: 1.6 / 1.6
Answer has same column count as desired result query: 0.8 / 0.8
Answer has same result set content as desired query: 5.6 / 5.6

6: SELECT c.CUSTID, c.FNAME, c.LNAME
FROM CUSTOMER c
WHERE c.CUSTID NOT IN (SELECT CUSTOMER
                        FROM ACCOUNT
                        WHERE ACCSTATUS = 'Active')

Points given: 17 of maximum 17

Answer compiles without errors: 1.7 / 1.7
Answer has at least SELECT and FROM: 2.55 / 2.55
Answer has appropriate number of WHERE keyword: 2.55 / 2.55
Answer has appropriate number of tables used: 2.55 / 2.55
Answer has same column count as desired result query: 1.7 / 1.7
Answer has same result set content as desired query: 5.95 / 5.95

7: SELECT t.TRANSLOCATION, COUNT(a.ACCOPENLOCATION)
FROM TRANSACTION t
LEFT JOIN ACCOUNT a ON a.ACCOPENLOCATION = t.TRANSLOCATION
GROUP BY t.TRANSLOCATION

Points given: 3 of maximum 5

Answer compiles without errors: 0.5 / 0.5
Answer has at least SELECT and FROM: 0.5 / 0.5
Answer has appropriate number of OUTER/LEFT/RIGHT/BOTH keywords: 0.5 / 0.5
Answer has appropriate number of GROUP BY keywords: 0.5 / 0.5
Answer has appropriate number of tables used: 0.5 / 0.5
Answer has appropriate number of COUNT keyword: 0.5 / 0.5
Answer has appropriate number of DISTINCT keyword: 0 / 0.5
Answer has same result set content as desired query: 0 / 1.5

