Assignment  : CS 260, Fall 2019, Lab Test
Student Name: Student 04
Answer File : lt_s04.sql
Total Points: 77.5

Your answers, evaluation and points follow.

1: SELECT C.CustID, C.Fname, C.Lname, A.AccClosedDate
FROM Customer C
JOIN Account A
ON A.Customer = C.CustID
WHERE A.AccOpenLocation = 'Central' 
    AND A.AccClosedDate >= '2017-03-01'

Points given: 15 of maximum 15

Answer compiles without errors: 1.5 / 1.5
Answer has at least SELECT and FROM: 2.25 / 2.25
Answer has same row count as desired query: 1.5 / 1.5
Answer has same column count as desired result query: 1.5 / 1.5
Answer has appropriate number of tables used: 1.5 / 1.5
Answer has appropriate number of WHERE keyword: 1.5 / 1.5
Answer has same result set content as desired query: 5.25 / 5.25

2: SELECT AccOpenLocation, AccStatus, COUNT(AccNumber)
FROM Account
GROUP BY AccOpenLocation, AccStatus, COUNT(AccNumber)
HAVING COUNT(AccNumber) = (
    SELECT COUNT(*)
    FROM Account
    WHERE AccStatus = 'Active'
    ) OR COUNT(AccNumber) = (
    SELECT COUNT(*)
    FROM Account
    WHERE AccStatus = 'Closed'
    ) OR COUNT(AccNumber) = (
    SELECT COUNT(*)
    FROM Account
    WHERE AccStatus = 'Frozen'
    ) 
    ORDER BY AccOpenLocation ASC, AccStatus ASC

Points given: 4.8 of maximum 16

Answer compiles without errors: 0 / 2.4
Answer has at least SELECT and FROM: 1.6 / 1.6
Answer has appropriate number of GROUP BY keywords: 1.6 / 1.6
Answer has appropriate number of ORDER BY keywords: 1.6 / 1.6
Answer has same column count as desired result query: 0 / 1.6
Answer has same result set content as desired query: 0 / 7.2

3: SELECT A1.AccNumber
FROM Account A1
WHERE A1.AccBalance <
    (SELECT AVG(A2.Accbalance)
     FROM Account A2
     WHERE A1.AccType = A2.Acctype
     )
ORDER BY A1.AccNumber ASC

Points given: 9.9 of maximum 18

Answer compiles without errors: 2.7 / 2.7
Answer has at least SELECT and FROM: 1.8 / 1.8
Answer has appropriate number of AVG keyword: 1.8 / 1.8
Answer has appropriate number of tables used: 1.8 / 1.8
Answer has same column count as desired result query: 1.8 / 1.8
Answer has same result set content as desired query: 0 / 8.1

4: SELECT T1.TransLocation, AVG(T1.TransAmount)
FROM Transaction T1
GROUP BY T1.TransLocation
HAVING AVG(T1.TransAmount) < 
    ( SELECT AVG(T2.TransAmount)
      FROM Transaction T2
    )
ORDER BY AVG(T1.TransAmount) DESC

Points given: 18 of maximum 18

Answer compiles without errors: 2.7 / 2.7
Answer has at least SELECT and FROM: 1.8 / 1.8
Answer has appropriate number of AVG keyword: 1.8 / 1.8
Answer has appropriate number of GROUP BY keywords: 1.8 / 1.8
Answer has appropriate number of ORDER BY keywords: 1.8 / 1.8
Answer has appropriate number of DESC keyword: 0.9 / 0.9
Answer has appropriate number of tables used: 1.8 / 1.8
Answer has same result set content as desired query: 5.4 / 5.4

5: SELECT DISTINCT C.CustID, C.Fname, C.Lname, T.TransAmount
    FROM Customer C
    JOIN Account A
    ON C.CustID = A.Customer
    JOIN Transaction T
    ON A.AccNumber = T.AccNumber
    WHERE T.TransType = 'w' 
        AND A.AccType = 'savings'
    ORDER BY C.CustID

Points given: 12.8 of maximum 16

Answer compiles without errors: 1.6 / 1.6
Answer has at least SELECT and FROM: 1.6 / 1.6
Answer has appropriate number of MAX keyword: 0 / 1.6
Answer has appropriate number of GROUP BY keywords: 0 / 1.6
Answer has appropriate number of ORDER BY keywords: 1.6 / 1.6
Answer has appropriate number of tables used: 1.6 / 1.6
Answer has same column count as desired result query: 0.8 / 0.8
Answer has same result set content as desired query: 5.6 / 5.6

6: SELECT CustID, Fname, Lname
FROM Customer C
WHERE C.custID NOT IN (
    SELECT C2.CustID
    FROM CUSTOMER C2
    JOIN Account A2
    ON A2.Customer = C2.CustID
    WHERE A2.AccStatus = 'Active'
    )

Points given: 17 of maximum 17

Answer compiles without errors: 1.7 / 1.7
Answer has at least SELECT and FROM: 2.55 / 2.55
Answer has appropriate number of WHERE keyword: 2.55 / 2.55
Answer has appropriate number of SELECT keyword: 2.55 / 2.55
Answer has same column count as desired result query: 1.7 / 1.7
Answer has same result set content as desired query: 5.95 / 5.95

7: 

Points given: 0 of maximum 5

Answer compiles without errors: 0 / 0.5
Answer has at least SELECT and FROM: 0 / 0.5
Answer has appropriate number of OUTER/LEFT/RIGHT/BOTH keywords: 0 / 0.5
Answer has appropriate number of GROUP BY keywords: 0 / 0.5
Answer has appropriate number of tables used: 0 / 0.5
Answer has appropriate number of COUNT keyword: 0 / 0.5
Answer has appropriate number of DISTINCT keyword: 0 / 0.5
Answer has same result set content as desired query: 0 / 1.5

