Assignment  : CS 260, Fall 2019, Lab Test
Student Name: Student 27
Answer File : lt_s27.sql
Total Points: 64.97

Your answers, evaluation and points follow.

1: SELECT C.CUSTID, C.FNAME, C.LNAME
FROM CUSTOMER C JOIN ACCOUNT A ON (C.CUSTID = A.CUSTOMER)
WHERE ACCOPENLOCATION LIKE '%Central%' AND ACCOPENDATE > '01-MAR-17'

Points given: 6.75 of maximum 15

Answer compiles without errors: 1.5 / 1.5
Answer has at least SELECT and FROM: 2.25 / 2.25
Answer has same row count as desired query: 0 / 1.5
Answer has same column count as desired result query: 0 / 1.5
Answer has appropriate number of tables used: 1.5 / 1.5
Answer has appropriate number of WHERE keyword: 1.5 / 1.5
Answer has same result set content as desired query: 0 / 5.25

2: SELECT ACCOPENLOCATION , ACCSTATUS, COUNT(*)
FROM ACCOUNT A
GROUP BY ACCOPENLOCATION, ACCSTATUS
ORDER BY ACCSTATUS

Points given: 16 of maximum 16

Answer compiles without errors: 2.4 / 2.4
Answer has at least SELECT and FROM: 1.6 / 1.6
Answer has appropriate number of GROUP BY keywords: 1.6 / 1.6
Answer has appropriate number of ORDER BY keywords: 1.6 / 1.6
Answer has same column count as desired result query: 1.6 / 1.6
Answer has same result set content as desired query: 7.2 / 7.2

3: SELECT ACCNUMBER, ACCTYPE, ACCBALANCE
FROM ACCOUNT A1
WHERE ACCBALANCE >
(SELECT AVG(ACCBALANCE)
 FROM ACCOUNT A2
 WHERE A1.ACCTYPE = A2.ACCTYPE)
 ORDER BY ACCNUMBER

Points given: 13.77 of maximum 18

Answer compiles without errors: 2.7 / 2.7
Answer has at least SELECT and FROM: 1.8 / 1.8
Answer has appropriate number of AVG keyword: 1.8 / 1.8
Answer has appropriate number of tables used: 1.8 / 1.8
Answer has same column count as desired result query: 0 / 1.8
Answer has same result set content as desired query: 5.67 / 8.1

4: SELECT T.TRANSLOCATION, T.TRANSAMOUNT
FROM TRANSACTION T
WHERE T.TRANSAMOUNT > 
(SELECT AVG(T1.TRANSAMOUNT)
 FROM TRANSACTION T1)
 ORDER BY TRANSAMOUNT DESC

Points given: 9 of maximum 18

Answer compiles without errors: 2.7 / 2.7
Answer has at least SELECT and FROM: 1.8 / 1.8
Answer has appropriate number of AVG keyword: 0 / 1.8
Answer has appropriate number of GROUP BY keywords: 0 / 1.8
Answer has appropriate number of ORDER BY keywords: 1.8 / 1.8
Answer has appropriate number of DESC keyword: 0.9 / 0.9
Answer has appropriate number of tables used: 1.8 / 1.8
Answer has same result set content as desired query: 0 / 5.4

5: SELECT CUSTID, FNAME, LNAME
FROM CUSTOMER C
WHERE CUSTID IN 
(SELECT MAX(TRANSTYPE)
 FROM TRANSACTION T
 WHERE ACCNUMBER IN
 (SELECT ACCNUMBER 
  FROM ACCOUNT A
  WHERE LOWER(ACCSTATUS) = 'active'))

Points given: 6.4 of maximum 16

Answer compiles without errors: 1.6 / 1.6
Answer has at least SELECT and FROM: 1.6 / 1.6
Answer has appropriate number of MAX keyword: 1.6 / 1.6
Answer has appropriate number of GROUP BY keywords: 0 / 1.6
Answer has appropriate number of ORDER BY keywords: 0 / 1.6
Answer has appropriate number of tables used: 1.6 / 1.6
Answer has same column count as desired result query: 0 / 0.8
Answer has same result set content as desired query: 0 / 5.6

6: SELECT CUSTID, FNAME, LNAME
FROM CUSTOMER C JOIN TRANSACTION T ON (C.CUSTID = T.TRANSID)
JOIN ACCOUNT A ON (A.ACCNUMBER = T.ACCNUMBER)
WHERE LOWER(A.ACCSTATUS) LIKE 'active'

Points given: 11.05 of maximum 17

Answer compiles without errors: 1.7 / 1.7
Answer has at least SELECT and FROM: 2.55 / 2.55
Answer has appropriate number of WHERE keyword: 2.55 / 2.55
Answer has appropriate number of tables used: 2.55 / 2.55
Answer has same column count as desired result query: 1.7 / 1.7
Answer has same result set content as desired query: 0 / 5.95

7: SELECT TRANSLOCATION
FROM TRANSACTION T JOIN ACCOUNT A ON (T.ACCNUMBER = A.ACCNUMBER)
WHERE ACCSTATUS LIKE '%Active%'

Points given: 2 of maximum 5

Answer compiles without errors: 0.5 / 0.5
Answer has at least SELECT and FROM: 0.5 / 0.5
Answer has appropriate number of OUTER/LEFT/RIGHT/BOTH keywords: 0 / 0.5
Answer has appropriate number of GROUP BY keywords: 0 / 0.5
Answer has appropriate number of tables used: 0.5 / 0.5
Answer has appropriate number of COUNT keyword: 0.5 / 0.5
Answer has appropriate number of DISTINCT keyword: 0 / 0.5
Answer has same result set content as desired query: 0 / 1.5

