Assignment  : CS 260, Spring 2019, Lab Test
Student Name: Xiang Luo
Answer File : luoxiang_177241_3896081_LUOX5005-1.sql
Total Points: 83.9

Your answers, evaluation and points follow.

1: SELECT C.CUSTID, C.FNAME, C.LNAME, A.ACCCLOSEDDATE
FROM CUSTOMER C
JOIN ACCOUNT A
ON A.CUSTOMER = C.CUSTID
WHERE A.ACCOPENLOCATION = 'Central' AND ACCCLOSEDDATE >= '01-JAN-2018'

Marks given: 15 of maximum 15

Answer compiles without errors: 1.5 / 1.5
Answer has at least SELECT and FROM: 2.25 / 2.25
Answer has same row count as desired query: 1.5 / 1.5
Answer has same column count as desired result query: 1.5 / 1.5
Answer has appropriate number of tables used: 1.5 / 1.5
Answer has appropriate number of WHERE keyword: 1.5 / 1.5
Answer has same result set content as desired query: 5.25 / 5.25

2: SELECT A.ACCOPENLOCATION, A.ACCSTATUS, COUNT(ACCSTATUS)
FROM ACCOUNT A
GROUP BY A.ACCOPENLOCATION, A.ACCSTATUS
ORDER BY A.ACCOPENLOCATION

Marks given: 16 of maximum 16

Answer compiles without errors: 2.4 / 2.4
Answer has at least SELECT and FROM: 1.6 / 1.6
Answer has appropriate number of GROUP BY keywords: 1.6 / 1.6
Answer has appropriate number of ORDER BY keywords: 1.6 / 1.6
Answer has same column count as desired result query: 1.6 / 1.6
Answer has same result set content as desired query: 7.2 / 7.2

3: SELECT A.ACCNUMBER
FROM ACCOUNT A
WHERE A.ACCBALANCE > (SELECT AVG(A1.ACCBALANCE)
                      FROM ACCOUNT A1
                      WHERE A.ACCTYPE = A1.ACCTYPE)
                      ORDER BY A.ACCNUMBER

Marks given: 18 of maximum 18

Answer compiles without errors: 2.7 / 2.7
Answer has at least SELECT and FROM: 1.8 / 1.8
Answer has appropriate number of AVG keyword: 1.8 / 1.8
Answer has appropriate number of tables used: 1.8 / 1.8
Answer has same column count as desired result query: 1.8 / 1.8
Answer has same result set content as desired query: 8.1 / 8.1

4: SELECT T.TRANSLOCATION, AVG(T.TRANSAMOUNT)
FROM TRANSACTION T
GROUP BY T.TRANSLOCATION
HAVING T.TRANSAMOUNT < (SELECT AVG(T.TRANSAMOUNT)
                        FROM TRANSACTION T1
                        WHERE T.TRANSID = T1.TRANSID)
                        ORDER BY AVG(T.TRANSAMOUNT) DESC

Marks given: 9.9 of maximum 18

Answer compiles without errors: 0 / 2.7
Answer has at least SELECT and FROM: 1.8 / 1.8
Answer has appropriate number of AVG keyword: 1.8 / 1.8
Answer has appropriate number of GROUP BY keywords: 1.8 / 1.8
Answer has appropriate number of ORDER BY keywords: 1.8 / 1.8
Answer has appropriate number of DESC keyword: 0.9 / 0.9
Answer has appropriate number of tables used: 1.8 / 1.8
Answer has same result set content as desired query: 0 / 5.4

5: SELECT C.CUSTID, C.FNAME, C.LNAME, MAX(T.TRANSAMOUNT) AS LARGESTTRANSAMOUNT
FROM TRANSACTION
WHERE T.TRANSTYPE = 'w' AND T.ACCNUMBER = (SELECT A.ACCNUMBER
                                           FROM ACCOUNT A
                                           WHERE A.ACCTYPE = 'savings' AND A.CUSTOMER = (SELECT C.CUSTID
                                                                                         FROM CUSTOMER C
                                                                                                        ))
GROUP BY C.CUSTID, C.FNAME, C.LNAME
ORDER BY C.CUSTID

Marks given: 8 of maximum 16

Answer compiles without errors: 0 / 1.6
Answer has at least SELECT and FROM: 1.6 / 1.6
Answer has appropriate number of MAX keyword: 1.6 / 1.6
Answer has appropriate number of GROUP BY keywords: 1.6 / 1.6
Answer has appropriate number of ORDER BY keywords: 1.6 / 1.6
Answer has appropriate number of tables used: 1.6 / 1.6
Answer has same column count as desired result query: 0 / 0.8
Answer has same result set content as desired query: 0 / 5.6

6: SELECT CUSTID, FNAME, LNAME
FROM CUSTOMER
MINUS
SELECT C.CUSTID, FNAME, LNAME
FROM CUSTOMER C
RIGHT OUTER JOIN ACCOUNT A
ON A.CUSTOMER = C.CUSTID
WHERE A.ACCSTATUS = 'Active'

Marks given: 17 of maximum 17

Answer compiles without errors: 1.7 / 1.7
Answer has at least SELECT and FROM: 2.55 / 2.55
Answer has appropriate number of WHERE keyword: 2.55 / 2.55
Answer has appropriate number of tables used: 2.55 / 2.55
Answer has same column count as desired result query: 1.7 / 1.7
Answer has same result set content as desired query: 5.95 / 5.95

7: 

Marks given: 0 of maximum 5

Answer compiles without errors: 0 / 0.5
Answer has at least SELECT and FROM: 0 / 0.5
Answer has appropriate number of OUTER/LEFT/RIGHT/BOTH keywords: 0 / 0.5
Answer has appropriate number of GROUP BY keywords: 0 / 0.5
Answer has appropriate number of tables used: 0 / 0.5
Answer has appropriate number of COUNT keyword: 0 / 0.5
Answer has appropriate number of DISTINCT keyword: 0 / 0.5
Answer has same result set content as desired query: 0 / 1.5

