Assignment  :  CS 260, Spring 2019, Lab Test
Student Name: David Miller
Answer File : millerdavid_36074_3894335_MILLERDA6329-1.sql
Total Points: 104.5

Your answers, evaluation and points follow.

1: SELECT c.CUSTID, c.FNAME, c.LNAME, a.ACCCLOSEDDATE
FROM ACCOUNT a
INNER JOIN CUSTOMER c
ON a.CUSTOMER = c.CUSTID
WHERE a.ACCOPENLOCATION = 'Central'
AND a.ACCCLOSEDDATE >= '01-JAN-18'

Marks given: 15 of maximum 15

Answer compiles without errors: 1.5 / 1.5
Answer has at least SELECT and FROM: 2.25 / 2.25
Answer has same row count as desired query: 1.5 / 1.5
Answer has same column count as desired result query: 1.5 / 1.5
Answer has appropriate number of tables used: 1.5 / 1.5
Answer has appropriate number of WHERE keyword: 1.5 / 1.5
Answer has same result set content as desired query: 5.25 / 5.25

2: SELECT ACCOPENLOCATION, ACCSTATUS, COUNT(*)
FROM ACCOUNT
GROUP BY ACCOPENLOCATION, ACCSTATUS
ORDER BY ACCOPENLOCATION, ACCSTATUS

Marks given: 16 of maximum 16

Answer compiles without errors: 2.4 / 2.4
Answer has at least SELECT and FROM: 1.6 / 1.6
Answer has appropriate number of GROUP BY keywords: 1.6 / 1.6
Answer has appropriate number of ORDER BY keywords: 1.6 / 1.6
Answer has same column count as desired result query: 1.6 / 1.6
Answer has same result set content as desired query: 7.2 / 7.2

3: SELECT a.ACCNUMBER
FROM ACCOUNT a
WHERE a.ACCBALANCE >(
  SELECT AVG(b.ACCBALANCE)
  FROM ACCOUNT b
  WHERE a.ACCTYPE = b.ACCTYPE)
ORDER BY a.ACCNUMBER

Marks given: 18 of maximum 18

Answer compiles without errors: 2.7 / 2.7
Answer has at least SELECT and FROM: 1.8 / 1.8
Answer has appropriate number of AVG keyword: 1.8 / 1.8
Answer has appropriate number of tables used: 1.8 / 1.8
Answer has same column count as desired result query: 1.8 / 1.8
Answer has same result set content as desired query: 8.1 / 8.1

4: SELECT a.TRANSLOCATION, CAST(AVG(a.TRANSAMOUNT) AS NUMBER(*,2))
FROM TRANSACTION a
HAVING AVG(a.TRANSAMOUNT) <(
  SELECT AVG(b.TRANSAMOUNT)
  FROM TRANSACTION b)
GROUP BY a.TRANSLOCATION
ORDER BY AVG(a.TRANSAMOUNT) DESC

Marks given: 18 of maximum 18

Answer compiles without errors: 2.7 / 2.7
Answer has at least SELECT and FROM: 1.8 / 1.8
Answer has appropriate number of AVG keyword: 1.8 / 1.8
Answer has appropriate number of GROUP BY keywords: 1.8 / 1.8
Answer has appropriate number of ORDER BY keywords: 1.8 / 1.8
Answer has appropriate number of DESC keyword: 0.9 / 0.9
Answer has appropriate number of tables used: 1.8 / 1.8
Answer has same result set content as desired query: 5.4 / 5.4

5: SELECT c.CUSTID, c.FNAME, c.LNAME, MAX(t.TRANSAMOUNT)
FROM CUSTOMER c
INNER JOIN ACCOUNT a
ON c.CUSTID = a.CUSTOMER
INNER JOIN TRANSACTION t
ON t.ACCNUMBER = a.ACCNUMBER
WHERE a.ACCTYPE = 'savings'
AND t.TRANSTYPE = 'w'
GROUP BY c.CUSTID, c.FNAME, c.LNAME
ORDER BY c.CUSTID

Marks given: 16 of maximum 16

Answer compiles without errors: 1.6 / 1.6
Answer has at least SELECT and FROM: 1.6 / 1.6
Answer has appropriate number of MAX keyword: 1.6 / 1.6
Answer has appropriate number of GROUP BY keywords: 1.6 / 1.6
Answer has appropriate number of ORDER BY keywords: 1.6 / 1.6
Answer has appropriate number of tables used: 1.6 / 1.6
Answer has same column count as desired result query: 0.8 / 0.8
Answer has same result set content as desired query: 5.6 / 5.6

6: SELECT a.CUSTID, a.FNAME, a.LNAME
FROM CUSTOMER a
  MINUS
SELECT b.CUSTID, b.FNAME, b.LNAME
FROM CUSTOMER b
INNER JOIN ACCOUNT ac
ON ac.CUSTOMER = b.CUSTID
WHERE ac.ACCSTATUS = 'Active'

Marks given: 17 of maximum 17

Answer compiles without errors: 1.7 / 1.7
Answer has at least SELECT and FROM: 2.55 / 2.55
Answer has appropriate number of WHERE keyword: 2.55 / 2.55
Answer has appropriate number of tables used: 2.55 / 2.55
Answer has same column count as desired result query: 1.7 / 1.7
Answer has same result set content as desired query: 5.95 / 5.95

7: SELECT t.TRANSLOCATION, COUNT(a.ACCOPENLOCATION)
FROM TRANSACTION t
LEFT JOIN ACCOUNT a
ON t.TRANSLOCATION = a.ACCOPENLOCATION
GROUP BY t.TRANSLOCATION
ORDER BY t.TRANSLOCATION

Marks given: 4.5 of maximum 5

Answer compiles without errors: 0.5 / 0.5
Answer has at least SELECT and FROM: 0.5 / 0.5
Answer has appropriate number of OUTER/LEFT/RIGHT/BOTH keywords: 0.5 / 0.5
Answer has appropriate number of GROUP BY keywords: 0.5 / 0.5
Answer has appropriate number of tables used: 0.5 / 0.5
Answer has appropriate number of COUNT keyword: 0.5 / 0.5
Answer has appropriate number of DISTINCT keyword: 0 / 0.5
Answer has same result set content as desired query: 1.5 / 1.5

