Assignment  : CS 260, Spring 2019, Lab Test
Student Name: ETHAN NIESKES
Answer File : nieskesethan_31069_3894661_NIESKEEE8164_SUBMISSION.sql
Total Points: 40.7

Your answers, evaluation and points follow.

1: SELECT CustID, FName, LName, AccClosedDate, AccOpenLocation
FROM Customer
JOIN Account ON Account.customer = Customer.CustID
WHERE AccOpenLocation IN
      (SELECT AccOpenLocation
       FROM Account
        WHERE AccClosedDate IN
          (SELECT AccClosedDate
           FROM Account
           WHERE AccOpenLocation = 'Central'
           AND AccClosedDate >= (TO_DATE('January 01, 2018', 'MONTH/DD/YYYY'))
           AND AccClosedDate != NULL)
          ------Incomplete, Can't get rid of NULL values in table
          )

Marks given: 3.75 of maximum 15

Answer compiles without errors: 1.5 / 1.5
Answer has at least SELECT and FROM: 2.25 / 2.25
Answer has same row count as desired query: 0 / 1.5
Answer has same column count as desired result query: 0 / 1.5
Answer has appropriate number of tables used: 0 / 1.5
Answer has appropriate number of WHERE keyword: 0 / 1.5
Answer has same result set content as desired query: 0 / 5.25

2: SELECT  AccOpenLocation, AccStatus
FROM Account
--JOIN Customer ON Account.Customer = Customer.CustID
GROUP BY AccStatus, AccOpenLocation
HAVING COUNT(*) >= 0
ORDER BY AccOpenLocation, AccStatus

Marks given: 7.2 of maximum 16

Answer compiles without errors: 2.4 / 2.4
Answer has at least SELECT and FROM: 1.6 / 1.6
Answer has appropriate number of GROUP BY keywords: 1.6 / 1.6
Answer has appropriate number of ORDER BY keywords: 1.6 / 1.6
Answer has same column count as desired result query: 0 / 1.6
Answer has same result set content as desired query: 0 / 7.2

3: SELECT AccNumber
FROM Account
WHERE AccBalance IN
    (SELECT AVG(AccBalance)
     FROM Account 
     WHERE AccBalance IN
        (SELECT AccBalance
         FROM Account A
         WHERE AccType IN
            (SELECT DISTINCT AccType
             FROM Account 
             WHERE AccBalance < A.AccBalance)
          )
      )

Marks given: 8.1 of maximum 18

Answer compiles without errors: 2.7 / 2.7
Answer has at least SELECT and FROM: 1.8 / 1.8
Answer has appropriate number of AVG keyword: 1.8 / 1.8
Answer has appropriate number of tables used: 0 / 1.8
Answer has same column count as desired result query: 1.8 / 1.8
Answer has same result set content as desired query: 0 / 8.1

4: SELECT TransLocation, AVG(TransAmount)
FROM Transaction

Marks given: 3.6 of maximum 18

Answer compiles without errors: 0 / 2.7
Answer has at least SELECT and FROM: 1.8 / 1.8
Answer has appropriate number of AVG keyword: 0 / 1.8
Answer has appropriate number of GROUP BY keywords: 0 / 1.8
Answer has appropriate number of ORDER BY keywords: 0 / 1.8
Answer has appropriate number of DESC keyword: 0 / 0.9
Answer has appropriate number of tables used: 1.8 / 1.8
Answer has same result set content as desired query: 0 / 5.4

5: SELECT CustID, FName, LName, MAX(TransAmount)
FROM Customer
JOIN Account ON Account.Customer = Customer.CustID
JOIN Transaction ON Account.AccNumber = Transaction.AccNumber
WHERE TransAmount IN
    (SELECT TransAmount
     FROM Transaction
     WHERE TransType = 'w'
     AND AccType = 'savings')     
GROUP BY CustID, FName, LName, TransAmount
ORDER BY CustID

Marks given: 10.4 of maximum 16

Answer compiles without errors: 1.6 / 1.6
Answer has at least SELECT and FROM: 1.6 / 1.6
Answer has appropriate number of MAX keyword: 1.6 / 1.6
Answer has appropriate number of GROUP BY keywords: 1.6 / 1.6
Answer has appropriate number of ORDER BY keywords: 1.6 / 1.6
Answer has appropriate number of tables used: 1.6 / 1.6
Answer has same column count as desired result query: 0.8 / 0.8
Answer has same result set content as desired query: 0 / 5.6

6: SELECT CustID, FName, LName, AccStatus
FROM Account
JOIN Customer ON Account.Customer = Customer.CustID
    MINUS
  SELECT AccStatus
  FROM Account
  WHERE AccStatus = 'Active'

Marks given: 7.65 of maximum 17

Answer compiles without errors: 0 / 1.7
Answer has at least SELECT and FROM: 2.55 / 2.55
Answer has appropriate number of WHERE keyword: 2.55 / 2.55
Answer has appropriate number of tables used: 2.55 / 2.55
Answer has same column count as desired result query: 0 / 1.7
Answer has same result set content as desired query: 0 / 5.95

7: 

Marks given: 0 of maximum 5

Answer compiles without errors: 0 / 0.5
Answer has at least SELECT and FROM: 0 / 0.5
Answer has appropriate number of OUTER/LEFT/RIGHT/BOTH keywords: 0 / 0.5
Answer has appropriate number of GROUP BY keywords: 0 / 0.5
Answer has appropriate number of tables used: 0 / 0.5
Answer has appropriate number of COUNT keyword: 0 / 0.5
Answer has appropriate number of DISTINCT keyword: 0 / 0.5
Answer has same result set content as desired query: 0 / 1.5

