Assignment  : CS 260, Spring 2019, Lab Test
Student Name: Daniel Ott
Answer File : ottdaniel_36360_3894358_OTTDC6030-2.sql
Total Points: 101.1

Your answers, evaluation and points follow.

1: select C.CustID,C.FName,C.LName,A.AccClosedDate from Customer C
join Account A on (C.CustID = A.Customer)
where (A.AccOpenLocation = 'Central'
  and A.AccClosedDate >= to_date('01-JAN-2018','DD-Mon-YYYY'))

Marks given: 15 of maximum 15

Answer compiles without errors: 1.5 / 1.5
Answer has at least SELECT and FROM: 2.25 / 2.25
Answer has same row count as desired query: 1.5 / 1.5
Answer has same column count as desired result query: 1.5 / 1.5
Answer has appropriate number of tables used: 1.5 / 1.5
Answer has appropriate number of WHERE keyword: 1.5 / 1.5
Answer has same result set content as desired query: 5.25 / 5.25

2: select AccOpenLocation,AccStatus,count(AccStatus) from Account
group by AccOpenLocation,AccStatus
order by AccOpenLocation asc

Marks given: 16 of maximum 16

Answer compiles without errors: 2.4 / 2.4
Answer has at least SELECT and FROM: 1.6 / 1.6
Answer has appropriate number of GROUP BY keywords: 1.6 / 1.6
Answer has appropriate number of ORDER BY keywords: 1.6 / 1.6
Answer has same column count as desired result query: 1.6 / 1.6
Answer has same result set content as desired query: 7.2 / 7.2

3: select A.AccNumber from Account A
where A.ACCBALANCE > 
  (select avg(A1.AccBalance) from Account A1
  where A.AccType = A1.Acctype)
order by A.AccNumber asc

Marks given: 18 of maximum 18

Answer compiles without errors: 2.7 / 2.7
Answer has at least SELECT and FROM: 1.8 / 1.8
Answer has appropriate number of AVG keyword: 1.8 / 1.8
Answer has appropriate number of tables used: 1.8 / 1.8
Answer has same column count as desired result query: 1.8 / 1.8
Answer has same result set content as desired query: 8.1 / 8.1

4: select distinct T.TransLocation,
  cast(
    (select avg(T1.TransAmount) from Transaction T1
    where T1.TransLocation = T.Translocation) as Number (*,2))
from Transaction T
where 
  ((select avg(T1.TransAmount) from Transaction T1
  where T1.TransLocation = T.Translocation)
  < (select avg(TransAmount) from Transaction))
order by
  ((select avg(T1.TransAmount) from Transaction T1
  where T1.TransLocation = T.Translocation))
  desc

Marks given: 16.2 of maximum 18

Answer compiles without errors: 2.7 / 2.7
Answer has at least SELECT and FROM: 1.8 / 1.8
Answer has appropriate number of AVG keyword: 1.8 / 1.8
Answer has appropriate number of GROUP BY keywords: 0 / 1.8
Answer has appropriate number of ORDER BY keywords: 1.8 / 1.8
Answer has appropriate number of DESC keyword: 0.9 / 0.9
Answer has appropriate number of tables used: 1.8 / 1.8
Answer has same result set content as desired query: 5.4 / 5.4

5: select C.CustID,C.FName,C.LName,max(T.TransAmount) from Customer C
join Account A on (A.AccType = 'savings' and C.CustID = A.Customer)
join Transaction T on (T.TransType = 'w' and T.AccNumber = A.AccNumber)
group by C.CustID,C.FName,C.LName

Marks given: 14.4 of maximum 16

Answer compiles without errors: 1.6 / 1.6
Answer has at least SELECT and FROM: 1.6 / 1.6
Answer has appropriate number of MAX keyword: 1.6 / 1.6
Answer has appropriate number of GROUP BY keywords: 1.6 / 1.6
Answer has appropriate number of ORDER BY keywords: 0 / 1.6
Answer has appropriate number of tables used: 1.6 / 1.6
Answer has same column count as desired result query: 0.8 / 0.8
Answer has same result set content as desired query: 5.6 / 5.6

6: select C.CustID,C.FName,C.LName from Customer C
where not exists
  (select * from Account A
  where (A.AccStatus = 'Active' and A.Customer = C.CustID))

Marks given: 17 of maximum 17

Answer compiles without errors: 1.7 / 1.7
Answer has at least SELECT and FROM: 2.55 / 2.55
Answer has appropriate number of WHERE keyword: 2.55 / 2.55
Answer has appropriate number of tables used: 2.55 / 2.55
Answer has same column count as desired result query: 1.7 / 1.7
Answer has same result set content as desired query: 5.95 / 5.95

7: select T.TransLocation,count(A.AccNumber) from Transaction T
left outer join Account A on (T.TransLocation = A.AccOpenLocation)
group by T.TransLocation

Marks given: 4.5 of maximum 5

Answer compiles without errors: 0.5 / 0.5
Answer has at least SELECT and FROM: 0.5 / 0.5
Answer has appropriate number of OUTER/LEFT/RIGHT/BOTH keywords: 0.5 / 0.5
Answer has appropriate number of GROUP BY keywords: 0.5 / 0.5
Answer has appropriate number of tables used: 0.5 / 0.5
Answer has appropriate number of COUNT keyword: 0.5 / 0.5
Answer has appropriate number of DISTINCT keyword: 0 / 0.5
Answer has same result set content as desired query: 1.5 / 1.5

