Assignment  : CS 260, Spring 2019, Lab Test
Student Name: Alyssa Phillips
Answer File : phillipsalyssa_34424_3894401_philliak9348-1.sql
Total Points: 92.45

Your answers, evaluation and points follow.

1: SELECT C.CustID as CustomerID, C.FName AS FirstName, C.LName AS LastName
FROM Customer C
JOIN Account A
ON C.CustId = A.Customer
WHERE LOWER(A.ACCOPENLOCATION) LIKE '%central%' AND A.ACCCLOSEDDATE >= '01-Jan-2018'

Marks given: 8.25 of maximum 15

Answer compiles without errors: 1.5 / 1.5
Answer has at least SELECT and FROM: 2.25 / 2.25
Answer has same row count as desired query: 1.5 / 1.5
Answer has same column count as desired result query: 0 / 1.5
Answer has appropriate number of tables used: 1.5 / 1.5
Answer has appropriate number of WHERE keyword: 1.5 / 1.5
Answer has same result set content as desired query: 0 / 5.25

2: SELECT A.AccStatus AS Status, A.AccOpenLocation AS Location, Count(Distinct A.AccNumber) AS NumberOfAccounts
FROM Account A
GROUP BY A.AccStatus, A.AccOpenLocation
ORDER BY A.AccOpenLocation, A.AccStatus

Marks given: 16 of maximum 16

Answer compiles without errors: 2.4 / 2.4
Answer has at least SELECT and FROM: 1.6 / 1.6
Answer has appropriate number of GROUP BY keywords: 1.6 / 1.6
Answer has appropriate number of ORDER BY keywords: 1.6 / 1.6
Answer has same column count as desired result query: 1.6 / 1.6
Answer has same result set content as desired query: 7.2 / 7.2

3: SELECT A.AccNumber AS AccountNumber
FROM Account A
WHERE A.AccBalance>
  (SELECT AVG(A1.AccBalance)
  FROM Account A1
  WHERE A.AccType = A1.AccType)
  ORDER BY A.AccNumber

Marks given: 18 of maximum 18

Answer compiles without errors: 2.7 / 2.7
Answer has at least SELECT and FROM: 1.8 / 1.8
Answer has appropriate number of AVG keyword: 1.8 / 1.8
Answer has appropriate number of tables used: 1.8 / 1.8
Answer has same column count as desired result query: 1.8 / 1.8
Answer has same result set content as desired query: 8.1 / 8.1

4: SELECT T.TransLocation, CAST (AVG(T.TransAmount) AS NUMBER(*,2)) AS AverageAmount
FROM Transaction T
GROUP BY T.TransLocation
HAVING AVG(T.TransAmount)<
  (SELECT AVG(T1.TransAmount)
  FROM Transaction T1)

Marks given: 15.3 of maximum 18

Answer compiles without errors: 2.7 / 2.7
Answer has at least SELECT and FROM: 1.8 / 1.8
Answer has appropriate number of AVG keyword: 1.8 / 1.8
Answer has appropriate number of GROUP BY keywords: 1.8 / 1.8
Answer has appropriate number of ORDER BY keywords: 0 / 1.8
Answer has appropriate number of DESC keyword: 0 / 0.9
Answer has appropriate number of tables used: 1.8 / 1.8
Answer has same result set content as desired query: 5.4 / 5.4

5: SELECT C.CustID, C.FName, C.LName, MAX(T.TransAmount)
FROM Customer C
JOIN Account A
ON C.CustID = A.Customer
JOIN Transaction T
ON A.AccNumber = T.AccNumber
WHERE A.AccType LIKE '%savings%' AND T.TransType LIKE '%w%'
GROUP BY C.CustID, C.FName, C.LName

Marks given: 14.4 of maximum 16

Answer compiles without errors: 1.6 / 1.6
Answer has at least SELECT and FROM: 1.6 / 1.6
Answer has appropriate number of MAX keyword: 1.6 / 1.6
Answer has appropriate number of GROUP BY keywords: 1.6 / 1.6
Answer has appropriate number of ORDER BY keywords: 0 / 1.6
Answer has appropriate number of tables used: 1.6 / 1.6
Answer has same column count as desired result query: 0.8 / 0.8
Answer has same result set content as desired query: 5.6 / 5.6

6: SELECT C.CustID, C.FName, C.LName
FROM Customer C
MINUS 
SELECT C.CustID, C.FName, C.LName
FROM Customer C
JOIN Account A
ON C.CustID = A.Customer
WHERE A.AccStatus LIKE '%Active%'

Marks given: 17 of maximum 17

Answer compiles without errors: 1.7 / 1.7
Answer has at least SELECT and FROM: 2.55 / 2.55
Answer has appropriate number of WHERE keyword: 2.55 / 2.55
Answer has appropriate number of tables used: 2.55 / 2.55
Answer has same column count as desired result query: 1.7 / 1.7
Answer has same result set content as desired query: 5.95 / 5.95

7: SELECT T.TransLocation AS Location, COUNT(Distinct A.AccNumber) AS NumberOfAccounts
FROM Transaction T
FULL OUTER JOIN Account A
ON T.AccNumber = A.AccNumber
GROUP BY T.TransLocation
ORDER BY T.TransLocation

Marks given: 3.5 of maximum 5

Answer compiles without errors: 0.5 / 0.5
Answer has at least SELECT and FROM: 0.5 / 0.5
Answer has appropriate number of OUTER/LEFT/RIGHT/BOTH keywords: 0.5 / 0.5
Answer has appropriate number of GROUP BY keywords: 0.5 / 0.5
Answer has appropriate number of tables used: 0.5 / 0.5
Answer has appropriate number of COUNT keyword: 0.5 / 0.5
Answer has appropriate number of DISTINCT keyword: 0.5 / 0.5
Answer has same result set content as desired query: 0 / 1.5

