Assignment  : È/ª-ÊFL€3.¯2Õ1--- CS 260, Spring 2019, Lab Test
Student Name: NOAH PLAUTZ
Answer File : plautznoah_34118_3894637_PLAUTZNL4327LABEXAM.sql
Total Points: 80.95

Your answers, evaluation and points follow.

1: SELECT C.CUSTID, C.FNAME, C.LNAME, A.ACCCLOSEDDATE
FROM CUSTOMER C
JOIN ACCOUNT A ON(C.CUSTID = A.CUSTOMER)
WHERE A.ACCOPENLOCATION = 'Central' AND ACCCLOSEDDATE >= '01-JAN-2018'

Marks given: 15 of maximum 15

Answer compiles without errors: 1.5 / 1.5
Answer has at least SELECT and FROM: 2.25 / 2.25
Answer has same row count as desired query: 1.5 / 1.5
Answer has same column count as desired result query: 1.5 / 1.5
Answer has appropriate number of tables used: 1.5 / 1.5
Answer has appropriate number of WHERE keyword: 1.5 / 1.5
Answer has same result set content as desired query: 5.25 / 5.25

2: SELECT ACCOPENLOCATION, ACCSTATUS, COUNT(*) AS NUMACCOUNTS
FROM ACCOUNT GROUP BY ACCOPENLOCATION, ACCSTATUS ORDER BY ACCOPENLOCATION ASC

Marks given: 16 of maximum 16

Answer compiles without errors: 2.4 / 2.4
Answer has at least SELECT and FROM: 1.6 / 1.6
Answer has appropriate number of GROUP BY keywords: 1.6 / 1.6
Answer has appropriate number of ORDER BY keywords: 1.6 / 1.6
Answer has same column count as desired result query: 1.6 / 1.6
Answer has same result set content as desired query: 7.2 / 7.2

3: SELECT ACCNUMBER FROM ACCOUNT A
WHERE ACCBALANCE >
(SELECT AVG(ACCBALANCE) FROM ACCOUNT B
WHERE A.ACCTYPE = B.ACCTYPE) ORDER BY ACCNUMBER

Marks given: 18 of maximum 18

Answer compiles without errors: 2.7 / 2.7
Answer has at least SELECT and FROM: 1.8 / 1.8
Answer has appropriate number of AVG keyword: 1.8 / 1.8
Answer has appropriate number of tables used: 1.8 / 1.8
Answer has same column count as desired result query: 1.8 / 1.8
Answer has same result set content as desired query: 8.1 / 8.1

4: SELECT A.TRANSLOCATION, A.TRANSAMOUNT FROM TRANSACTION A
WHERE A.TRANSAMOUNT <
(SELECT AVG(B.TRANSAMOUNT) FROM TRANSACTION B
WHERE A.TRANSLOCATION = B.TRANSLOCATION) ORDER BY TRANSAMOUNT

Marks given: 8.1 of maximum 18

Answer compiles without errors: 2.7 / 2.7
Answer has at least SELECT and FROM: 1.8 / 1.8
Answer has appropriate number of AVG keyword: 0 / 1.8
Answer has appropriate number of GROUP BY keywords: 0 / 1.8
Answer has appropriate number of ORDER BY keywords: 1.8 / 1.8
Answer has appropriate number of DESC keyword: 0 / 0.9
Answer has appropriate number of tables used: 1.8 / 1.8
Answer has same result set content as desired query: 0 / 5.4

5: SELECT DISTINCT CUSTID, FNAME, LNAME, TRANSAMOUNT FROM CUSTOMER
JOIN ACCOUNT ON(CUSTID = ACCOUNT.CUSTOMER)
JOIN TRANSACTION ON(ACCOUNT.ACCNUMBER = TRANSACTION.ACCNUMBER)
WHERE TRANSTYPE = 'w' AND ACCTYPE = 'savings' 
ORDER BY CUSTID

Marks given: 12.8 of maximum 16

Answer compiles without errors: 1.6 / 1.6
Answer has at least SELECT and FROM: 1.6 / 1.6
Answer has appropriate number of MAX keyword: 0 / 1.6
Answer has appropriate number of GROUP BY keywords: 0 / 1.6
Answer has appropriate number of ORDER BY keywords: 1.6 / 1.6
Answer has appropriate number of tables used: 1.6 / 1.6
Answer has same column count as desired result query: 0.8 / 0.8
Answer has same result set content as desired query: 5.6 / 5.6

6: SELECT CUSTID, FNAME, LNAME FROM CUSTOMER C
LEFT OUTER JOIN ACCOUNT A ON(CUSTID = A.CUSTOMER)
WHERE ACCSTATUS = 'Closed' or ACCSTATUS = 'Frozen'

Marks given: 11.05 of maximum 17

Answer compiles without errors: 1.7 / 1.7
Answer has at least SELECT and FROM: 2.55 / 2.55
Answer has appropriate number of WHERE keyword: 2.55 / 2.55
Answer has appropriate number of tables used: 2.55 / 2.55
Answer has same column count as desired result query: 1.7 / 1.7
Answer has same result set content as desired query: 0 / 5.95

7: 

Marks given: 0 of maximum 5

Answer compiles without errors: 0 / 0.5
Answer has at least SELECT and FROM: 0 / 0.5
Answer has appropriate number of OUTER/LEFT/RIGHT/BOTH keywords: 0 / 0.5
Answer has appropriate number of GROUP BY keywords: 0 / 0.5
Answer has appropriate number of tables used: 0 / 0.5
Answer has appropriate number of COUNT keyword: 0 / 0.5
Answer has appropriate number of DISTINCT keyword: 0 / 0.5
Answer has same result set content as desired query: 0 / 1.5

