Assignment  : CS 260, Spring 2019, Lab Test
Student Name: Sullivan R. Prellwitz
Answer File : prellwitzsullivan_38606_3895709_prellwsr8859-1.sql
Total Points: 97.05

Your answers, evaluation and points follow.

1: SELECT C.CUSTID, C.FNAME AS FIRST_NAME, C.LNAME AS LAST_NAME, A.ACCCLOSEDDATE AS ACCOUNT_CLOSE_DATE
FROM CUSTOMER C
JOIN ACCOUNT A ON C.CUSTID = A.CUSTOMER
WHERE A.ACCOPENLOCATION = 'Central'
AND A.ACCCLOSEDDATE >= '01-JAN-2018'

Marks given: 15 of maximum 15

Answer compiles without errors: 1.5 / 1.5
Answer has at least SELECT and FROM: 2.25 / 2.25
Answer has same row count as desired query: 1.5 / 1.5
Answer has same column count as desired result query: 1.5 / 1.5
Answer has appropriate number of tables used: 1.5 / 1.5
Answer has appropriate number of WHERE keyword: 1.5 / 1.5
Answer has same result set content as desired query: 5.25 / 5.25

2: SELECT A.ACCOPENLOCATION AS OPEN_LOCATION, A.ACCSTATUS AS ACCOUNT_STATUS, COUNT(ACCSTATUS)
FROM ACCOUNT A
GROUP BY A.ACCOPENLOCATION, A.ACCSTATUS
ORDER BY A.ACCOPENLOCATION ASC

Marks given: 16 of maximum 16

Answer compiles without errors: 2.4 / 2.4
Answer has at least SELECT and FROM: 1.6 / 1.6
Answer has appropriate number of GROUP BY keywords: 1.6 / 1.6
Answer has appropriate number of ORDER BY keywords: 1.6 / 1.6
Answer has same column count as desired result query: 1.6 / 1.6
Answer has same result set content as desired query: 7.2 / 7.2

3: SELECT A.ACCNUMBER
FROM ACCOUNT A
WHERE A.ACCBALANCE >
      (SELECT AVG(A2.ACCBALANCE)
        FROM ACCOUNT A2
        WHERE A2.ACCTYPE = A.ACCTYPE)
ORDER BY A.ACCNUMBER ASC

Marks given: 18 of maximum 18

Answer compiles without errors: 2.7 / 2.7
Answer has at least SELECT and FROM: 1.8 / 1.8
Answer has appropriate number of AVG keyword: 1.8 / 1.8
Answer has appropriate number of tables used: 1.8 / 1.8
Answer has same column count as desired result query: 1.8 / 1.8
Answer has same result set content as desired query: 8.1 / 8.1

4: SELECT T.TRANSLOCATION, CAST(AVG(T.TRANSAMOUNT) AS NUMBER(*,2)) AS AVERAGE_TRANSACTION_AMOUNT
FROM TRANSACTION T
HAVING AVG(T.TRANSAMOUNT) <
      (SELECT AVG(T2.TRANSAMOUNT)
        FROM TRANSACTION T2)
GROUP BY T.TRANSLOCATION
ORDER BY AVG(T.TRANSAMOUNT) DESC

Marks given: 18 of maximum 18

Answer compiles without errors: 2.7 / 2.7
Answer has at least SELECT and FROM: 1.8 / 1.8
Answer has appropriate number of AVG keyword: 1.8 / 1.8
Answer has appropriate number of GROUP BY keywords: 1.8 / 1.8
Answer has appropriate number of ORDER BY keywords: 1.8 / 1.8
Answer has appropriate number of DESC keyword: 0.9 / 0.9
Answer has appropriate number of tables used: 1.8 / 1.8
Answer has same result set content as desired query: 5.4 / 5.4

5: SELECT C.CUSTID, C.FNAME, C.LNAME, MAX(T.TRANSAMOUNT) AS LARGEST_WITHDRAWAL
FROM CUSTOMER C
JOIN ACCOUNT A ON A.CUSTOMER = C.CUSTID
JOIN TRANSACTION T ON A.ACCNUMBER = T.ACCNUMBER
WHERE A.ACCTYPE = 'savings'
AND T.TRANSTYPE = 'w'
GROUP BY C.CUSTID, C.FNAME, C.LNAME
ORDER BY C.CUSTID ASC

Marks given: 16 of maximum 16

Answer compiles without errors: 1.6 / 1.6
Answer has at least SELECT and FROM: 1.6 / 1.6
Answer has appropriate number of MAX keyword: 1.6 / 1.6
Answer has appropriate number of GROUP BY keywords: 1.6 / 1.6
Answer has appropriate number of ORDER BY keywords: 1.6 / 1.6
Answer has appropriate number of tables used: 1.6 / 1.6
Answer has same column count as desired result query: 0.8 / 0.8
Answer has same result set content as desired query: 5.6 / 5.6

6: SELECT C.CUSTID, C.FNAME, C.LNAME
FROM CUSTOMER C
RIGHT OUTER JOIN ACCOUNT A on C.CUSTID = A.CUSTOMER
WHERE C.CUSTID IN
      (SELECT C1.CUSTID
        FROM CUSTOMER C1
        MINUS
        SELECT A1.CUSTOMER
        FROM ACCOUNT A1
        WHERE A1.ACCSTATUS = 'Active')
OR A.CUSTOMER IS NULL

Marks given: 11.05 of maximum 17

Answer compiles without errors: 1.7 / 1.7
Answer has at least SELECT and FROM: 2.55 / 2.55
Answer has appropriate number of WHERE keyword: 2.55 / 2.55
Answer has appropriate number of tables used: 2.55 / 2.55
Answer has same column count as desired result query: 1.7 / 1.7
Answer has same result set content as desired query: 0 / 5.95

7: SELECT COUNT(A.CUSTOMER), T.TRANSLOCATION
FROM ACCOUNT A
RIGHT OUTER JOIN TRANSACTION T ON A.ACCNUMBER = T.ACCNUMBER
WHERE A.ACCOPENLOCATION = T.TRANSLOCATION
GROUP BY T.TRANSLOCATION

Marks given: 3 of maximum 5

Answer compiles without errors: 0.5 / 0.5
Answer has at least SELECT and FROM: 0.5 / 0.5
Answer has appropriate number of OUTER/LEFT/RIGHT/BOTH keywords: 0.5 / 0.5
Answer has appropriate number of GROUP BY keywords: 0.5 / 0.5
Answer has appropriate number of tables used: 0.5 / 0.5
Answer has appropriate number of COUNT keyword: 0.5 / 0.5
Answer has appropriate number of DISTINCT keyword: 0 / 0.5
Answer has same result set content as desired query: 0 / 1.5

