Assignment  : CS 260, Spring 2019, Lab Test
Student Name: Brendan Rohlik
Answer File : rohlikbrendan_36446_3895694_rohlikbp4178midterm.sql
Total Points: 61.35

Your answers, evaluation and points follow.

1: SELECT C.CUSTID, C.FNAME, C.LNAME, A.ACCCLOSEDDATE
FROM CUSTOMER C
JOIN ACCOUNT A
ON C.CUSTID = A.CUSTOMER
WHERE A.ACCOPENLOCATION = 'Central'
AND A.ACCCLOSEDDATE >= '01-JAN-2018'

Marks given: 15 of maximum 15

Answer compiles without errors: 1.5 / 1.5
Answer has at least SELECT and FROM: 2.25 / 2.25
Answer has same row count as desired query: 1.5 / 1.5
Answer has same column count as desired result query: 1.5 / 1.5
Answer has appropriate number of tables used: 1.5 / 1.5
Answer has appropriate number of WHERE keyword: 1.5 / 1.5
Answer has same result set content as desired query: 5.25 / 5.25

2: SELECT DISTINCT A.ACCOPENLOCATION, A.ACCSTATUS, COUNT(A.CUSTOMER)
FROM ACCOUNT A
WHERE A.ACCOPENLOCATION = 'Central' 
group by A.ACCOPENLOCATION, A.ACCSTATUS
ORDER BY A.ACCSTATUS

Marks given: 8.8 of maximum 16

Answer compiles without errors: 2.4 / 2.4
Answer has at least SELECT and FROM: 1.6 / 1.6
Answer has appropriate number of GROUP BY keywords: 1.6 / 1.6
Answer has appropriate number of ORDER BY keywords: 1.6 / 1.6
Answer has same column count as desired result query: 1.6 / 1.6
Answer has same result set content as desired query: 0 / 7.2

3: SELECT A.ACCNUMBER
FROM ACCOUNT A
HAVING A.ACCBALANCE >
  (SELECT AVG(AB.ACCBALANCE)
  FROM ACCOUNT AB
  WHERE AB.ACCTYPE = A.ACCTYPE)
  ORDER BY A.ACCNUMBER

Marks given: 5.4 of maximum 18

Answer compiles without errors: 0 / 2.7
Answer has at least SELECT and FROM: 1.8 / 1.8
Answer has appropriate number of AVG keyword: 1.8 / 1.8
Answer has appropriate number of tables used: 1.8 / 1.8
Answer has same column count as desired result query: 0 / 1.8
Answer has same result set content as desired query: 0 / 8.1

4: SELECT T.TRANSLOCATION, AVG(T.TRANSAMOUNT)
FROM TRANSACTION T
WHERE AVG(T.TRANSLOCATION.TRANSAMOUNT) < AVG(COUNT(T.TRANSAMOUNT))
group by T.TRANSLOCATION

Marks given: 7.2 of maximum 18

Answer compiles without errors: 0 / 2.7
Answer has at least SELECT and FROM: 1.8 / 1.8
Answer has appropriate number of AVG keyword: 1.8 / 1.8
Answer has appropriate number of GROUP BY keywords: 1.8 / 1.8
Answer has appropriate number of ORDER BY keywords: 0 / 1.8
Answer has appropriate number of DESC keyword: 0 / 0.9
Answer has appropriate number of tables used: 1.8 / 1.8
Answer has same result set content as desired query: 0 / 5.4

5: SELECT C.CUSTID, C.FNAME, C.LNAME, MAX(T.TRANSAMOUNT)
FROM CUSTOMER C
JOIN ACCOUNT A
ON C.CUSTID = A.CUSTOMER
JOIN TRANSACTION T
ON A.ACCNUMBER = T.ACCNUMBER
WHERE A.ACCTYPE = 'savings'
AND A.ACCSTATUS = 'Active'
GROUP BY C.CUSTID, C.FNAME, C.LNAME
ORDER BY C.CUSTID

Marks given: 10.4 of maximum 16

Answer compiles without errors: 1.6 / 1.6
Answer has at least SELECT and FROM: 1.6 / 1.6
Answer has appropriate number of MAX keyword: 1.6 / 1.6
Answer has appropriate number of GROUP BY keywords: 1.6 / 1.6
Answer has appropriate number of ORDER BY keywords: 1.6 / 1.6
Answer has appropriate number of tables used: 1.6 / 1.6
Answer has same column count as desired result query: 0.8 / 0.8
Answer has same result set content as desired query: 0 / 5.6

6: SELECT C.CUSTID, C.FNAME, C.LNAME
FROM CUSTOMER C
JOIN ACCOUNT A
ON C.CUSTID = A.CUSTOMER
WHERE A.ACCSTATUS = 'Closed'
OR A.ACCSTATUS = 'Frozen'
OR A.ACCSTATUS = 'Null'

Marks given: 11.05 of maximum 17

Answer compiles without errors: 1.7 / 1.7
Answer has at least SELECT and FROM: 2.55 / 2.55
Answer has appropriate number of WHERE keyword: 2.55 / 2.55
Answer has appropriate number of tables used: 2.55 / 2.55
Answer has same column count as desired result query: 1.7 / 1.7
Answer has same result set content as desired query: 0 / 5.95

7: SELECT DISTINCT T.TRANSLOCATION, COUNT(A.CUSTOMER)
FROM TRANSACTION T
RIGHT OUTER JOIN ACCOUNT A
ON A.ACCNUMBER = T.ACCNUMBER 
group by T.TRANSLOCATION

Marks given: 3.5 of maximum 5

Answer compiles without errors: 0.5 / 0.5
Answer has at least SELECT and FROM: 0.5 / 0.5
Answer has appropriate number of OUTER/LEFT/RIGHT/BOTH keywords: 0.5 / 0.5
Answer has appropriate number of GROUP BY keywords: 0.5 / 0.5
Answer has appropriate number of tables used: 0.5 / 0.5
Answer has appropriate number of COUNT keyword: 0.5 / 0.5
Answer has appropriate number of DISTINCT keyword: 0.5 / 0.5
Answer has same result set content as desired query: 0 / 1.5

