Assignment  : CS 260, Spring 2019, Lab Test
Student Name: KYLE SARGEANT
Answer File : sargeantkyle_40443_3894633_sargeakb9348-1.sql
Total Points: 69.45

Your answers, evaluation and points follow.

1: SELECT C.CustID,C.FName, C.LName,TO_CHAR(A.AccClosedDate,'MM/DD/YYY')
From Customer C
JOIN Account A
ON (C.CustID=A.Customer)
WHERE A.AccOpenLocation LIKE ('%Central%') AND TO_CHAR(A.AccClosedDate, 'YYYYMMDDD')>='20180101'

Marks given: 15 of maximum 15

Answer compiles without errors: 1.5 / 1.5
Answer has at least SELECT and FROM: 2.25 / 2.25
Answer has same row count as desired query: 1.5 / 1.5
Answer has same column count as desired result query: 1.5 / 1.5
Answer has appropriate number of tables used: 1.5 / 1.5
Answer has appropriate number of WHERE keyword: 1.5 / 1.5
Answer has same result set content as desired query: 5.25 / 5.25

2: SELECT A.ACCOPENLOCATION,COUNT (A.AccStatus)
FROM Account A
GROUP BY A.ACCOPENLOCATION
ORDER BY A.ACCOPENLOCATION ASC

Marks given: 7.2 of maximum 16

Answer compiles without errors: 2.4 / 2.4
Answer has at least SELECT and FROM: 1.6 / 1.6
Answer has appropriate number of GROUP BY keywords: 1.6 / 1.6
Answer has appropriate number of ORDER BY keywords: 1.6 / 1.6
Answer has same column count as desired result query: 0 / 1.6
Answer has same result set content as desired query: 0 / 7.2

3: SELECT A.AccNumber
FROM Account A
WHERE A.ACCBALANCE >
  (SELECT AVG(AA.ACCBALANCE)
    FROM ACCOUNT AA
    WHERE A.AccType=AA.ACCTYPE)
    ORDER BY A.ACCNUMBER ASC

Marks given: 18 of maximum 18

Answer compiles without errors: 2.7 / 2.7
Answer has at least SELECT and FROM: 1.8 / 1.8
Answer has appropriate number of AVG keyword: 1.8 / 1.8
Answer has appropriate number of tables used: 1.8 / 1.8
Answer has same column count as desired result query: 1.8 / 1.8
Answer has same result set content as desired query: 8.1 / 8.1

4: SELECT T.TransLocation, Avg(T.TransAmount)
FROM Transaction T
WHERE AVG(T.TransAmount)<
  (SELECT TT.TransAmount
   FROM Transaction TT
   GROUP BY T.TRANSLOCATION)

Marks given: 5.4 of maximum 18

Answer compiles without errors: 0 / 2.7
Answer has at least SELECT and FROM: 1.8 / 1.8
Answer has appropriate number of AVG keyword: 0 / 1.8
Answer has appropriate number of GROUP BY keywords: 1.8 / 1.8
Answer has appropriate number of ORDER BY keywords: 0 / 1.8
Answer has appropriate number of DESC keyword: 0 / 0.9
Answer has appropriate number of tables used: 1.8 / 1.8
Answer has same result set content as desired query: 0 / 5.4

5: SELECT DISTINCT C.CustID, C.FName,C.LName,T.TransAmount
FROM Customer C
JOIN Account A
ON(A.Customer=C.CustID)
JOIN Transaction T
ON (A.AccNumber=T.AccNumber)
WHERE T.TransType='w' AND A.ACCTYPE='savings'
ORDER BY C.CustID

Marks given: 12.8 of maximum 16

Answer compiles without errors: 1.6 / 1.6
Answer has at least SELECT and FROM: 1.6 / 1.6
Answer has appropriate number of MAX keyword: 0 / 1.6
Answer has appropriate number of GROUP BY keywords: 0 / 1.6
Answer has appropriate number of ORDER BY keywords: 1.6 / 1.6
Answer has appropriate number of tables used: 1.6 / 1.6
Answer has same column count as desired result query: 0.8 / 0.8
Answer has same result set content as desired query: 5.6 / 5.6

6: SELECT C.FNAME, C.LNAME,C.CustID
FROM Customer C
LEFT OUTER JOIN Account A
ON (C.custID= A.Customer)
WHERE A.AccStatus != 'Active'

Marks given: 11.05 of maximum 17

Answer compiles without errors: 1.7 / 1.7
Answer has at least SELECT and FROM: 2.55 / 2.55
Answer has appropriate number of WHERE keyword: 2.55 / 2.55
Answer has appropriate number of tables used: 2.55 / 2.55
Answer has same column count as desired result query: 1.7 / 1.7
Answer has same result set content as desired query: 0 / 5.95

7: 

Marks given: 0 of maximum 5

Answer compiles without errors: 0 / 0.5
Answer has at least SELECT and FROM: 0 / 0.5
Answer has appropriate number of OUTER/LEFT/RIGHT/BOTH keywords: 0 / 0.5
Answer has appropriate number of GROUP BY keywords: 0 / 0.5
Answer has appropriate number of tables used: 0 / 0.5
Answer has appropriate number of COUNT keyword: 0 / 0.5
Answer has appropriate number of DISTINCT keyword: 0 / 0.5
Answer has same result set content as desired query: 0 / 1.5

