Assignment  : CS 260, Spring 2019, Lab Test
Student Name: Garrett Schultz
Answer File : schultzgarrett_30771_3894689_SCHULTGC2770-1.sql
Total Points: 74.35

Your answers, evaluation and points follow.

1: SELECT CustID, Fname, Lname, AccClosedDate
FROM Customer C
JOIN Account A
ON (A.Customer = C.CustID)
WHERE AccOpenLocation LIKE 'Central'
AND AccClosedDate > '01-JAN-2018'

Marks given: 15 of maximum 15

Answer compiles without errors: 1.5 / 1.5
Answer has at least SELECT and FROM: 2.25 / 2.25
Answer has same row count as desired query: 1.5 / 1.5
Answer has same column count as desired result query: 1.5 / 1.5
Answer has appropriate number of tables used: 1.5 / 1.5
Answer has appropriate number of WHERE keyword: 1.5 / 1.5
Answer has same result set content as desired query: 5.25 / 5.25

2: SELECT AccOpenLocation, AccStatus, COUNT(Customer) AS NumberOfAccounts
FROM Account
GROUP BY ACCOPENLOCATION, ACCSTATUS
ORDER BY ACCOPENLOCATION ASC, AccStatus ASC

Marks given: 16 of maximum 16

Answer compiles without errors: 2.4 / 2.4
Answer has at least SELECT and FROM: 1.6 / 1.6
Answer has appropriate number of GROUP BY keywords: 1.6 / 1.6
Answer has appropriate number of ORDER BY keywords: 1.6 / 1.6
Answer has same column count as desired result query: 1.6 / 1.6
Answer has same result set content as desired query: 7.2 / 7.2

3: SELECT Customer
FROM Account A1
WHERE AccBalance > 
  (SELECT AVG(AccBalance)
  FROM Account A2
  WHERE A1.Customer = A2.Customer)
ORDER BY Customer ASC

Marks given: 9.9 of maximum 18

Answer compiles without errors: 2.7 / 2.7
Answer has at least SELECT and FROM: 1.8 / 1.8
Answer has appropriate number of AVG keyword: 1.8 / 1.8
Answer has appropriate number of tables used: 1.8 / 1.8
Answer has same column count as desired result query: 1.8 / 1.8
Answer has same result set content as desired query: 0 / 8.1

4: SELECT AccOpenLocation, AVG(T.TRANSAMOUNT)
FROM Account A
JOIN Transaction T
ON (T.AccNumber = A.AccNumber)
GROUP BY AccOpenLocation

Marks given: 8.1 of maximum 18

Answer compiles without errors: 2.7 / 2.7
Answer has at least SELECT and FROM: 1.8 / 1.8
Answer has appropriate number of AVG keyword: 0 / 1.8
Answer has appropriate number of GROUP BY keywords: 1.8 / 1.8
Answer has appropriate number of ORDER BY keywords: 0 / 1.8
Answer has appropriate number of DESC keyword: 0 / 0.9
Answer has appropriate number of tables used: 1.8 / 1.8
Answer has same result set content as desired query: 0 / 5.4

5: SELECT CustID, Fname, Lname, MAX(TransAmount)
FROM Customer C
JOIN Account A
ON (CustID = Customer)
JOIN TRANSACTION T
ON (A.AccNumber = T.AccNumber)
Where TransType LIKE 'w'
AND AccType LIKE 'savings'
GROUP BY CustID, Fname, Lname
ORDER BY CustID ASC

Marks given: 16 of maximum 16

Answer compiles without errors: 1.6 / 1.6
Answer has at least SELECT and FROM: 1.6 / 1.6
Answer has appropriate number of MAX keyword: 1.6 / 1.6
Answer has appropriate number of GROUP BY keywords: 1.6 / 1.6
Answer has appropriate number of ORDER BY keywords: 1.6 / 1.6
Answer has appropriate number of tables used: 1.6 / 1.6
Answer has same column count as desired result query: 0.8 / 0.8
Answer has same result set content as desired query: 5.6 / 5.6

6: SELECT CustID, Fname, Lname, Account.ACCSTATUS
FROM Customer
LEFT OUTER JOIN Account
ON (CUSTID = Customer)
WHERE ACCSTATUS LIKE 'Frozen'
OR ACCSTATUS LIKE 'Closed'
OR ACCSTATUS IS NULL

Marks given: 9.35 of maximum 17

Answer compiles without errors: 1.7 / 1.7
Answer has at least SELECT and FROM: 2.55 / 2.55
Answer has appropriate number of WHERE keyword: 2.55 / 2.55
Answer has appropriate number of tables used: 2.55 / 2.55
Answer has same column count as desired result query: 0 / 1.7
Answer has same result set content as desired query: 0 / 5.95

7: 

Marks given: 0 of maximum 5

Answer compiles without errors: 0 / 0.5
Answer has at least SELECT and FROM: 0 / 0.5
Answer has appropriate number of OUTER/LEFT/RIGHT/BOTH keywords: 0 / 0.5
Answer has appropriate number of GROUP BY keywords: 0 / 0.5
Answer has appropriate number of tables used: 0 / 0.5
Answer has appropriate number of COUNT keyword: 0 / 0.5
Answer has appropriate number of DISTINCT keyword: 0 / 0.5
Answer has same result set content as desired query: 0 / 1.5

