Assignment  : CS 260, Spring 2019, Lab Test
Student Name: MINGWEI SHENG
Answer File : shengmingwei_173650_3896072_SHENGM6881-2.sql
Total Points: 52.9

Your answers, evaluation and points follow.

1: SELECT C.CUSTID,C.FNAME,C.LNAME,A.ACCOPENLOCATION,A.ACCCLOSEDDATE FROM CUSTOMER C
JOIN ACCOUNT A
ON(C.CUSTID=A.CUSTOMER)
WHERE A.ACCOPENLOCATION='Central'
AND A.ACCCLOSEDDATE >= '1-JAN-2018'

Marks given: 8.25 of maximum 15

Answer compiles without errors: 1.5 / 1.5
Answer has at least SELECT and FROM: 2.25 / 2.25
Answer has same row count as desired query: 1.5 / 1.5
Answer has same column count as desired result query: 0 / 1.5
Answer has appropriate number of tables used: 1.5 / 1.5
Answer has appropriate number of WHERE keyword: 1.5 / 1.5
Answer has same result set content as desired query: 0 / 5.25

2: SELECT A.ACCOPENLOCATION,A.ACCSTATUS,COUNT(*)FROM ACCOUNT A
WHERE A.ACCSTATUS='Active' OR A.ACCSTATUS='Closed' OR A.ACCSTATUS='Frozen'
GROUP BY A.ACCOPENLOCATION,A.ACCSTATUS

Marks given: 14.4 of maximum 16

Answer compiles without errors: 2.4 / 2.4
Answer has at least SELECT and FROM: 1.6 / 1.6
Answer has appropriate number of GROUP BY keywords: 1.6 / 1.6
Answer has appropriate number of ORDER BY keywords: 0 / 1.6
Answer has same column count as desired result query: 1.6 / 1.6
Answer has same result set content as desired query: 7.2 / 7.2

3: SELECT A.ACCNUMBER, A.ACCTYPE,AVG(A.ACCBALANCE) FROM ACCOUNT A
WHERE A.ACCBALANCE>AVG(A.ACCBALANCE)
AND A.ACCTYPE='checking' OR A.ACCTYPE='savings'
ORDER BY A.ACCNUMBER,A.ACCTYPE,AVG(A.ACCBALANCE)

Marks given: 3.6 of maximum 18

Answer compiles without errors: 0 / 2.7
Answer has at least SELECT and FROM: 1.8 / 1.8
Answer has appropriate number of AVG keyword: 1.8 / 1.8
Answer has appropriate number of tables used: 0 / 1.8
Answer has same column count as desired result query: 0 / 1.8
Answer has same result set content as desired query: 0 / 8.1

4: SELECT T.TRANSLOCATION,AVG(T.TRANSAMOUNT) FROM TRANSACTION T
WHERE T.TRANSAMOUNT<AVG(T.TRANSAMOUNT)
ORDER BY T.TRANSLOCATION, AVG(T.TRANSAMOUNT) ASC

Marks given: 7.2 of maximum 18

Answer compiles without errors: 0 / 2.7
Answer has at least SELECT and FROM: 1.8 / 1.8
Answer has appropriate number of AVG keyword: 1.8 / 1.8
Answer has appropriate number of GROUP BY keywords: 0 / 1.8
Answer has appropriate number of ORDER BY keywords: 1.8 / 1.8
Answer has appropriate number of DESC keyword: 0 / 0.9
Answer has appropriate number of tables used: 1.8 / 1.8
Answer has same result set content as desired query: 0 / 5.4

5: SELECT C.CUSTID,C.FNAME,C.LNAME FROM CUSTOMER C
JOIN ACCOUNT A
ON(C.CUSTID=A.CUSTOMER)
JOIN TRANSACTION T
ON(A.ACCNUMBER=T.ACCNUMBER)
WHERE MAX(T.TRANSTYPE)='w' AND A.ACCTYPE='savings' 
ORDER BY C.CUSTID

Marks given: 6.4 of maximum 16

Answer compiles without errors: 0 / 1.6
Answer has at least SELECT and FROM: 1.6 / 1.6
Answer has appropriate number of MAX keyword: 1.6 / 1.6
Answer has appropriate number of GROUP BY keywords: 0 / 1.6
Answer has appropriate number of ORDER BY keywords: 1.6 / 1.6
Answer has appropriate number of tables used: 1.6 / 1.6
Answer has same column count as desired result query: 0 / 0.8
Answer has same result set content as desired query: 0 / 5.6

6: SELECT C.CUSTID,C.FNAME,C.LNAME FROM CUSTOMER C
JOIN ACCOUNT A
ON(C.CUSTID=A.CUSTOMER)
WHERE A.ACCSTATUS='Closed' AND A.ACCSTATUS='Frozen'
GROUP BY C.CUSTID,C.FNAME,C.LNAME

Marks given: 11.05 of maximum 17

Answer compiles without errors: 1.7 / 1.7
Answer has at least SELECT and FROM: 2.55 / 2.55
Answer has appropriate number of WHERE keyword: 2.55 / 2.55
Answer has appropriate number of tables used: 2.55 / 2.55
Answer has same column count as desired result query: 1.7 / 1.7
Answer has same result set content as desired query: 0 / 5.95

7: SELECT T.TRANSLOCATION,A.ACCLOCATION,COUNT(*)FROM TRANSACTION T
JOIN ACCOUNT A
ON(A.ACCNUMBER=T.ACCNUMBER)
WHERE T.TRANSLOCATION=A.ACCLOCATION
GROUP BY T.TRANSLOCATION

Marks given: 2 of maximum 5

Answer compiles without errors: 0 / 0.5
Answer has at least SELECT and FROM: 0.5 / 0.5
Answer has appropriate number of OUTER/LEFT/RIGHT/BOTH keywords: 0 / 0.5
Answer has appropriate number of GROUP BY keywords: 0.5 / 0.5
Answer has appropriate number of tables used: 0.5 / 0.5
Answer has appropriate number of COUNT keyword: 0.5 / 0.5
Answer has appropriate number of DISTINCT keyword: 0 / 0.5
Answer has same result set content as desired query: 0 / 1.5

