Assignment  : CS 260, Spring 2019, Lab Test
Student Name: Collin Simler
Answer File : simlercollin_35537_3895845_SIMLERCJ8743-1.sql
Total Points: 44.2

Your answers, evaluation and points follow.

1: SELECT DISTINCT CustID,FName, LName
FROM Customer C
JOIN Account A 
ON (C.CustID = A.Customer)
WHERE AccOpenLocation = 'Central' AND AccClosedDate >= '01-Jan-2018'

Marks given: 8.25 of maximum 15

Answer compiles without errors: 1.5 / 1.5
Answer has at least SELECT and FROM: 2.25 / 2.25
Answer has same row count as desired query: 1.5 / 1.5
Answer has same column count as desired result query: 0 / 1.5
Answer has appropriate number of tables used: 1.5 / 1.5
Answer has appropriate number of WHERE keyword: 1.5 / 1.5
Answer has same result set content as desired query: 0 / 5.25

2: SELECT  AccOpenLocation, ACCSTATUS, COUNT(ACCSTATUS) AS ave
From Account 
GROUP BY ACCOPENLOCATION

Marks given: 3.2 of maximum 16

Answer compiles without errors: 0 / 2.4
Answer has at least SELECT and FROM: 1.6 / 1.6
Answer has appropriate number of GROUP BY keywords: 1.6 / 1.6
Answer has appropriate number of ORDER BY keywords: 0 / 1.6
Answer has same column count as desired result query: 0 / 1.6
Answer has same result set content as desired query: 0 / 7.2

3: SELECT ACCNUMBER
From Account 
WHERE ACCTYPE = 'checking' AND ACCBALANCE > (SELECT AVG(ACCBALANCE)
                                              from ACCOUNT)

Marks given: 9.9 of maximum 18

Answer compiles without errors: 2.7 / 2.7
Answer has at least SELECT and FROM: 1.8 / 1.8
Answer has appropriate number of AVG keyword: 1.8 / 1.8
Answer has appropriate number of tables used: 1.8 / 1.8
Answer has same column count as desired result query: 1.8 / 1.8
Answer has same result set content as desired query: 0 / 8.1

4: SELECT DISTINCT TransLocation, AVG(TRANSID) AS ave
FROM TRANSACTION
WHERE ave <= (SELECT AVG(TRANSID) FROM TRANSACTION)
GROUP BY TRANSLOCATION

Marks given: 5.4 of maximum 18

Answer compiles without errors: 0 / 2.7
Answer has at least SELECT and FROM: 1.8 / 1.8
Answer has appropriate number of AVG keyword: 0 / 1.8
Answer has appropriate number of GROUP BY keywords: 1.8 / 1.8
Answer has appropriate number of ORDER BY keywords: 0 / 1.8
Answer has appropriate number of DESC keyword: 0 / 0.9
Answer has appropriate number of tables used: 1.8 / 1.8
Answer has same result set content as desired query: 0 / 5.4

5: SELECT CustID, FName, LName, MAX(TRANSAMOUNT)
FROM CUSTOMER C
JOIN ACCOUNT A
ON (C.CUSTID = A.CUSTOMER)
JOIN TRANSACTION T
ON (A.ACCNUMBER = T.ACCNUMBER)
WHERE T.TRANSTYPE = 'w'
GROUP BY CustID

Marks given: 6.4 of maximum 16

Answer compiles without errors: 0 / 1.6
Answer has at least SELECT and FROM: 1.6 / 1.6
Answer has appropriate number of MAX keyword: 1.6 / 1.6
Answer has appropriate number of GROUP BY keywords: 1.6 / 1.6
Answer has appropriate number of ORDER BY keywords: 0 / 1.6
Answer has appropriate number of tables used: 1.6 / 1.6
Answer has same column count as desired result query: 0 / 0.8
Answer has same result set content as desired query: 0 / 5.6

6: SELECT CustID, FName, LName
FROM Customer C
JOIN Account A 
ON (C.CustID = A.Customer)
WHERE  A.ACCSTATUS = 'Frozen' OR A.ACCSTATUS = 'Closed' OR A.ACCSTATUS = null

Marks given: 11.05 of maximum 17

Answer compiles without errors: 1.7 / 1.7
Answer has at least SELECT and FROM: 2.55 / 2.55
Answer has appropriate number of WHERE keyword: 2.55 / 2.55
Answer has appropriate number of tables used: 2.55 / 2.55
Answer has same column count as desired result query: 1.7 / 1.7
Answer has same result set content as desired query: 0 / 5.95

7: 

Marks given: 0 of maximum 5

Answer compiles without errors: 0 / 0.5
Answer has at least SELECT and FROM: 0 / 0.5
Answer has appropriate number of OUTER/LEFT/RIGHT/BOTH keywords: 0 / 0.5
Answer has appropriate number of GROUP BY keywords: 0 / 0.5
Answer has appropriate number of tables used: 0 / 0.5
Answer has appropriate number of COUNT keyword: 0 / 0.5
Answer has appropriate number of DISTINCT keyword: 0 / 0.5
Answer has same result set content as desired query: 0 / 1.5

