Assignment  : CS 260, Spring 2019, Lab Test
Student Name: christopher springett
Answer File : springettchristopher_30627_3894709_springcj6832_exam.sql
Total Points: 40.15

Your answers, evaluation and points follow.

1: SELECT C.CustID, C.FName, C.LName, A.AccClosedDate
FROM  account a 
JOIN Customer c
ON c.custid = a.customer  
WHERE AccClosedDate >= '01-Jan-2018'

Marks given: 9 of maximum 15

Answer compiles without errors: 1.5 / 1.5
Answer has at least SELECT and FROM: 2.25 / 2.25
Answer has same row count as desired query: 0.75 / 1.5
Answer has same column count as desired result query: 1.5 / 1.5
Answer has appropriate number of tables used: 1.5 / 1.5
Answer has appropriate number of WHERE keyword: 1.5 / 1.5
Answer has same result set content as desired query: 0 / 5.25

2: select accopenlocation, AccStatus
from account a
join customer c 
on c.custid = a.customer
where accstatus LIKE 'Active'
OR accstatus like 'Closed'
OR accstatus like 'Frozen'
order by accopenlocation ASC

Marks given: 5.6 of maximum 16

Answer compiles without errors: 2.4 / 2.4
Answer has at least SELECT and FROM: 1.6 / 1.6
Answer has appropriate number of GROUP BY keywords: 0 / 1.6
Answer has appropriate number of ORDER BY keywords: 1.6 / 1.6
Answer has same column count as desired result query: 0 / 1.6
Answer has same result set content as desired query: 0 / 7.2

3: SELECT AccNumber, Acctype
 FROM account 
 WHERE AccBalance >
                (SELECT AVG(AccBalance)
                 FROM account 
                 WHERE accStatus Like 'Active'
                 or accstatus like 'Closed')
                 ORDER BY AccNumber asc

Marks given: 8.1 of maximum 18

Answer compiles without errors: 2.7 / 2.7
Answer has at least SELECT and FROM: 1.8 / 1.8
Answer has appropriate number of AVG keyword: 1.8 / 1.8
Answer has appropriate number of tables used: 1.8 / 1.8
Answer has same column count as desired result query: 0 / 1.8
Answer has same result set content as desired query: 0 / 8.1

4: 

Marks given: 0 of maximum 18

Answer compiles without errors: 0 / 2.7
Answer has at least SELECT and FROM: 0 / 1.8
Answer has appropriate number of AVG keyword: 0 / 1.8
Answer has appropriate number of GROUP BY keywords: 0 / 1.8
Answer has appropriate number of ORDER BY keywords: 0 / 1.8
Answer has appropriate number of DESC keyword: 0 / 0.9
Answer has appropriate number of tables used: 0 / 1.8
Answer has same result set content as desired query: 0 / 5.4

5: SELECT CUSTID, FNAME, LNAME, transamount, transtype
from Customer c
JOIN account a 
on C.CUSTID = A.CUSTOMER
JOIN transaction t
on a.accnumber = t.accnumber
where t.transtype like 'w'
and acctype Like 'savings'
ORDER BY c.custid asc

Marks given: 6.4 of maximum 16

Answer compiles without errors: 1.6 / 1.6
Answer has at least SELECT and FROM: 1.6 / 1.6
Answer has appropriate number of MAX keyword: 0 / 1.6
Answer has appropriate number of GROUP BY keywords: 0 / 1.6
Answer has appropriate number of ORDER BY keywords: 1.6 / 1.6
Answer has appropriate number of tables used: 1.6 / 1.6
Answer has same column count as desired result query: 0 / 0.8
Answer has same result set content as desired query: 0 / 5.6

6: SELECT CUSTID, FNAME, LNAME
from Customer c
JOIN account a 
on C.CUSTID = A.CUSTOMER
where a.accstatus LIKE 'frozen'
or a.accstatus LIKE 'closed'
or a.accstatus IS NULL

Marks given: 11.05 of maximum 17

Answer compiles without errors: 1.7 / 1.7
Answer has at least SELECT and FROM: 2.55 / 2.55
Answer has appropriate number of WHERE keyword: 2.55 / 2.55
Answer has appropriate number of tables used: 2.55 / 2.55
Answer has same column count as desired result query: 1.7 / 1.7
Answer has same result set content as desired query: 0 / 5.95

7: 

Marks given: 0 of maximum 5

Answer compiles without errors: 0 / 0.5
Answer has at least SELECT and FROM: 0 / 0.5
Answer has appropriate number of OUTER/LEFT/RIGHT/BOTH keywords: 0 / 0.5
Answer has appropriate number of GROUP BY keywords: 0 / 0.5
Answer has appropriate number of tables used: 0 / 0.5
Answer has appropriate number of COUNT keyword: 0 / 0.5
Answer has appropriate number of DISTINCT keyword: 0 / 0.5
Answer has same result set content as desired query: 0 / 1.5

