Assignment  : CS 260, Spring 2019, Lab Test
Student Name: Marcelo Telleria
Answer File : telleriamarcelo_40828_3895895_TELLERMA5583-1.sql
Total Points: 70.15

Your answers, evaluation and points follow.

1: SELECT CUSTID, FNAME, LNAME, ACCCLOSEDDATE
FROM CUSTOMER C
JOIN ACCOUNT A 
ON(C.CUSTID = A.CUSTOMER)
WHERE A.ACCOPENLOCATION = 'Central' AND A.ACCCLOSEDDATE >= '01-JAN-2018'

Marks given: 15 of maximum 15

Answer compiles without errors: 1.5 / 1.5
Answer has at least SELECT and FROM: 2.25 / 2.25
Answer has same row count as desired query: 1.5 / 1.5
Answer has same column count as desired result query: 1.5 / 1.5
Answer has appropriate number of tables used: 1.5 / 1.5
Answer has appropriate number of WHERE keyword: 1.5 / 1.5
Answer has same result set content as desired query: 5.25 / 5.25

2: SELECT ACCOPENLOCATION, COUNT(ACCSTATUS)
FROM ACCOUNT A
GROUP BY A.ACCOPENLOCATION

Marks given: 5.6 of maximum 16

Answer compiles without errors: 2.4 / 2.4
Answer has at least SELECT and FROM: 1.6 / 1.6
Answer has appropriate number of GROUP BY keywords: 1.6 / 1.6
Answer has appropriate number of ORDER BY keywords: 0 / 1.6
Answer has same column count as desired result query: 0 / 1.6
Answer has same result set content as desired query: 0 / 7.2

3: SELECT ACCNUMBER
FROM ACCOUNT A1
WHERE A1.ACCBALANCE >
    (SELECT AVG(A2.ACCBALANCE)
     FROM ACCOUNT A2
     WHERE A1.ACCTYPE = A2.ACCTYPE)
     ORDER BY ACCNUMBER

Marks given: 18 of maximum 18

Answer compiles without errors: 2.7 / 2.7
Answer has at least SELECT and FROM: 1.8 / 1.8
Answer has appropriate number of AVG keyword: 1.8 / 1.8
Answer has appropriate number of tables used: 1.8 / 1.8
Answer has same column count as desired result query: 1.8 / 1.8
Answer has same result set content as desired query: 8.1 / 8.1

4: SELECT CAST(AVG(TRANSAMOUNT) AS NUMBER(*,2))
FROM TRANSACTION T1
WHERE T1.TRANSAMOUNT <
     (SELECT AVG(T2.TRANSAMOUNT)
      FROM TRANSACTION T2)
      ORDER BY AVG(TRANSAMOUNT) DESC

Marks given: 10.8 of maximum 18

Answer compiles without errors: 2.7 / 2.7
Answer has at least SELECT and FROM: 1.8 / 1.8
Answer has appropriate number of AVG keyword: 1.8 / 1.8
Answer has appropriate number of GROUP BY keywords: 0 / 1.8
Answer has appropriate number of ORDER BY keywords: 1.8 / 1.8
Answer has appropriate number of DESC keyword: 0.9 / 0.9
Answer has appropriate number of tables used: 1.8 / 1.8
Answer has same result set content as desired query: 0 / 5.4

5: SELECT C.CUSTID, C.FNAME, C.LNAME, TRANSAMOUNT
FROM CUSTOMER C
JOIN ACCOUNT A 
ON(C.CUSTID = A.CUSTOMER)
JOIN TRANSACTION T
ON(A.ACCNUMBER = T.ACCNUMBER)
WHERE T.TRANSTYPE = 'w' AND A.ACCTYPE = 'savings'
ORDER BY CUSTID

Marks given: 7.2 of maximum 16

Answer compiles without errors: 1.6 / 1.6
Answer has at least SELECT and FROM: 1.6 / 1.6
Answer has appropriate number of MAX keyword: 0 / 1.6
Answer has appropriate number of GROUP BY keywords: 0 / 1.6
Answer has appropriate number of ORDER BY keywords: 1.6 / 1.6
Answer has appropriate number of tables used: 1.6 / 1.6
Answer has same column count as desired result query: 0.8 / 0.8
Answer has same result set content as desired query: 0 / 5.6

6: SELECT DISTINCT CUSTID, FNAME, LNAME
FROM CUSTOMER C 
LEFT OUTER JOIN ACCOUNT A ON (C.CUSTID = A.CUSTOMER)
WHERE A.ACCTYPE != 'Active'

Marks given: 11.05 of maximum 17

Answer compiles without errors: 1.7 / 1.7
Answer has at least SELECT and FROM: 2.55 / 2.55
Answer has appropriate number of WHERE keyword: 2.55 / 2.55
Answer has appropriate number of tables used: 2.55 / 2.55
Answer has same column count as desired result query: 1.7 / 1.7
Answer has same result set content as desired query: 0 / 5.95

7: SELECT TRANSLOCATION, A.ACCNUMBER
FROM ACCOUNT A
LEFT OUTER JOIN TRANSACTION T ON (A.ACCNUMBER = T.ACCNUMBER)

Marks given: 2.5 of maximum 5

Answer compiles without errors: 0.5 / 0.5
Answer has at least SELECT and FROM: 0.5 / 0.5
Answer has appropriate number of OUTER/LEFT/RIGHT/BOTH keywords: 0.5 / 0.5
Answer has appropriate number of GROUP BY keywords: 0 / 0.5
Answer has appropriate number of tables used: 0.5 / 0.5
Answer has appropriate number of COUNT keyword: 0.5 / 0.5
Answer has appropriate number of DISTINCT keyword: 0 / 0.5
Answer has same result set content as desired query: 0 / 1.5

