Assignment  : CS 260, Spring 2019, Lab Test
Student Name: Terry Tumennasan 
Answer File : tumennasanturtogtog_143860_3895711_TUMENNAT4558-1.sql
Total Points: 73.75

Your answers, evaluation and points follow.

1: SELECT C.CUSTID, C.FNAME, C.LNAME, A.ACCCLOSEDDATE
FROM CUSTOMER C
JOIN ACCOUNT A
ON(C.CUSTID = A.CUSTOMER)
WHERE A.ACCCLOSEDDATE >= '01-JAN-2018'
AND A.ACCOPENLOCATION = 'Central'

Marks given: 15 of maximum 15

Answer compiles without errors: 1.5 / 1.5
Answer has at least SELECT and FROM: 2.25 / 2.25
Answer has same row count as desired query: 1.5 / 1.5
Answer has same column count as desired result query: 1.5 / 1.5
Answer has appropriate number of tables used: 1.5 / 1.5
Answer has appropriate number of WHERE keyword: 1.5 / 1.5
Answer has same result set content as desired query: 5.25 / 5.25

2: SELECT A.ACCOPENLOCATION, A.ACCSTATUS, COUNT(A.ACCSTATUS)
FROM ACCOUNT A
GROUP BY A.ACCSTATUS, A.ACCOPENLOCATION
ORDER BY A.ACCOPENLOCATION ASC, A.ACCSTATUS

Marks given: 16 of maximum 16

Answer compiles without errors: 2.4 / 2.4
Answer has at least SELECT and FROM: 1.6 / 1.6
Answer has appropriate number of GROUP BY keywords: 1.6 / 1.6
Answer has appropriate number of ORDER BY keywords: 1.6 / 1.6
Answer has same column count as desired result query: 1.6 / 1.6
Answer has same result set content as desired query: 7.2 / 7.2

3: SELECT A.ACCNUMBER, A.ACCTYPE
FROM ACCOUNT A
WHERE A.ACCBALANCE >     
     (SELECT AVG(A1.ACCBALANCE)
      FROM ACCOUNT A1
      GROUP BY A.ACCTYPE)
ORDER BY A.ACCNUMBER

Marks given: 8.1 of maximum 18

Answer compiles without errors: 2.7 / 2.7
Answer has at least SELECT and FROM: 1.8 / 1.8
Answer has appropriate number of AVG keyword: 1.8 / 1.8
Answer has appropriate number of tables used: 1.8 / 1.8
Answer has same column count as desired result query: 0 / 1.8
Answer has same result set content as desired query: 0 / 8.1

4: SELECT T.TRANSLOCATION, CAST(AVG(T.TRANSAMOUNT) AS NUMBER(*,2)) AS "AVERAGE TRANSACTION"
FROM TRANSACTION T
WHERE T.TRANSAMOUNT <
      (SELECT AVG(T1.TRANSAMOUNT)
       FROM TRANSACTION T1)
GROUP BY T.TRANSLOCATION

Marks given: 8.1 of maximum 18

Answer compiles without errors: 2.7 / 2.7
Answer has at least SELECT and FROM: 1.8 / 1.8
Answer has appropriate number of AVG keyword: 0 / 1.8
Answer has appropriate number of GROUP BY keywords: 1.8 / 1.8
Answer has appropriate number of ORDER BY keywords: 0 / 1.8
Answer has appropriate number of DESC keyword: 0 / 0.9
Answer has appropriate number of tables used: 1.8 / 1.8
Answer has same result set content as desired query: 0 / 5.4

5: SELECT C.CUSTID, C.FNAME, C.LNAME, MAX(T.TRANSAMOUNT)
FROM CUSTOMER C
JOIN ACCOUNT A
ON(C.CUSTID = A.CUSTOMER)
JOIN TRANSACTION T
ON(A.ACCNUMBER = T.ACCNUMBER)
WHERE A.ACCTYPE = 'savings'
AND T.TRANSTYPE = 'w'
GROUP BY C.CUSTID, C.FNAME, C.LNAME

Marks given: 14.4 of maximum 16

Answer compiles without errors: 1.6 / 1.6
Answer has at least SELECT and FROM: 1.6 / 1.6
Answer has appropriate number of MAX keyword: 1.6 / 1.6
Answer has appropriate number of GROUP BY keywords: 1.6 / 1.6
Answer has appropriate number of ORDER BY keywords: 0 / 1.6
Answer has appropriate number of tables used: 1.6 / 1.6
Answer has same column count as desired result query: 0.8 / 0.8
Answer has same result set content as desired query: 5.6 / 5.6

6: SELECT C.CUSTID, C.FNAME, C.LNAME, A.ACCTYPE, A.ACCSTATUS
FROM CUSTOMER C 
LEFT OUTER JOIN ACCOUNT A
ON(C.CUSTID = A.CUSTOMER)
WHERE A.ACCSTATUS != 'Active'
OR A.CUSTOMER IS NULL
   UNION
SELECT C.CUSTID,A.CUSTOMER, A.ACCNUMBER, C.FNAME
FROM CUSTOMER C
FULL OUTER JOIN ACCOUNT A
ON(C.CUSTID = A.CUSTOMER)

Marks given: 7.65 of maximum 17

Answer compiles without errors: 0 / 1.7
Answer has at least SELECT and FROM: 2.55 / 2.55
Answer has appropriate number of WHERE keyword: 2.55 / 2.55
Answer has appropriate number of tables used: 2.55 / 2.55
Answer has same column count as desired result query: 0 / 1.7
Answer has same result set content as desired query: 0 / 5.95

7: SELECT T.TRANSLOCATION, COUNT(A.ACCOPENLOCATION) AS "ACCOUNTS OPENED AT LOCATION"
FROM TRANSACTION T
FULL OUTER JOIN ACCOUNT A
ON (T.TRANSLOCATION = A.ACCOPENLOCATION)
GROUP BY T.TRANSLOCATION

Marks given: 4.5 of maximum 5

Answer compiles without errors: 0.5 / 0.5
Answer has at least SELECT and FROM: 0.5 / 0.5
Answer has appropriate number of OUTER/LEFT/RIGHT/BOTH keywords: 0.5 / 0.5
Answer has appropriate number of GROUP BY keywords: 0.5 / 0.5
Answer has appropriate number of tables used: 0.5 / 0.5
Answer has appropriate number of COUNT keyword: 0.5 / 0.5
Answer has appropriate number of DISTINCT keyword: 0 / 0.5
Answer has same result set content as desired query: 1.5 / 1.5

