Assignment  : CS 260, Spring 2019, Lab Test
Student Name: Chenyang Xu
Answer File : xuchenyang_177267_3896079_XUC7114-1.sql
Total Points: 57.65

Your answers, evaluation and points follow.

1: SELECT C.CUSTID,C.FNAME,C.LNAME,A.ACCCLOSEDDATE FROM ACCOUNT A
JOIN CUSTOMER C
ON(A.CUSTOMER=C.CUSTID)
WHERE(A.ACCOPENLOCATION='Central' AND A.ACCCLOSEDDATE>='1-JAN-18')

Marks given: 15 of maximum 15

Answer compiles without errors: 1.5 / 1.5
Answer has at least SELECT and FROM: 2.25 / 2.25
Answer has same row count as desired query: 1.5 / 1.5
Answer has same column count as desired result query: 1.5 / 1.5
Answer has appropriate number of tables used: 1.5 / 1.5
Answer has appropriate number of WHERE keyword: 1.5 / 1.5
Answer has same result set content as desired query: 5.25 / 5.25

2: SELECT A.ACCOPENLOCATION,A.ACCSTATUS FROM ACCOUNT A
WHERE(A.ACCSTATUS='Active' OR A.ACCSTATUS='Closed' OR A.ACCSTATUS='Frozen') 
ORDER BY A.ACCOPENLOCATION

Marks given: 5.6 of maximum 16

Answer compiles without errors: 2.4 / 2.4
Answer has at least SELECT and FROM: 1.6 / 1.6
Answer has appropriate number of GROUP BY keywords: 0 / 1.6
Answer has appropriate number of ORDER BY keywords: 1.6 / 1.6
Answer has same column count as desired result query: 0 / 1.6
Answer has same result set content as desired query: 0 / 7.2

3: SELECT A.ACCNUMBER,A.ACCBALANCE,A.ACCTYPE FROM ACCOUNT A
WHERE(A.ACCBALANCE>(SELECT DISTINCT AVG(A.ACCBALANCE) FROM ACCOUNT A
                    ))
                    
ORDER BY A.ACCNUMBER

Marks given: 8.1 of maximum 18

Answer compiles without errors: 2.7 / 2.7
Answer has at least SELECT and FROM: 1.8 / 1.8
Answer has appropriate number of AVG keyword: 1.8 / 1.8
Answer has appropriate number of tables used: 1.8 / 1.8
Answer has same column count as desired result query: 0 / 1.8
Answer has same result set content as desired query: 0 / 8.1

4: SELECT T.TRANSLOCATION,CAST(AVG(T.ACCNUMBER) AS NUMBER (*,2)) FROM TRANSACTION T
GROUP BY T.TRANSLOCATION
HAVING AVG(T.TRANSAMOUNT)<(SELECT AVG(T.TRANSAMOUNT) FROM TRANSACTION T1)
ORDER BY AVG(T.ACCNUMBER) DESC

Marks given: 9.9 of maximum 18

Answer compiles without errors: 0 / 2.7
Answer has at least SELECT and FROM: 1.8 / 1.8
Answer has appropriate number of AVG keyword: 1.8 / 1.8
Answer has appropriate number of GROUP BY keywords: 1.8 / 1.8
Answer has appropriate number of ORDER BY keywords: 1.8 / 1.8
Answer has appropriate number of DESC keyword: 0.9 / 0.9
Answer has appropriate number of tables used: 1.8 / 1.8
Answer has same result set content as desired query: 0 / 5.4

5: SELECT C.CUSTID,C.FNAME,C.LNAME,T.TRANSTYPE,MAX(T.TRANSAMOUNT) FROM CUSTOMER C
JOIN ACCOUNT A
ON(C.CUSTID=A.CUSTOMER)
JOIN TRANSATION T
ON(A.ACCNUMBER=T.ACCNUMBER)
WHERE(T.TRANSTYPE='w' AND A.ACCTYPE='savings' AND A.ACCSTATUS='Active')
GROUP BY C.CUSTID,C.FNAME,C.LNAME
ORDER BY C.CUSTID

Marks given: 8 of maximum 16

Answer compiles without errors: 0 / 1.6
Answer has at least SELECT and FROM: 1.6 / 1.6
Answer has appropriate number of MAX keyword: 1.6 / 1.6
Answer has appropriate number of GROUP BY keywords: 1.6 / 1.6
Answer has appropriate number of ORDER BY keywords: 1.6 / 1.6
Answer has appropriate number of tables used: 1.6 / 1.6
Answer has same column count as desired result query: 0 / 0.8
Answer has same result set content as desired query: 0 / 5.6

6: SELECT C.CUSTID,C.FNAME,C.LNAME FROM CUSTOMER C
LEFT OUTER JOIN ACCOUNT A
ON(C.CUSTID=A.CUSTOMER)
WHERE(A.ACCSTATUS='Closed' OR A.ACCSTATUS='Frozen' OR A.ACCSTATUS IS NULL)

Marks given: 11.05 of maximum 17

Answer compiles without errors: 1.7 / 1.7
Answer has at least SELECT and FROM: 2.55 / 2.55
Answer has appropriate number of WHERE keyword: 2.55 / 2.55
Answer has appropriate number of tables used: 2.55 / 2.55
Answer has same column count as desired result query: 1.7 / 1.7
Answer has same result set content as desired query: 0 / 5.95

7: 

Marks given: 0 of maximum 5

Answer compiles without errors: 0 / 0.5
Answer has at least SELECT and FROM: 0 / 0.5
Answer has appropriate number of OUTER/LEFT/RIGHT/BOTH keywords: 0 / 0.5
Answer has appropriate number of GROUP BY keywords: 0 / 0.5
Answer has appropriate number of tables used: 0 / 0.5
Answer has appropriate number of COUNT keyword: 0 / 0.5
Answer has appropriate number of DISTINCT keyword: 0 / 0.5
Answer has same result set content as desired query: 0 / 1.5

