Assignment  : CS 260, Spring 2019, Lab Test
Student Name: Song Xu
Answer File : xusong_176137_3896077_XUS9157-2.sql
Total Points: 76.6

Your answers, evaluation and points follow.

1: SELECT C.CUSTID,C.FNAME,C.LNAME,A.ACCCLOSEDDATE
FROM CUSTOMER C
JOIN ACCOUNT A
ON(C.CUSTID=A.CUSTOMER)
WHERE A.AccOpenLocation='Central' AND A.AccClosedDate >'01-JAN-2018'

Marks given: 15 of maximum 15

Answer compiles without errors: 1.5 / 1.5
Answer has at least SELECT and FROM: 2.25 / 2.25
Answer has same row count as desired query: 1.5 / 1.5
Answer has same column count as desired result query: 1.5 / 1.5
Answer has appropriate number of tables used: 1.5 / 1.5
Answer has appropriate number of WHERE keyword: 1.5 / 1.5
Answer has same result set content as desired query: 5.25 / 5.25

2: SELECT A.AccOpenLocation,A.AccStatus,COUNT(AccStatus)
FROM ACCOUNT A
GROUP BY A.AccOpenLocation,A.AccStatus

Marks given: 14.4 of maximum 16

Answer compiles without errors: 2.4 / 2.4
Answer has at least SELECT and FROM: 1.6 / 1.6
Answer has appropriate number of GROUP BY keywords: 1.6 / 1.6
Answer has appropriate number of ORDER BY keywords: 0 / 1.6
Answer has same column count as desired result query: 1.6 / 1.6
Answer has same result set content as desired query: 7.2 / 7.2

3: SELECT  A.ACCNUMBER
FROM ACCOUNT A
WHERE A.ACCBALANCE>(SELECT AVG(ACCBALANCE) FROM ACCOUNT) AND (SELECT COUNT(*)FROM ACCOUNT WHERE A.ACCTYPE=ACCTYPE)>1

Marks given: 8.1 of maximum 18

Answer compiles without errors: 2.7 / 2.7
Answer has at least SELECT and FROM: 1.8 / 1.8
Answer has appropriate number of AVG keyword: 1.8 / 1.8
Answer has appropriate number of tables used: 0 / 1.8
Answer has same column count as desired result query: 1.8 / 1.8
Answer has same result set content as desired query: 0 / 8.1

4: SELECT T.TRANSLOCATION,CAST(AVG(TRANSAMOUNT) AS NUMBER(*,2)) 
FROM TRANSACTION T
WHERE T.TRANSAMOUNT<(SELECT AVG(TRANSAMOUNT) FROM TRANSACTION)
GROUP BY T.TRANSLOCATION
ORDER BY AVG(TRANSAMOUNT)DESC

Marks given: 11.7 of maximum 18

Answer compiles without errors: 2.7 / 2.7
Answer has at least SELECT and FROM: 1.8 / 1.8
Answer has appropriate number of AVG keyword: 1.8 / 1.8
Answer has appropriate number of GROUP BY keywords: 1.8 / 1.8
Answer has appropriate number of ORDER BY keywords: 1.8 / 1.8
Answer has appropriate number of DESC keyword: 0 / 0.9
Answer has appropriate number of tables used: 1.8 / 1.8
Answer has same result set content as desired query: 0 / 5.4

5: SELECT C.CUSTID,C.FNAME,C.LNAME,(SELECT MAX(TRANSAMOUNT)+T.TRANSAMOUNT FROM TRANSACTION GROUP BY C.CUSTID)AS TRANSACTION
FROM CUSTOMER C
JOIN ACCOUNT A
ON(C.CUSTID=A.CUSTOMER)
JOIN TRANSACTION T
ON(T.ACCNUMBER=A.ACCNUMBER)
ORDER BY C.CUSTID

Marks given: 10.4 of maximum 16

Answer compiles without errors: 1.6 / 1.6
Answer has at least SELECT and FROM: 1.6 / 1.6
Answer has appropriate number of MAX keyword: 1.6 / 1.6
Answer has appropriate number of GROUP BY keywords: 1.6 / 1.6
Answer has appropriate number of ORDER BY keywords: 1.6 / 1.6
Answer has appropriate number of tables used: 1.6 / 1.6
Answer has same column count as desired result query: 0.8 / 0.8
Answer has same result set content as desired query: 0 / 5.6

6: SELECT C.CUSTID,C.FNAME,C.LNAME
FROM CUSTOMER C
JOIN ACCOUNT A
ON(C.CUSTID=A.CUSTOMER)
JOIN TRANSACTION T
ON(T.ACCNUMBER=A.ACCNUMBER)
WHERE A.ACCSTATUS!='Active'
GROUP BY C.CUSTID,C.FNAME,C.LNAME

Marks given: 17 of maximum 17

Answer compiles without errors: 1.7 / 1.7
Answer has at least SELECT and FROM: 2.55 / 2.55
Answer has appropriate number of WHERE keyword: 2.55 / 2.55
Answer has appropriate number of tables used: 2.55 / 2.55
Answer has same column count as desired result query: 1.7 / 1.7
Answer has same result set content as desired query: 5.95 / 5.95

7: 

Marks given: 0 of maximum 5

Answer compiles without errors: 0 / 0.5
Answer has at least SELECT and FROM: 0 / 0.5
Answer has appropriate number of OUTER/LEFT/RIGHT/BOTH keywords: 0 / 0.5
Answer has appropriate number of GROUP BY keywords: 0 / 0.5
Answer has appropriate number of tables used: 0 / 0.5
Answer has appropriate number of COUNT keyword: 0 / 0.5
Answer has appropriate number of DISTINCT keyword: 0 / 0.5
Answer has same result set content as desired query: 0 / 1.5

