Assignment  : CS 260, Spring 2019, Lab Test
Student Name: Jingyang Zhang (Victor)
Answer File : zhangjingyang_174450_3896082_ZHANGJ7841.sql
Total Points: 77.55

Your answers, evaluation and points follow.

1: SELECT CUSTID, FNAME, LNAME, ACCCLOSEDDATE
FROM ACCOUNT
JOIN CUSTOMER
ON (ACCOUNT.CUSTOMER = CUSTOMER.CUSTID)
JOIN TRANSACTION
ON (ACCOUNT.ACCNUMBER = TRANSACTION.ACCNUMBER)
WHERE TRANSLOCATION = 'Central' AND ACCCLOSEDDATE > TO_DATE('01-01-2018','DD-MM-YYYY')

Marks given: 7.5 of maximum 15

Answer compiles without errors: 1.5 / 1.5
Answer has at least SELECT and FROM: 2.25 / 2.25
Answer has same row count as desired query: 0.75 / 1.5
Answer has same column count as desired result query: 1.5 / 1.5
Answer has appropriate number of tables used: 0 / 1.5
Answer has appropriate number of WHERE keyword: 1.5 / 1.5
Answer has same result set content as desired query: 0 / 5.25

2: SELECT ACCOPENLOCATION, ACCSTATUS, COUNT (*) AS NUMBERS
FROM ACCOUNT
GROUP BY ACCOPENLOCATION,ACCSTATUS
ORDER BY ACCOPENLOCATION,ACCSTATUS

Marks given: 16 of maximum 16

Answer compiles without errors: 2.4 / 2.4
Answer has at least SELECT and FROM: 1.6 / 1.6
Answer has appropriate number of GROUP BY keywords: 1.6 / 1.6
Answer has appropriate number of ORDER BY keywords: 1.6 / 1.6
Answer has same column count as desired result query: 1.6 / 1.6
Answer has same result set content as desired query: 7.2 / 7.2

3: SELECT ACCNUMBER
FROM ACCOUNT A1
WHERE A1.ACCBALANCE >
    ( SELECT AVG(A2.ACCBALANCE)
      FROM ACCOUNT A2
      WHERE A1.ACCTYPE = A2.ACCTYPE 
    )
ORDER BY A1.ACCNUMBER

Marks given: 18 of maximum 18

Answer compiles without errors: 2.7 / 2.7
Answer has at least SELECT and FROM: 1.8 / 1.8
Answer has appropriate number of AVG keyword: 1.8 / 1.8
Answer has appropriate number of tables used: 1.8 / 1.8
Answer has same column count as desired result query: 1.8 / 1.8
Answer has same result set content as desired query: 8.1 / 8.1

4: SELECT TRANSLOCATION, AVG(T1.TRANSAMOUNT)
FROM TRANSACTION T
WHERE AVG(T.TRANSAMOUNT) > 
    (
      SELECT AVG(T1.TRANSAMOUNT)
      FROM TRANSACTION T1
      GROUP BY T1.TRANSLOCATION
    )

ORDER BY T.TRANSAMOUNT

Marks given: 9 of maximum 18

Answer compiles without errors: 0 / 2.7
Answer has at least SELECT and FROM: 1.8 / 1.8
Answer has appropriate number of AVG keyword: 1.8 / 1.8
Answer has appropriate number of GROUP BY keywords: 1.8 / 1.8
Answer has appropriate number of ORDER BY keywords: 1.8 / 1.8
Answer has appropriate number of DESC keyword: 0 / 0.9
Answer has appropriate number of tables used: 1.8 / 1.8
Answer has same result set content as desired query: 0 / 5.4

5: SELECT CUSTID, FNAME, LNAME, MAX(TRANSAMOUNT)
FROM ACCOUNT
JOIN CUSTOMER
ON (ACCOUNT.CUSTOMER = CUSTOMER.CUSTID)
JOIN TRANSACTION
ON (ACCOUNT.ACCNUMBER = TRANSACTION.ACCNUMBER)
WHERE TRANSTYPE = 'w' AND ACCTYPE = 'savings'
GROUP BY CUSTID, FNAME, LNAME
ORDER BY CUSTID

Marks given: 16 of maximum 16

Answer compiles without errors: 1.6 / 1.6
Answer has at least SELECT and FROM: 1.6 / 1.6
Answer has appropriate number of MAX keyword: 1.6 / 1.6
Answer has appropriate number of GROUP BY keywords: 1.6 / 1.6
Answer has appropriate number of ORDER BY keywords: 1.6 / 1.6
Answer has appropriate number of tables used: 1.6 / 1.6
Answer has same column count as desired result query: 0.8 / 0.8
Answer has same result set content as desired query: 5.6 / 5.6

6: SELECT CUSTID, FNAME, LNAME
FROM ACCOUNT 
RIGHT OUTER JOIN CUSTOMER
ON (ACCOUNT.CUSTOMER = CUSTOMER.CUSTID)
WHERE ACCSTATUS = 'Closed' OR ACCSTATUS = 'Frozen'

Marks given: 11.05 of maximum 17

Answer compiles without errors: 1.7 / 1.7
Answer has at least SELECT and FROM: 2.55 / 2.55
Answer has appropriate number of WHERE keyword: 2.55 / 2.55
Answer has appropriate number of tables used: 2.55 / 2.55
Answer has same column count as desired result query: 1.7 / 1.7
Answer has same result set content as desired query: 0 / 5.95

7: 

Marks given: 0 of maximum 5

Answer compiles without errors: 0 / 0.5
Answer has at least SELECT and FROM: 0 / 0.5
Answer has appropriate number of OUTER/LEFT/RIGHT/BOTH keywords: 0 / 0.5
Answer has appropriate number of GROUP BY keywords: 0 / 0.5
Answer has appropriate number of tables used: 0 / 0.5
Answer has appropriate number of COUNT keyword: 0 / 0.5
Answer has appropriate number of DISTINCT keyword: 0 / 0.5
Answer has same result set content as desired query: 0 / 1.5

